Namespace(append_hosts=True, append_states=True, command='test', dataset='./data/CPTC2018.csv', ignore_singles=True, model_type='nb', target='techniques', trial_prefix='trial07')
Read 261 data points from './data/CPTC2018.csv'.
Fitting 10 folds for each of 6048 candidates, totalling 60480 fits
Best Score for MultinomialNB:
    0.7051470588235295
Best Parameters for MultinomialNB:
    clf__alpha: 0.1
    clf__fit_prior: True
    tfidf__use_idf: True
    vect__analyzer: word
    vect__lowercase: False
    vect__ngram_range: (3, 3)
    vect__stop_words: english
    vect__strip_accents: None
                                                                    precision    recall  f1-score   support

                          Automated Collection, Credential Dumping       0.00      0.00      0.00         1
                                      Brute Force, Remote Services       0.67      0.57      0.62         7
                                       Brute Force, Valid Accounts       0.00      0.00      0.00         1
                      Brute Force, Valid Accounts, Remote Services       0.86      1.00      0.92        12
                                                    Create Account       0.00      0.00      0.00         2
                                               Drive-by Compromise       0.00      0.00      0.00         0
Execution for client exploitation, Exploitation of Remote Services       0.00      0.00      0.00         2
       Exploitation for Privilege Escalation, Account Manipulation       0.00      0.00      0.00         2
                                          Network Service Scanning       0.79      0.93      0.86        29
             Network Service Scanning, Security Software Discovery       0.00      0.00      0.00         1
                                           Network Share Discovery       1.00      1.00      1.00         1
                                                        Pre-Attack       0.73      0.85      0.79        13
                                           Remote Desktop Protocol       1.00      1.00      1.00         2
                                                   Remote Services       1.00      0.33      0.50         3
                                   Remote Services, Valid Accounts       0.00      0.00      0.00         1
                                   Valid Accounts, Remote Services       0.80      0.80      0.80         5

                                                          accuracy                           0.76        82
                                                         macro avg       0.43      0.41      0.41        82
                                                      weighted avg       0.70      0.76      0.72        82

