Namespace(append_hosts=True, append_states=True, command='test', dataset='./data/CPTC2018.csv', ignore_singles=True, model_type='lsvc', target='techniques', trial_prefix='trial06')
Read 261 data points from './data/CPTC2018.csv'.
Fitting 10 folds for each of 82944 candidates, totalling 829440 fits
Best Score for LinearSVC:
    0.8444852941176471
Best Parameters for LinearSVC:
    clf__dual: True
    clf__fit_intercept: True
    clf__loss: hinge
    clf__max_iter: 1000
    clf__multi_class: ovr
    clf__penalty: l2
    clf__tol: 0.1
    tfidf__use_idf: False
    vect__analyzer: word
    vect__lowercase: True
    vect__ngram_range: (2, 2)
    vect__stop_words: None
    vect__strip_accents: ascii
                                                                    precision    recall  f1-score   support

                                      Brute Force, Remote Services       0.75      0.75      0.75         8
                                       Brute Force, Valid Accounts       0.00      0.00      0.00         2
                      Brute Force, Valid Accounts, Remote Services       0.75      1.00      0.86         9
                                                    Create Account       0.00      0.00      0.00         3
Execution for client exploitation, Exploitation of Remote Services       0.00      0.00      0.00         2
       Exploitation for Privilege Escalation, Account Manipulation       1.00      1.00      1.00         2
                                   Exploitation of Remote Services       0.00      0.00      0.00         1
                                          Network Service Scanning       0.78      1.00      0.88        32
             Network Service Scanning, Security Software Discovery       0.00      0.00      0.00         3
                                                        Pre-Attack       0.64      0.88      0.74         8
                                                 Process Discovery       0.00      0.00      0.00         1
                                           Remote Desktop Protocol       1.00      1.00      1.00         1
                                                   Remote Services       0.00      0.00      0.00         2
                                   Remote Services, Create Account       0.00      0.00      0.00         1
                                   Remote Services, Valid Accounts       1.00      1.00      1.00         1
                                                    Valid Accounts       0.00      0.00      0.00         1
                                   Valid Accounts, Remote Services       0.67      0.80      0.73         5

                                                          accuracy                           0.76        82
                                                         macro avg       0.39      0.44      0.41        82
                                                      weighted avg       0.61      0.76      0.67        82

