Read 261 data points from '/home/bsm9339/mitre-attack-mapper/data/CPTC2018.csv'.
Fitting 10 folds for each of 41472 candidates, totalling 414720 fits
Best Score for LinearSVC:
    0.7875816993464052
Best Parameters for LinearSVC:
    clf__dual: True
    clf__fit_intercept: False
    clf__loss: hinge
    clf__max_iter: 5000
    clf__multi_class: crammer_singer
    clf__penalty: l2
    clf__tol: 0.1
    tfidf__use_idf: False
    vect__analyzer: word
    vect__lowercase: False
    vect__ngram_range: (1, 3)
    vect__stop_words: english
    vect__strip_accents: unicode
                                                                    precision    recall  f1-score   support

                          Automated Collection, Credential Dumping       1.00      1.00      1.00         1
                                      Brute Force, Remote Services       0.80      1.00      0.89         8
                      Brute Force, Valid Accounts, Remote Services       0.92      1.00      0.96        11
           Command Line Interface, Valid Accounts, Remote Services       0.00      0.00      0.00         1
                                               Drive-by Compromise       0.25      1.00      0.40         1
Execution for Client Exploitation, Exploitation of Remote Services       0.00      0.00      0.00         1
Execution for client exploitation, Exploitation of Remote Services       0.50      0.50      0.50         2
       Exploitation for Privilege Escalation, Account Manipulation       0.00      0.00      0.00         3
                                   Exploitation of Remote Services       1.00      1.00      1.00         1
                                          Network Service Scanning       0.89      0.91      0.90        35
                    Network Service Scanning, Credentials in Files       0.00      0.00      0.00         1
             Network Service Scanning, Security Software Discovery       0.00      0.00      0.00         0
                                                        Pre-Attack       0.82      1.00      0.90         9
                                                 Process Discovery       1.00      1.00      1.00         1
                                                   Remote Services       1.00      0.33      0.50         3
                                   Remote Services, Create Account       0.00      0.00      0.00         1
                                          System Service Discovery       0.00      0.00      0.00         1
                                                    Valid Accounts       0.00      0.00      0.00         2
                                   Valid Accounts, Remote Services       0.80      0.80      0.80         5

                                                          accuracy                           0.80        87
                                                         macro avg       0.47      0.50      0.47        87
                                                      weighted avg       0.76      0.80      0.77        87

