Read 261 data points from '/home/bsm9339/mitre-attack-mapper/data/CPTC2018.csv'.
Fitting 10 folds for each of 41472 candidates, totalling 414720 fits
Best Score for LinearSVC:
    0.8104575163398693
Best Parameters for LinearSVC:
    clf__dual: False
    clf__fit_intercept: True
    clf__loss: squared_hinge
    clf__max_iter: 5000
    clf__multi_class: ovr
    clf__penalty: l1
    clf__tol: 0.1
    tfidf__use_idf: False
    vect__analyzer: word
    vect__lowercase: True
    vect__ngram_range: (1, 2)
    vect__stop_words: english
    vect__strip_accents: ascii
                                                        precision    recall  f1-score   support

                                            Collection       0.00      0.00      0.00         2
                         Collection, Credential Access       0.00      0.00      0.00         0
                                     Credential Access       0.00      0.00      0.00         2
                   Credential Access, Lateral Movement       1.00      0.90      0.95        10
 Credential Access, Lateral Movement, Lateral Movement       0.67      1.00      0.80         6
Credential Access, Lateral Movement, Lateral Movement,       0.00      0.00      0.00         2
                                             Discovery       0.85      0.97      0.91        36
                          Discovery, Credential Access       0.00      0.00      0.00         1
                           Execution, Lateral Movement       1.00      0.50      0.67         4
         Execution, Lateral Movement, Lateral Movement       0.00      0.00      0.00         1
                                        Initial Access       0.00      0.00      0.00         2
                                      Lateral Movement       0.47      1.00      0.64         7
                    Lateral Movement, Lateral Movement       0.00      0.00      0.00         3
                                           Persistence       0.00      0.00      0.00         1
                                            Pre-Attack       0.90      1.00      0.95         9
                     Privilege Escalation, Persistence       0.00      0.00      0.00         1

                                              accuracy                           0.78        87
                                             macro avg       0.31      0.34      0.31        87
                                          weighted avg       0.69      0.78      0.72        87

