Read 261 data points from '/home/bsm9339/mitre-attack-mapper/data/CPTC2018.csv'.
Fitting 10 folds for each of 3024 candidates, totalling 30240 fits
Best Score for MultinomialNB:
    0.7186274509803922
Best Parameters for MultinomialNB:
    clf__alpha: 0.01
    clf__fit_prior: True
    tfidf__use_idf: False
    vect__analyzer: word
    vect__lowercase: False
    vect__ngram_range: (1, 3)
    vect__stop_words: english
    vect__strip_accents: None
                                                        precision    recall  f1-score   support

                                            Collection       0.00      0.00      0.00         1
                         Collection, Credential Access       0.00      0.00      0.00         1
                                     Credential Access       0.00      0.00      0.00         1
                     Credential Access, Initial Access       0.00      0.00      0.00         0
                   Credential Access, Lateral Movement       0.58      1.00      0.74         7
 Credential Access, Lateral Movement, Lateral Movement       0.75      0.86      0.80         7
Credential Access, Lateral Movement, Lateral Movement,       0.00      0.00      0.00         2
                                             Discovery       0.90      0.93      0.92        41
                                  Discovery, Discovery       0.00      0.00      0.00         0
                           Execution, Lateral Movement       1.00      1.00      1.00         3
                                        Initial Access       1.00      0.50      0.67         2
                                      Lateral Movement       0.33      0.29      0.31         7
                    Lateral Movement, Lateral Movement       0.00      0.00      0.00         1
                                            Pre-Attack       1.00      0.82      0.90        11
                                  Privilege Escalation       0.00      0.00      0.00         2
                     Privilege Escalation, Persistence       1.00      1.00      1.00         1

                                              accuracy                           0.77        87
                                             macro avg       0.41      0.40      0.40        87
                                          weighted avg       0.76      0.77      0.76        87

