Read 261 data points from '/home/bsm9339/mitre-attack-mapper/data/CPTC2018.csv'.
Fitting 10 folds for each of 3024 candidates, totalling 30240 fits
Best Score for MultinomialNB:
    0.7078431372549019
Best Parameters for MultinomialNB:
    clf__alpha: 0.01
    clf__fit_prior: True
    tfidf__use_idf: False
    vect__analyzer: word
    vect__lowercase: True
    vect__ngram_range: (1, 3)
    vect__stop_words: None
    vect__strip_accents: None
                                                                    precision    recall  f1-score   support

                          Automated Collection, Credential Dumping       1.00      1.00      1.00         1
                                      Brute Force, Remote Services       0.75      1.00      0.86         9
                                       Brute Force, Valid Accounts       0.00      0.00      0.00         2
                      Brute Force, Valid Accounts, Remote Services       0.90      1.00      0.95         9
                                                    Create Account       0.00      0.00      0.00         0
                                                Credential Dumping       0.00      0.00      0.00         1
                                               Drive-by Compromise       0.00      0.00      0.00         1
Execution for Client Exploitation, Exploitation of Remote Services       0.00      0.00      0.00         1
Execution for client exploitation, Exploitation of Remote Services       0.00      0.00      0.00         2
       Exploitation for Privilege Escalation, Account Manipulation       0.50      1.00      0.67         1
                                          Network Service Scanning       0.87      0.89      0.88        37
             Network Service Scanning, Security Software Discovery       0.00      0.00      0.00         3
                                                        Pre-Attack       0.56      0.71      0.63         7
                                                 Process Discovery       1.00      1.00      1.00         1
                                           Remote Desktop Protocol       1.00      0.33      0.50         3
                                                   Remote Services       0.00      0.00      0.00         2
                                   Remote Services, Create Account       0.00      0.00      0.00         0
                                                    Valid Accounts       0.00      0.00      0.00         1
                           Valid Accounts, Remote Desktop Protocol       0.00      0.00      0.00         1
                                   Valid Accounts, Remote Services       0.60      0.60      0.60         5

                                                          accuracy                           0.72        87
                                                         macro avg       0.36      0.38      0.35        87
                                                      weighted avg       0.68      0.72      0.69        87

