Read 261 data points from './data/CPTC2018.csv'.
Fitting 10 folds for each of 82944 candidates, totalling 829440 fits
Best Score for LinearSVC:
    0.776470588235294
Best Parameters for LinearSVC:
    clf__dual: False
    clf__fit_intercept: True
    clf__loss: squared_hinge
    clf__max_iter: 1000
    clf__multi_class: ovr
    clf__penalty: l1
    clf__tol: 0.1
    tfidf__use_idf: True
    vect__analyzer: word
    vect__lowercase: True
    vect__ngram_range: (2, 2)
    vect__stop_words: None
    vect__strip_accents: None
                                                                    precision    recall  f1-score   support

                          Automated Collection, Credential Dumping       0.00      0.00      0.00         1
                                                       Brute Force       0.00      0.00      0.00         0
                                      Brute Force, Remote Services       0.71      1.00      0.83         5
                      Brute Force, Valid Accounts, Remote Services       0.69      1.00      0.82         9
                                                    Create Account       0.00      0.00      0.00         1
                                               Drive-by Compromise       0.00      0.00      0.00         1
Execution for Client Exploitation, Exploitation of Remote Services       0.00      0.00      0.00         1
Execution for client exploitation, Exploitation of Remote Services       0.00      0.00      0.00         3
                             Exploitation for Privilege Escalation       0.00      0.00      0.00         1
       Exploitation for Privilege Escalation, Account Manipulation       0.00      0.00      0.00         0
                                   Exploitation of Remote Services       0.00      0.00      0.00         2
                                  File System Permissions Weakness       0.00      0.00      0.00         1
                                          Network Service Scanning       0.71      1.00      0.83        32
             Network Service Scanning, Security Software Discovery       1.00      0.33      0.50         3
                                                        Pre-Attack       0.65      0.92      0.76        12
                                                 Process Discovery       0.00      0.00      0.00         1
                                           Remote Desktop Protocol       0.00      0.00      0.00         2
                                                  Remote File Copy       0.00      0.00      0.00         1
                                   Remote Services, Valid Accounts       0.00      0.00      0.00         1
                                                    Valid Accounts       0.00      0.00      0.00         1
                                   Valid Accounts, Remote Services       1.00      0.22      0.36         9

                                                          accuracy                           0.69        87
                                                         macro avg       0.23      0.21      0.20        87
                                                      weighted avg       0.60      0.69      0.60        87

