Read 261 data points from './data/CPTC2018.csv'.
Fitting 10 folds for each of 6048 candidates, totalling 60480 fits
Best Score for MultinomialNB:
    0.7372549019607844
Best Parameters for MultinomialNB:
    clf__alpha: 0.01
    clf__fit_prior: True
    tfidf__use_idf: True
    vect__analyzer: word
    vect__lowercase: True
    vect__ngram_range: (1, 3)
    vect__stop_words: english
    vect__strip_accents: None
                                                                    precision    recall  f1-score   support

                                              Automated Collection       0.00      0.00      0.00         1
                          Automated Collection, Credential Dumping       0.00      0.00      0.00         0
                                      Brute Force, Remote Services       0.56      0.83      0.67         6
                                       Brute Force, Valid Accounts       0.00      0.00      0.00         2
                      Brute Force, Valid Accounts, Remote Services       0.78      1.00      0.88         7
           Command Line Interface, Valid Accounts, Remote Services       0.00      0.00      0.00         1
                                                    Create Account       0.00      0.00      0.00         1
                        Data From Local System, Credential Dumping       0.00      0.00      0.00         1
                                               Drive-by Compromise       0.00      0.00      0.00         2
Execution for Client Exploitation, Exploitation of Remote Services       0.00      0.00      0.00         2
Execution for client exploitation, Exploitation of Remote Services       0.50      0.50      0.50         2
       Exploitation for Privilege Escalation, Account Manipulation       0.50      1.00      0.67         2
                                   Exploitation of Remote Services       0.50      1.00      0.67         1
                                  File System Permissions Weakness       0.00      0.00      0.00         1
                                          Network Service Scanning       0.84      0.74      0.79        35
             Network Service Scanning, Security Software Discovery       0.00      0.00      0.00         1
                                           Network Share Discovery       0.00      0.00      0.00         0
                                                        Pre-Attack       0.71      0.91      0.80        11
                                                  Remote File Copy       0.00      0.00      0.00         0
                                                   Remote Services       0.67      1.00      0.80         2
                                   Remote Services, Create Account       0.00      0.00      0.00         1
                                          System Service Discovery       0.00      0.00      0.00         1
                                                    Valid Accounts       0.00      0.00      0.00         1
                                   Valid Accounts, Remote Services       1.00      0.67      0.80         6

                                                          accuracy                           0.67        87
                                                         macro avg       0.25      0.32      0.27        87
                                                      weighted avg       0.64      0.67      0.64        87

