Namespace(append_hosts=False, append_states=False, command='test', dataset='./data/CPTC2018.csv', ignore_singles=True, model_type='nb', target='techniques', trial_prefix='trial05')
Read 261 data points from './data/CPTC2018.csv'.
Fitting 10 folds for each of 6048 candidates, totalling 60480 fits
Best Score for MultinomialNB:
    0.7356617647058823
Best Parameters for MultinomialNB:
    clf__alpha: 0.05
    clf__fit_prior: True
    tfidf__use_idf: True
    vect__analyzer: word
    vect__lowercase: True
    vect__ngram_range: (1, 1)
    vect__stop_words: english
    vect__strip_accents: None
                                                                    precision    recall  f1-score   support

                          Automated Collection, Credential Dumping       0.00      0.00      0.00         1
                                      Brute Force, Remote Services       0.45      1.00      0.62         5
                      Brute Force, Valid Accounts, Remote Services       0.89      0.80      0.84        10
                                                    Create Account       0.00      0.00      0.00         2
                                               Drive-by Compromise       0.00      0.00      0.00         1
Execution for Client Exploitation, Exploitation of Remote Services       1.00      1.00      1.00         1
Execution for client exploitation, Exploitation of Remote Services       0.00      0.00      0.00         2
       Exploitation for Privilege Escalation, Account Manipulation       1.00      0.50      0.67         2
                                   Exploitation of Remote Services       0.00      0.00      0.00         1
                                          Network Service Scanning       0.82      0.90      0.86        31
             Network Service Scanning, Security Software Discovery       0.00      0.00      0.00         4
                                           Network Share Discovery       0.00      0.00      0.00         2
                                                        Pre-Attack       0.33      0.88      0.48         8
                                           Remote Desktop Protocol       1.00      1.00      1.00         1
                                                  Remote File Copy       0.00      0.00      0.00         2
                                                   Remote Services       1.00      1.00      1.00         1
                                   Remote Services, Create Account       0.00      0.00      0.00         2
                                   Remote Services, Valid Accounts       0.00      0.00      0.00         1
                                                    Valid Accounts       0.00      0.00      0.00         2
                                   Valid Accounts, Remote Services       0.67      0.67      0.67         3

                                                          accuracy                           0.66        82
                                                         macro avg       0.36      0.39      0.36        82
                                                      weighted avg       0.57      0.66      0.59        82

