Read 261 data points from '/home/bsm9339/mitre-attack-mapper/data/CPTC2018.csv'.
Fitting 10 folds for each of 41472 candidates, totalling 414720 fits
Best Score for LinearSVC:
    0.662091503267974
Best Parameters for LinearSVC:
    clf__dual: True
    clf__fit_intercept: True
    clf__loss: hinge
    clf__max_iter: 1000
    clf__multi_class: crammer_singer
    clf__penalty: l1
    clf__tol: 0.1
    tfidf__use_idf: True
    vect__analyzer: word
    vect__lowercase: True
    vect__ngram_range: (1, 1)
    vect__stop_words: None
    vect__strip_accents: None
                                                       precision    recall  f1-score   support

         Brute Force, Valid Accounts, Remote Services       0.00      0.00      0.00         1
                        Collection, Credential Access       0.50      0.50      0.50         2
                                    Credential Access       0.00      0.00      0.00         1
                    Credential Access, Initial Access       0.00      0.00      0.00         1
                  Credential Access, Lateral Movement       0.50      0.75      0.60         4
Credential Access, Lateral Movement, Lateral Movement       0.56      0.71      0.63         7
                                            Discovery       0.85      0.89      0.87        46
                                 Discovery, Discovery       0.00      0.00      0.00         1
                                            Execution       0.00      0.00      0.00         0
                          Execution, Lateral Movement       0.00      0.00      0.00         3
                                       Initial Access       1.00      1.00      1.00         1
                                     Lateral Movement       0.20      0.14      0.17         7
                   Lateral Movement, Lateral Movement       0.33      1.00      0.50         1
                        Lateral Movement, Persistence       0.00      0.00      0.00         1
                Lateral Movement, Privlege Escalation       0.00      0.00      0.00         1
                                          Persistence       0.00      0.00      0.00         2
                                           Pre-Attack       0.60      0.75      0.67         8

                                             accuracy                           0.68        87
                                            macro avg       0.27      0.34      0.29        87
                                         weighted avg       0.62      0.68      0.64        87

