Read 261 data points from '/home/bsm9339/mitre-attack-mapper/data/CPTC2018.csv'.
Fitting 10 folds for each of 3024 candidates, totalling 30240 fits
Best Score for MultinomialNB:
    0.6836601307189543
Best Parameters for MultinomialNB:
    clf__alpha: 0.05
    clf__fit_prior: True
    tfidf__use_idf: True
    vect__analyzer: word
    vect__lowercase: True
    vect__ngram_range: (1, 1)
    vect__stop_words: None
    vect__strip_accents: None
                                                                    precision    recall  f1-score   support

                          Automated Collection, Credential Dumping       0.00      0.00      0.00         1
                                      Brute Force, Remote Services       0.25      0.33      0.29         6
                                       Brute Force, Valid Accounts       0.00      0.00      0.00         1
                      Brute Force, Valid Accounts, Remote Services       0.64      0.78      0.70         9
                                               Drive-by Compromise       0.00      0.00      0.00         2
Execution for Client Exploitation, Exploitation of Remote Services       0.00      0.00      0.00         1
Execution for client exploitation, Exploitation of Remote Services       0.00      0.00      0.00         3
                             Exploitation for Privilege Escalation       0.00      0.00      0.00         1
       Exploitation for Privilege Escalation, Account Manipulation       0.50      1.00      0.67         1
                                   Exploitation of Remote Services       0.00      0.00      0.00         1
                                          Network Service Scanning       0.78      0.86      0.82        37
             Network Service Scanning, Security Software Discovery       0.00      0.00      0.00         2
                                                        Pre-Attack       0.47      0.82      0.60        11
                                                   Remote Services       0.00      0.00      0.00         1
                                   Remote Services, Create Account       0.00      0.00      0.00         1
                                   Remote Services, Valid Accounts       0.00      0.00      0.00         1
                                          System Service Discovery       0.00      0.00      0.00         1
                                                    Valid Accounts       0.00      0.00      0.00         2
                                   Valid Accounts, Remote Services       0.83      1.00      0.91         5

                                                          accuracy                           0.64        87
                                                         macro avg       0.18      0.25      0.21        87
                                                      weighted avg       0.53      0.64      0.58        87

