Read 261 data points from './data/CPTC2018.csv'.
Fitting 10 folds for each of 82944 candidates, totalling 829440 fits
Best Score for LinearSVC:
    0.6843137254901961
Best Parameters for LinearSVC:
    clf__dual: True
    clf__fit_intercept: True
    clf__loss: hinge
    clf__max_iter: 5000
    clf__multi_class: crammer_singer
    clf__penalty: l2
    clf__tol: 0.1
    tfidf__use_idf: False
    vect__analyzer: char_wb
    vect__lowercase: False
    vect__ngram_range: (2, 2)
    vect__stop_words: None
    vect__strip_accents: None
                                                                    precision    recall  f1-score   support

                          Automated Collection, Credential Dumping       0.50      1.00      0.67         1
                                      Brute Force, Remote Services       0.50      0.38      0.43         8
                                       Brute Force, Valid Accounts       0.00      0.00      0.00         1
                      Brute Force, Valid Accounts, Remote Services       0.50      0.80      0.62         5
                                                    Create Account       0.00      0.00      0.00         1
                                Data from Information Repositories       0.00      0.00      0.00         1
                                               Drive-by Compromise       0.00      0.00      0.00         2
Execution for Client Exploitation, Exploitation of Remote Services       0.00      0.00      0.00         1
       Exploitation for Privilege Escalation, Account Manipulation       0.33      1.00      0.50         1
                                   Exploitation of Remote Services       0.00      0.00      0.00         1
                                  File System Permissions Weakness       0.00      0.00      0.00         1
                                          Network Service Scanning       0.67      0.94      0.78        36
             Network Service Scanning, Security Software Discovery       0.00      0.00      0.00         1
                                           Network Share Discovery       0.00      0.00      0.00         2
                                                        Pre-Attack       0.64      0.54      0.58        13
                                           Remote Desktop Protocol       1.00      0.50      0.67         2
                                                   Remote Services       0.00      0.00      0.00         4
                                          System Service Discovery       0.00      0.00      0.00         1
                                                    Valid Accounts       0.00      0.00      0.00         2
                                   Valid Accounts, Remote Services       0.40      0.67      0.50         3

                                                          accuracy                           0.61        87
                                                         macro avg       0.23      0.29      0.24        87
                                                      weighted avg       0.49      0.61      0.53        87

