Read 261 data points from '/home/bsm9339/mitre-attack-mapper/data/CPTC2018.csv'.
Fitting 10 folds for each of 41472 candidates, totalling 414720 fits
Best Score for LinearSVC:
    0.811437908496732
Best Parameters for LinearSVC:
    clf__dual: True
    clf__fit_intercept: False
    clf__loss: hinge
    clf__max_iter: 5000
    clf__multi_class: crammer_singer
    clf__penalty: l1
    clf__tol: 0.1
    tfidf__use_idf: False
    vect__analyzer: word
    vect__lowercase: True
    vect__ngram_range: (1, 3)
    vect__stop_words: None
    vect__strip_accents: None
                                                                       precision    recall  f1-score   support

                                                 Automated Collection       0.00      0.00      0.00         1
                                                          Brute Force       0.00      0.00      0.00         1
                                         Brute Force, Remote Services       0.50      0.80      0.62         5
                                          Brute Force, Valid Accounts       0.00      0.00      0.00         2
                         Brute Force, Valid Accounts, Remote Services       0.75      1.00      0.86         9
              Command Line Interface, Valid Accounts, Remote Services       0.00      0.00      0.00         1
                                                       Create Account       0.00      0.00      0.00         1
                                                   Credential Dumping       0.00      0.00      0.00         1
                                                  Drive-by Compromise       0.00      0.00      0.00         2
   Execution for Client Exploitation, Exploitation of Remote Services       0.00      0.00      0.00         2
   Execution for client exploitation, Exploitation of Remote Services       0.00      0.00      0.00         2
          Exploitation for Privilege Escalation, Account Manipulation       0.33      1.00      0.50         1
                                      Exploitation of Remote Services       0.00      0.00      0.00         0
Exploitation of Remote Services, Exploitation for Privlege Escalation       0.00      0.00      0.00         1
                                             Network Service Scanning       0.75      0.94      0.83        32
                       Network Service Scanning, Credentials in Files       0.00      0.00      0.00         1
                Network Service Scanning, Security Software Discovery       0.00      0.00      0.00         2
                                              Network Share Discovery       1.00      1.00      1.00         1
                                                           Pre-Attack       1.00      1.00      1.00         8
                                                    Process Discovery       0.00      0.00      0.00         2
                                              Remote Desktop Protocol       1.00      1.00      1.00         1
                                                     Remote File Copy       0.00      0.00      0.00         1
                                                      Remote Services       0.67      0.67      0.67         3
                                      Remote Services, Valid Accounts       0.00      0.00      0.00         1
                                             System Service Discovery       0.00      0.00      0.00         1
                                                       Valid Accounts       0.00      0.00      0.00         2
                              Valid Accounts, Remote Desktop Protocol       0.00      0.00      0.00         1
                                      Valid Accounts, Remote Services       0.33      1.00      0.50         2

                                                             accuracy                           0.67        87
                                                            macro avg       0.23      0.30      0.25        87
                                                         weighted avg       0.53      0.67      0.59        87

