Read 261 data points from '/home/bsm9339/mitre-attack-mapper/data/CPTC2018.csv'.
Fitting 10 folds for each of 41472 candidates, totalling 414720 fits
Best Score for LinearSVC:
    0.7990196078431373
Best Parameters for LinearSVC:
    clf__dual: False
    clf__fit_intercept: True
    clf__loss: squared_hinge
    clf__max_iter: 1000
    clf__multi_class: ovr
    clf__penalty: l1
    clf__tol: 0.1
    tfidf__use_idf: True
    vect__analyzer: word
    vect__lowercase: True
    vect__ngram_range: (1, 1)
    vect__stop_words: None
    vect__strip_accents: ascii
                                                       precision    recall  f1-score   support

                                           Collection       0.00      0.00      0.00         1
                        Collection, Credential Access       0.00      0.00      0.00         0
                                    Credential Access       0.00      0.00      0.00         1
                  Credential Access, Lateral Movement       0.53      0.89      0.67         9
Credential Access, Lateral Movement, Lateral Movement       0.90      1.00      0.95         9
                                            Discovery       0.82      0.97      0.89        34
                         Discovery, Credential Access       0.00      0.00      0.00         1
                                 Discovery, Discovery       0.00      0.00      0.00         3
                                            Execution       0.00      0.00      0.00         1
                          Execution, Lateral Movement       1.00      1.00      1.00         4
                                       Initial Access       0.00      0.00      0.00         2
                                     Lateral Movement       0.50      0.25      0.33        12
                   Lateral Movement, Lateral Movement       0.50      1.00      0.67         1
                        Lateral Movement, Persistence       0.00      0.00      0.00         1
                                          Persistence       0.00      0.00      0.00         2
                                           Pre-Attack       0.83      1.00      0.91         5
                                 Privilege Escalation       0.00      0.00      0.00         1
                    Privilege Escalation, Persistence       0.00      0.00      0.00         0

                                             accuracy                           0.72        87
                                            macro avg       0.28      0.34      0.30        87
                                         weighted avg       0.64      0.72      0.67        87

