Read 261 data points from '/home/bsm9339/mitre-attack-mapper/data/CPTC2018.csv'.
Fitting 10 folds for each of 3024 candidates, totalling 30240 fits
Best Score for MultinomialNB:
    0.7124183006535947
Best Parameters for MultinomialNB:
    clf__alpha: 0.05
    clf__fit_prior: True
    tfidf__use_idf: True
    vect__analyzer: word
    vect__lowercase: True
    vect__ngram_range: (1, 1)
    vect__stop_words: None
    vect__strip_accents: None
                                                                    precision    recall  f1-score   support

                                      Brute Force, Remote Services       0.58      0.88      0.70         8
                                       Brute Force, Valid Accounts       0.00      0.00      0.00         0
                      Brute Force, Valid Accounts, Remote Services       0.78      0.78      0.78         9
                                                    Create Account       0.00      0.00      0.00         1
                                               Drive-by Compromise       0.00      0.00      0.00         1
Execution for client exploitation, Exploitation of Remote Services       0.00      0.00      0.00         3
                             Exploitation for Privilege Escalation       0.00      0.00      0.00         1
       Exploitation for Privilege Escalation, Account Manipulation       0.00      0.00      0.00         0
                                   Exploitation of Remote Services       0.00      0.00      0.00         1
                                          Network Service Scanning       0.85      0.87      0.86        39
                    Network Service Scanning, Credentials in Files       0.00      0.00      0.00         1
             Network Service Scanning, Security Software Discovery       0.00      0.00      0.00         4
                                                        Pre-Attack       0.47      1.00      0.64         8
                                           Remote Desktop Protocol       1.00      1.00      1.00         1
                                                   Remote Services       1.00      1.00      1.00         1
                                   Remote Services, Create Account       0.00      0.00      0.00         2
                                   Remote Services, Valid Accounts       0.00      0.00      0.00         1
                                          System Service Discovery       0.00      0.00      0.00         1
                                                    Valid Accounts       0.00      0.00      0.00         1
                                   Valid Accounts, Remote Services       0.60      0.75      0.67         4

                                                          accuracy                           0.70        87
                                                         macro avg       0.26      0.31      0.28        87
                                                      weighted avg       0.61      0.70      0.64        87

