Read 261 data points from '/home/bsm9339/mitre-attack-mapper/data/CPTC2018.csv'.
Fitting 10 folds for each of 3024 candidates, totalling 30240 fits
Best Score for MultinomialNB:
    0.7823529411764706
Best Parameters for MultinomialNB:
    clf__alpha: 0.05
    clf__fit_prior: True
    tfidf__use_idf: True
    vect__analyzer: word
    vect__lowercase: True
    vect__ngram_range: (1, 3)
    vect__stop_words: english
    vect__strip_accents: None
                                                        precision    recall  f1-score   support

                                            Collection       0.00      0.00      0.00         1
                         Collection, Credential Access       0.00      0.00      0.00         1
                                     Credential Access       0.00      0.00      0.00         2
                     Credential Access, Initial Access       0.00      0.00      0.00         2
                   Credential Access, Lateral Movement       0.80      0.67      0.73        12
 Credential Access, Lateral Movement, Lateral Movement       0.70      0.88      0.78         8
Credential Access, Lateral Movement, Lateral Movement,       0.00      0.00      0.00         1
                                             Discovery       0.80      0.95      0.87        38
                                  Discovery, Discovery       0.00      0.00      0.00         1
                           Execution, Lateral Movement       1.00      1.00      1.00         1
                                        Initial Access       0.00      0.00      0.00         2
                                      Lateral Movement       0.40      0.50      0.44         4
                    Lateral Movement, Lateral Movement       0.50      0.50      0.50         2
                         Lateral Movement, Persistence       0.00      0.00      0.00         1
                                            Pre-Attack       0.50      0.62      0.56         8
                                  Privilege Escalation       0.00      0.00      0.00         2
                     Privilege Escalation, Persistence       0.50      1.00      0.67         1

                                              accuracy                           0.70        87
                                             macro avg       0.31      0.36      0.33        87
                                          weighted avg       0.62      0.70      0.65        87

