Read 261 data points from './data/CPTC2018.csv'.
Fitting 10 folds for each of 6048 candidates, totalling 60480 fits
Best Score for MultinomialNB:
    0.7418300653594772
Best Parameters for MultinomialNB:
    clf__alpha: 0.05
    clf__fit_prior: True
    tfidf__use_idf: True
    vect__analyzer: word
    vect__lowercase: False
    vect__ngram_range: (2, 2)
    vect__stop_words: None
    vect__strip_accents: None
                                                        precision    recall  f1-score   support

                                            Collection       0.00      0.00      0.00         1
                         Collection, Credential Access       1.00      1.00      1.00         1
                     Credential Access, Initial Access       0.00      0.00      0.00         1
                   Credential Access, Lateral Movement       1.00      0.27      0.43        11
 Credential Access, Lateral Movement, Lateral Movement       0.67      1.00      0.80         8
Credential Access, Lateral Movement, Lateral Movement,       0.00      0.00      0.00         1
                                             Discovery       0.88      0.97      0.92        36
                          Discovery, Credential Access       0.00      0.00      0.00         1
                                  Discovery, Discovery       0.00      0.00      0.00         1
                                             Execution       0.00      0.00      0.00         1
                           Execution, Lateral Movement       1.00      0.25      0.40         4
         Execution, Lateral Movement, Lateral Movement       0.00      0.00      0.00         1
                                      Lateral Movement       0.44      0.80      0.57         5
                    Lateral Movement, Lateral Movement       0.00      0.00      0.00         2
                         Lateral Movement, Persistence       0.00      0.00      0.00         1
                                           Persistence       0.00      0.00      0.00         1
                                            Pre-Attack       0.50      0.90      0.64        10
                                  Privilege Escalation       0.00      0.00      0.00         0
                     Privilege Escalation, Persistence       1.00      1.00      1.00         1

                                              accuracy                           0.71        87
                                             macro avg       0.34      0.33      0.30        87
                                          weighted avg       0.70      0.71      0.66        87

