==> Error: the constraint '['python']' matches multiple packages:
	rfzhypa python@2.7.16%gcc@7.4.0+bz2+ctypes+dbm+lzma~nis~optimizations+pic+pyexpat+pythoncmd+readline+shared+sqlite3+ssl~tix+tkinter~ucs4~uuid+zlib arch=linux-rhel7-skylake_avx512
		^sqlite@3.30.1%gcc@7.4.0+column_metadata+fts+fts3+fts5+functions+rtree arch=linux-rhel7-skylake_avx512/3en4s7q
		^libx11@1.6.7%gcc@7.4.0 arch=linux-rhel7-skylake_avx512/orhy5g6
		^tar@1.32%gcc@7.4.0 arch=linux-rhel7-skylake_avx512/uieukca
		^libxml2@2.9.9%gcc@7.4.0~python arch=linux-rhel7-skylake_avx512/fajjc45
		^expat@2.2.9%gcc@7.4.0+libbsd arch=linux-rhel7-skylake_avx512/tsn3xuc
		^font-util@1.3.2%gcc@7.4.0 fonts=encodings,font-adobe-100dpi,font-adobe-75dpi,font-adobe-utopia-100dpi,font-adobe-utopia-75dpi,font-adobe-utopia-type1,font-alias,font-arabic-misc,font-bh-100dpi,font-bh-75dpi,font-bh-lucidatypewriter-100dpi,font-bh-lucidatypewriter-75dpi,font-bh-ttf,font-bh-type1,font-bitstream-100dpi,font-bitstream-75dpi,font-bitstream-speedo,font-bitstream-type1,font-cronyx-cyrillic,font-cursor-misc,font-daewoo-misc,font-dec-misc,font-ibm-type1,font-isas-misc,font-jis-misc,font-micro-misc,font-misc-cyrillic,font-misc-ethiopic,font-misc-meltho,font-misc-misc,font-mutt-misc,font-schumacher-misc,font-screen-cyrillic,font-sun-misc,font-winitzki-cyrillic,font-xfree86-type1 arch=linux-rhel7-skylake_avx512/wu6rsq3
		^xz@5.2.4%gcc@7.4.0 arch=linux-rhel7-skylake_avx512/cguxahu
		^tcl@8.6.8%gcc@7.4.0 arch=linux-rhel7-skylake_avx512/vwnt5q4
		^libxcb@1.13%gcc@7.4.0 arch=linux-rhel7-skylake_avx512/6jwjgwn
		^gdbm@1.18.1%gcc@7.4.0 arch=linux-rhel7-skylake_avx512/6qpgo63
		^libpthread-stubs@0.4%gcc@7.4.0 arch=linux-rhel7-skylake_avx512/252xv3s
		^libbsd@0.10.0%gcc@7.4.0 arch=linux-rhel7-skylake_avx512/pbwdxze
		^libxau@1.0.8%gcc@7.4.0 arch=linux-rhel7-skylake_avx512/fteimsh
		^bzip2@1.0.8%gcc@7.4.0+shared arch=linux-rhel7-skylake_avx512/xdklhbb
		^libxdmcp@1.1.2%gcc@7.4.0 arch=linux-rhel7-skylake_avx512/bmr7o7e
		^renderproto@0.11.1%gcc@7.4.0 arch=linux-rhel7-skylake_avx512/erwwglc
		^gettext@0.20.1%gcc@7.4.0+bzip2+curses+git~libunistring+libxml2+tar+xz arch=linux-rhel7-skylake_avx512/siytymz
		^fontconfig@2.12.3%gcc@7.4.0 arch=linux-rhel7-skylake_avx512/of5esqj
		^tk@8.6.8%gcc@7.4.0+xft+xss arch=linux-rhel7-skylake_avx512/lwalxlu
		^libpng@1.6.37%gcc@7.4.0 arch=linux-rhel7-skylake_avx512/rc2zmcc
		^libxext@1.3.3%gcc@7.4.0 arch=linux-rhel7-skylake_avx512/vd7e7al
		^kbproto@1.0.7%gcc@7.4.0 arch=linux-rhel7-skylake_avx512/5zshq2m
		^freetype@2.10.1%gcc@7.4.0 arch=linux-rhel7-skylake_avx512/nvtnpzp
		^xextproto@7.3.0%gcc@7.4.0 arch=linux-rhel7-skylake_avx512/oxeobg2
		^ncurses@6.1%gcc@7.4.0~symlinks~termlib arch=linux-rhel7-skylake_avx512/ejkppmn
		^xproto@7.0.31%gcc@7.4.0 arch=linux-rhel7-skylake_avx512/hq23tfm
		^libffi@3.2.1%gcc@7.4.0 arch=linux-rhel7-skylake_avx512/oxfzkhp
		^readline@8.0%gcc@7.4.0 arch=linux-rhel7-skylake_avx512/vnkrm5a
		^libxft@2.3.2%gcc@7.4.0 arch=linux-rhel7-skylake_avx512/jvhc6cx
		^libxscrnsaver@1.2.2%gcc@7.4.0 arch=linux-rhel7-skylake_avx512/kcdyvdg
		^zlib@1.2.11%gcc@7.4.0+optimize+pic+shared arch=linux-rhel7-skylake_avx512/i7x2gr5
		^openssl@1.1.1d%gcc@7.4.0+systemcerts arch=linux-rhel7-skylake_avx512/bv2g3xk
		^libiconv@1.16%gcc@7.4.0 arch=linux-rhel7-skylake_avx512/air3cau
		^libxrender@0.9.10%gcc@7.4.0 arch=linux-rhel7-skylake_avx512/fuvohwd
	6yshnia python@2.7.16%gcc@7.4.0+bz2+ctypes+dbm+lzma~nis~optimizations+pic+pyexpat+pythoncmd+readline+shared+sqlite3+ssl~tkinter~ucs4~uuid+zlib arch=linux-rhel7-x86_64
		^sqlite@3.26.0%gcc@7.4.0~functions arch=linux-rhel7-x86_64/kjqfjhm
	e2lrwwy python@3.6.8%gcc@7.4.0+bz2+ctypes+dbm+lzma~nis~optimizations+pic+pyexpat+pythoncmd+readline+shared+sqlite3+ssl~tix+tkinter~ucs4~uuid+zlib arch=linux-rhel7-broadwell
		^sqlite@3.30.1%gcc@7.4.0+column_metadata+fts+fts3+fts5+functions+rtree arch=linux-rhel7-broadwell/salzodk
		^libx11@1.6.7%gcc@7.4.0 arch=linux-rhel7-broadwell/g5lwfcy
		^tar@1.32%gcc@7.4.0 arch=linux-rhel7-broadwell/ad6mj5e
		^libxml2@2.9.9%gcc@7.4.0~python arch=linux-rhel7-broadwell/ojmi2cs
		^expat@2.2.9%gcc@7.4.0+libbsd arch=linux-rhel7-broadwell/hqijq6e
		^font-util@1.3.2%gcc@7.4.0 fonts=encodings,font-adobe-100dpi,font-adobe-75dpi,font-adobe-utopia-100dpi,font-adobe-utopia-75dpi,font-adobe-utopia-type1,font-alias,font-arabic-misc,font-bh-100dpi,font-bh-75dpi,font-bh-lucidatypewriter-100dpi,font-bh-lucidatypewriter-75dpi,font-bh-ttf,font-bh-type1,font-bitstream-100dpi,font-bitstream-75dpi,font-bitstream-speedo,font-bitstream-type1,font-cronyx-cyrillic,font-cursor-misc,font-daewoo-misc,font-dec-misc,font-ibm-type1,font-isas-misc,font-jis-misc,font-micro-misc,font-misc-cyrillic,font-misc-ethiopic,font-misc-meltho,font-misc-misc,font-mutt-misc,font-schumacher-misc,font-screen-cyrillic,font-sun-misc,font-winitzki-cyrillic,font-xfree86-type1 arch=linux-rhel7-broadwell/ggandsb
		^xz@5.2.4%gcc@7.4.0 arch=linux-rhel7-broadwell/iotuo2t
		^tcl@8.6.8%gcc@7.4.0 arch=linux-rhel7-broadwell/hhhtjr7
		^libxcb@1.13%gcc@7.4.0 arch=linux-rhel7-broadwell/eblak4a
		^gdbm@1.18.1%gcc@7.4.0 arch=linux-rhel7-broadwell/4khip3n
		^libpthread-stubs@0.4%gcc@7.4.0 arch=linux-rhel7-broadwell/qwssfmi
		^libbsd@0.10.0%gcc@7.4.0 arch=linux-rhel7-broadwell/rxwrtfe
		^libxau@1.0.8%gcc@7.4.0 arch=linux-rhel7-broadwell/ptu6lb2
		^bzip2@1.0.8%gcc@7.4.0+shared arch=linux-rhel7-broadwell/ycjdzzp
		^libxdmcp@1.1.2%gcc@7.4.0 arch=linux-rhel7-broadwell/7c4n27m
		^renderproto@0.11.1%gcc@7.4.0 arch=linux-rhel7-broadwell/ee46zj5
		^gettext@0.20.1%gcc@7.4.0+bzip2+curses+git~libunistring+libxml2+tar+xz arch=linux-rhel7-broadwell/asvc2se
		^fontconfig@2.12.3%gcc@7.4.0 arch=linux-rhel7-broadwell/ojnbyq6
		^tk@8.6.8%gcc@7.4.0+xft+xss arch=linux-rhel7-broadwell/zyezxsx
		^libpng@1.6.37%gcc@7.4.0 arch=linux-rhel7-broadwell/3lefhfx
		^libxext@1.3.3%gcc@7.4.0 arch=linux-rhel7-broadwell/zgry3lz
		^kbproto@1.0.7%gcc@7.4.0 arch=linux-rhel7-broadwell/4ieaqek
		^freetype@2.10.1%gcc@7.4.0 arch=linux-rhel7-broadwell/v3egikw
		^xextproto@7.3.0%gcc@7.4.0 arch=linux-rhel7-broadwell/35zqrnn
		^ncurses@6.1%gcc@7.4.0~symlinks~termlib arch=linux-rhel7-broadwell/52xyfqw
		^xproto@7.0.31%gcc@7.4.0 arch=linux-rhel7-broadwell/t4diuxi
		^libffi@3.2.1%gcc@7.4.0 arch=linux-rhel7-broadwell/ukucyvw
		^readline@8.0%gcc@7.4.0 arch=linux-rhel7-broadwell/oujrxdj
		^libxft@2.3.2%gcc@7.4.0 arch=linux-rhel7-broadwell/4nqmvhm
		^libxscrnsaver@1.2.2%gcc@7.4.0 arch=linux-rhel7-broadwell/2pi3rhi
		^zlib@1.2.11%gcc@7.4.0+optimize+pic+shared arch=linux-rhel7-broadwell/hkukvg5
		^openssl@1.1.1d%gcc@7.4.0+systemcerts arch=linux-rhel7-broadwell/gikrdom
		^libiconv@1.16%gcc@7.4.0 arch=linux-rhel7-broadwell/xwadyfg
		^libxrender@0.9.10%gcc@7.4.0 arch=linux-rhel7-broadwell/uypq2eo
	2dsszo5 python@3.6.8%gcc@7.4.0+bz2+ctypes+dbm+lzma~nis~optimizations+pic+pyexpat+pythoncmd+readline+shared+sqlite3+ssl~tix+tkinter~ucs4~uuid+zlib arch=linux-rhel7-skylake_avx512
		^sqlite@3.30.1%gcc@7.4.0+column_metadata+fts+fts3+fts5+functions+rtree arch=linux-rhel7-skylake_avx512/3en4s7q
		^libx11@1.6.7%gcc@7.4.0 arch=linux-rhel7-skylake_avx512/orhy5g6
		^tar@1.32%gcc@7.4.0 arch=linux-rhel7-skylake_avx512/uieukca
		^libxml2@2.9.9%gcc@7.4.0~python arch=linux-rhel7-skylake_avx512/fajjc45
		^expat@2.2.9%gcc@7.4.0+libbsd arch=linux-rhel7-skylake_avx512/tsn3xuc
		^font-util@1.3.2%gcc@7.4.0 fonts=encodings,font-adobe-100dpi,font-adobe-75dpi,font-adobe-utopia-100dpi,font-adobe-utopia-75dpi,font-adobe-utopia-type1,font-alias,font-arabic-misc,font-bh-100dpi,font-bh-75dpi,font-bh-lucidatypewriter-100dpi,font-bh-lucidatypewriter-75dpi,font-bh-ttf,font-bh-type1,font-bitstream-100dpi,font-bitstream-75dpi,font-bitstream-speedo,font-bitstream-type1,font-cronyx-cyrillic,font-cursor-misc,font-daewoo-misc,font-dec-misc,font-ibm-type1,font-isas-misc,font-jis-misc,font-micro-misc,font-misc-cyrillic,font-misc-ethiopic,font-misc-meltho,font-misc-misc,font-mutt-misc,font-schumacher-misc,font-screen-cyrillic,font-sun-misc,font-winitzki-cyrillic,font-xfree86-type1 arch=linux-rhel7-skylake_avx512/wu6rsq3
		^xz@5.2.4%gcc@7.4.0 arch=linux-rhel7-skylake_avx512/cguxahu
		^tcl@8.6.8%gcc@7.4.0 arch=linux-rhel7-skylake_avx512/vwnt5q4
		^libxcb@1.13%gcc@7.4.0 arch=linux-rhel7-skylake_avx512/6jwjgwn
		^gdbm@1.18.1%gcc@7.4.0 arch=linux-rhel7-skylake_avx512/6qpgo63
		^libpthread-stubs@0.4%gcc@7.4.0 arch=linux-rhel7-skylake_avx512/252xv3s
		^libbsd@0.10.0%gcc@7.4.0 arch=linux-rhel7-skylake_avx512/pbwdxze
		^libxau@1.0.8%gcc@7.4.0 arch=linux-rhel7-skylake_avx512/fteimsh
		^bzip2@1.0.8%gcc@7.4.0+shared arch=linux-rhel7-skylake_avx512/xdklhbb
		^libxdmcp@1.1.2%gcc@7.4.0 arch=linux-rhel7-skylake_avx512/bmr7o7e
		^renderproto@0.11.1%gcc@7.4.0 arch=linux-rhel7-skylake_avx512/erwwglc
		^gettext@0.20.1%gcc@7.4.0+bzip2+curses+git~libunistring+libxml2+tar+xz arch=linux-rhel7-skylake_avx512/siytymz
		^fontconfig@2.12.3%gcc@7.4.0 arch=linux-rhel7-skylake_avx512/of5esqj
		^tk@8.6.8%gcc@7.4.0+xft+xss arch=linux-rhel7-skylake_avx512/lwalxlu
		^libpng@1.6.37%gcc@7.4.0 arch=linux-rhel7-skylake_avx512/rc2zmcc
		^libxext@1.3.3%gcc@7.4.0 arch=linux-rhel7-skylake_avx512/vd7e7al
		^kbproto@1.0.7%gcc@7.4.0 arch=linux-rhel7-skylake_avx512/5zshq2m
		^freetype@2.10.1%gcc@7.4.0 arch=linux-rhel7-skylake_avx512/nvtnpzp
		^xextproto@7.3.0%gcc@7.4.0 arch=linux-rhel7-skylake_avx512/oxeobg2
		^ncurses@6.1%gcc@7.4.0~symlinks~termlib arch=linux-rhel7-skylake_avx512/ejkppmn
		^xproto@7.0.31%gcc@7.4.0 arch=linux-rhel7-skylake_avx512/hq23tfm
		^libffi@3.2.1%gcc@7.4.0 arch=linux-rhel7-skylake_avx512/oxfzkhp
		^readline@8.0%gcc@7.4.0 arch=linux-rhel7-skylake_avx512/vnkrm5a
		^libxft@2.3.2%gcc@7.4.0 arch=linux-rhel7-skylake_avx512/jvhc6cx
		^libxscrnsaver@1.2.2%gcc@7.4.0 arch=linux-rhel7-skylake_avx512/kcdyvdg
		^zlib@1.2.11%gcc@7.4.0+optimize+pic+shared arch=linux-rhel7-skylake_avx512/i7x2gr5
		^openssl@1.1.1d%gcc@7.4.0+systemcerts arch=linux-rhel7-skylake_avx512/bv2g3xk
		^libiconv@1.16%gcc@7.4.0 arch=linux-rhel7-skylake_avx512/air3cau
		^libxrender@0.9.10%gcc@7.4.0 arch=linux-rhel7-skylake_avx512/fuvohwd
	r3ohs7z python@3.6.8%gcc@7.4.0+bz2+ctypes+dbm+lzma~nis~optimizations+pic+pyexpat+pythoncmd+readline+shared+sqlite3+ssl~tkinter~ucs4~uuid+zlib arch=linux-rhel7-x86_64
		^xz@5.2.4%gcc@7.4.0 arch=linux-rhel7-x86_64/qh2fwjg
		^sqlite@3.26.0%gcc@7.4.0~column_metadata~fts3~fts5~functions~rtree arch=linux-rhel7-x86_64/x7fy3nc
	vxoqdck python@3.6.8%gcc@7.4.0+bz2+ctypes+dbm+lzma~nis~optimizations+pic+pyexpat+pythoncmd+readline+shared+sqlite3+ssl~tkinter~ucs4~uuid+zlib arch=linux-rhel7-x86_64
		^xz@5.2.4%gcc@7.4.0 arch=linux-rhel7-x86_64/qh2fwjg
		^sqlite@3.26.0%gcc@7.4.0~functions arch=linux-rhel7-x86_64/kjqfjhm
	6on2qnp python@3.7.2%gcc@7.4.0+bz2+ctypes+dbm+lzma~nis~optimizations+pic+pyexpat+pythoncmd+readline+shared+sqlite3+ssl~tkinter~ucs4~uuid+zlib arch=linux-rhel7-x86_64
		^xz@5.2.4%gcc@7.4.0 arch=linux-rhel7-x86_64/qh2fwjg
		^sqlite@3.26.0%gcc@7.4.0~functions arch=linux-rhel7-x86_64/kjqfjhm
	u2div2t python@3.7.4%gcc@7.4.0+bz2+ctypes+dbm+lzma~nis~optimizations+pic+pyexpat+pythoncmd+readline+shared+sqlite3+ssl~tix+tkinter~ucs4~uuid+zlib arch=linux-rhel7-skylake_avx512
		^sqlite@3.30.1%gcc@7.4.0+column_metadata+fts+fts3+fts5+functions+rtree arch=linux-rhel7-skylake_avx512/3en4s7q
		^libx11@1.6.7%gcc@7.4.0 arch=linux-rhel7-skylake_avx512/orhy5g6
		^tar@1.32%gcc@7.4.0 arch=linux-rhel7-skylake_avx512/uieukca
		^libxml2@2.9.9%gcc@7.4.0~python arch=linux-rhel7-skylake_avx512/fajjc45
		^expat@2.2.9%gcc@7.4.0+libbsd arch=linux-rhel7-skylake_avx512/tsn3xuc
		^font-util@1.3.2%gcc@7.4.0 fonts=encodings,font-adobe-100dpi,font-adobe-75dpi,font-adobe-utopia-100dpi,font-adobe-utopia-75dpi,font-adobe-utopia-type1,font-alias,font-arabic-misc,font-bh-100dpi,font-bh-75dpi,font-bh-lucidatypewriter-100dpi,font-bh-lucidatypewriter-75dpi,font-bh-ttf,font-bh-type1,font-bitstream-100dpi,font-bitstream-75dpi,font-bitstream-speedo,font-bitstream-type1,font-cronyx-cyrillic,font-cursor-misc,font-daewoo-misc,font-dec-misc,font-ibm-type1,font-isas-misc,font-jis-misc,font-micro-misc,font-misc-cyrillic,font-misc-ethiopic,font-misc-meltho,font-misc-misc,font-mutt-misc,font-schumacher-misc,font-screen-cyrillic,font-sun-misc,font-winitzki-cyrillic,font-xfree86-type1 arch=linux-rhel7-skylake_avx512/wu6rsq3
		^xz@5.2.4%gcc@7.4.0 arch=linux-rhel7-skylake_avx512/cguxahu
		^tcl@8.6.8%gcc@7.4.0 arch=linux-rhel7-skylake_avx512/vwnt5q4
		^libxcb@1.13%gcc@7.4.0 arch=linux-rhel7-skylake_avx512/6jwjgwn
		^gdbm@1.18.1%gcc@7.4.0 arch=linux-rhel7-skylake_avx512/6qpgo63
		^libpthread-stubs@0.4%gcc@7.4.0 arch=linux-rhel7-skylake_avx512/252xv3s
		^libbsd@0.10.0%gcc@7.4.0 arch=linux-rhel7-skylake_avx512/pbwdxze
		^libxau@1.0.8%gcc@7.4.0 arch=linux-rhel7-skylake_avx512/fteimsh
		^bzip2@1.0.8%gcc@7.4.0+shared arch=linux-rhel7-skylake_avx512/xdklhbb
		^libxdmcp@1.1.2%gcc@7.4.0 arch=linux-rhel7-skylake_avx512/bmr7o7e
		^renderproto@0.11.1%gcc@7.4.0 arch=linux-rhel7-skylake_avx512/erwwglc
		^gettext@0.20.1%gcc@7.4.0+bzip2+curses+git~libunistring+libxml2+tar+xz arch=linux-rhel7-skylake_avx512/siytymz
		^fontconfig@2.12.3%gcc@7.4.0 arch=linux-rhel7-skylake_avx512/of5esqj
		^tk@8.6.8%gcc@7.4.0+xft+xss arch=linux-rhel7-skylake_avx512/lwalxlu
		^libpng@1.6.37%gcc@7.4.0 arch=linux-rhel7-skylake_avx512/rc2zmcc
		^libxext@1.3.3%gcc@7.4.0 arch=linux-rhel7-skylake_avx512/vd7e7al
		^kbproto@1.0.7%gcc@7.4.0 arch=linux-rhel7-skylake_avx512/5zshq2m
		^freetype@2.10.1%gcc@7.4.0 arch=linux-rhel7-skylake_avx512/nvtnpzp
		^xextproto@7.3.0%gcc@7.4.0 arch=linux-rhel7-skylake_avx512/oxeobg2
		^ncurses@6.1%gcc@7.4.0~symlinks~termlib arch=linux-rhel7-skylake_avx512/ejkppmn
		^xproto@7.0.31%gcc@7.4.0 arch=linux-rhel7-skylake_avx512/hq23tfm
		^libffi@3.2.1%gcc@7.4.0 arch=linux-rhel7-skylake_avx512/oxfzkhp
		^readline@8.0%gcc@7.4.0 arch=linux-rhel7-skylake_avx512/vnkrm5a
		^libxft@2.3.2%gcc@7.4.0 arch=linux-rhel7-skylake_avx512/jvhc6cx
		^libxscrnsaver@1.2.2%gcc@7.4.0 arch=linux-rhel7-skylake_avx512/kcdyvdg
		^zlib@1.2.11%gcc@7.4.0+optimize+pic+shared arch=linux-rhel7-skylake_avx512/i7x2gr5
		^openssl@1.1.1d%gcc@7.4.0+systemcerts arch=linux-rhel7-skylake_avx512/bv2g3xk
		^libiconv@1.16%gcc@7.4.0 arch=linux-rhel7-skylake_avx512/air3cau
		^libxrender@0.9.10%gcc@7.4.0 arch=linux-rhel7-skylake_avx512/fuvohwd

==> Error: In this context exactly **one** match is needed: please specify your constraints better.
Autoloading py-scipy/1.3.3-gcc-7.4.0-fvki7dty
Autoloading python/3.6.8-gcc-7.4.0-vxoqdckc
Autoloading sqlite/3.26.0-gcc-7.4.0-7w4fjrtk
Autoloading readline/7.0-gcc-7.4.0-nrvgi5pu
Autoloading ncurses/6.1-gcc-7.4.0-6f56ubcf
Autoloading zlib/1.2.11-gcc-7.4.0-ml43muis
Autoloading bzip2/1.0.6-gcc-7.4.0-rqzfarod
Autoloading expat/2.2.5-gcc-7.4.0-muxljdnt
Autoloading libbsd/0.9.1-gcc-7.4.0-2ncnoj23
Autoloading openssl/1.1.1b-gcc-7.4.0-egqbashl
Autoloading xz/5.2.4-gcc-7.4.0-qh2fwjgx
Autoloading libffi/3.2.1-gcc-7.4.0-7qp3drbe
Autoloading gdbm/1.18.1-gcc-7.4.0-wqtfnks7
Autoloading openblas/0.3.7-gcc-7.4.0-clpp4hzr
Autoloading py-numpy/1.17.4-gcc-7.4.0-xcfkgksf
Autoloading py-joblib/0.14.0-gcc-7.4.0-wulqogpo
/.autofs/tools/spack/opt/spack/linux-rhel7-x86_64/gcc-7.4.0/py-scikit-learn-0.22-bblye5gz3gsqwh3c4wkeqv42dnfboodc/lib/python3.6/site-packages/sklearn/externals/joblib/__init__.py:15: FutureWarning: sklearn.externals.joblib is deprecated in 0.21 and will be removed in 0.23. Please import this functionality directly from joblib, which can be installed with: pip install joblib. If this warning is raised when loading pickled models, you may need to re-serialize those models with scikit-learn 0.21+.
  warnings.warn(msg, category=FutureWarning)
[Parallel(n_jobs=-1)]: Using backend LokyBackend with 24 concurrent workers.
[Parallel(n_jobs=-1)]: Done   2 tasks      | elapsed:    1.6s
[Parallel(n_jobs=-1)]: Done 184 tasks      | elapsed:    2.3s
[Parallel(n_jobs=-1)]: Done 1152 tasks      | elapsed:    5.1s
[Parallel(n_jobs=-1)]: Done 2552 tasks      | elapsed:    9.4s
[Parallel(n_jobs=-1)]: Done 4352 tasks      | elapsed:   15.6s
[Parallel(n_jobs=-1)]: Done 6552 tasks      | elapsed:   23.6s
[Parallel(n_jobs=-1)]: Done 9152 tasks      | elapsed:   32.7s
[Parallel(n_jobs=-1)]: Done 12152 tasks      | elapsed:   43.1s
[Parallel(n_jobs=-1)]: Done 14778 tasks      | elapsed:   56.3s
[Parallel(n_jobs=-1)]: Done 16624 tasks      | elapsed:  1.1min
[Parallel(n_jobs=-1)]: Done 18482 tasks      | elapsed:  1.4min
[Parallel(n_jobs=-1)]: Done 19704 tasks      | elapsed:  1.7min
[Parallel(n_jobs=-1)]: Done 21626 tasks      | elapsed:  2.1min
[Parallel(n_jobs=-1)]: Done 23072 tasks      | elapsed:  2.5min
[Parallel(n_jobs=-1)]: Done 24522 tasks      | elapsed:  3.0min
[Parallel(n_jobs=-1)]: Done 26144 tasks      | elapsed:  3.5min
[Parallel(n_jobs=-1)]: Done 31658 tasks      | elapsed:  4.0min
[Parallel(n_jobs=-1)]: Done 33816 tasks      | elapsed:  4.6min
[Parallel(n_jobs=-1)]: Done 35666 tasks      | elapsed:  5.5min
[Parallel(n_jobs=-1)]: Done 37616 tasks      | elapsed:  8.0min
[Parallel(n_jobs=-1)]: Done 41352 tasks      | elapsed: 10.5min
[Parallel(n_jobs=-1)]: Done 45904 tasks      | elapsed: 11.1min
[Parallel(n_jobs=-1)]: Done 48362 tasks      | elapsed: 12.0min
[Parallel(n_jobs=-1)]: Done 50712 tasks      | elapsed: 15.0min
[Parallel(n_jobs=-1)]: Done 56816 tasks      | elapsed: 17.4min
[Parallel(n_jobs=-1)]: Done 67016 tasks      | elapsed: 17.8min
[Parallel(n_jobs=-1)]: Done 72762 tasks      | elapsed: 18.5min
[Parallel(n_jobs=-1)]: Done 75512 tasks      | elapsed: 19.8min
[Parallel(n_jobs=-1)]: Done 79856 tasks      | elapsed: 21.2min
[Parallel(n_jobs=-1)]: Done 85680 tasks      | elapsed: 22.1min
[Parallel(n_jobs=-1)]: Done 88730 tasks      | elapsed: 24.8min
[Parallel(n_jobs=-1)]: Done 94760 tasks      | elapsed: 28.1min
[Parallel(n_jobs=-1)]: Done 99426 tasks      | elapsed: 29.3min
[Parallel(n_jobs=-1)]: Done 102776 tasks      | elapsed: 33.2min
[Parallel(n_jobs=-1)]: Done 113552 tasks      | elapsed: 35.1min
[Parallel(n_jobs=-1)]: Done 126816 tasks      | elapsed: 36.0min
[Parallel(n_jobs=-1)]: Done 135842 tasks      | elapsed: 37.1min
[Parallel(n_jobs=-1)]: Done 140024 tasks      | elapsed: 39.4min
[Parallel(n_jobs=-1)]: Done 147216 tasks      | elapsed: 43.6min
[Parallel(n_jobs=-1)]: Done 152096 tasks      | elapsed: 45.1min
[Parallel(n_jobs=-1)]: Done 157712 tasks      | elapsed: 50.3min
[Parallel(n_jobs=-1)]: Done 174312 tasks      | elapsed: 51.1min
[Parallel(n_jobs=-1)]: Done 186839 tasks      | elapsed: 52.3min
[Parallel(n_jobs=-1)]: Done 191600 tasks      | elapsed: 54.5min
[Parallel(n_jobs=-1)]: Done 199914 tasks      | elapsed: 59.2min
[Parallel(n_jobs=-1)]: Done 204896 tasks      | elapsed: 62.0min
[Parallel(n_jobs=-1)]: Done 215648 tasks      | elapsed: 66.1min
[Parallel(n_jobs=-1)]: Done 229872 tasks      | elapsed: 67.1min
[Parallel(n_jobs=-1)]: Done 239498 tasks      | elapsed: 68.3min
[Parallel(n_jobs=-1)]: Done 245456 tasks      | elapsed: 70.6min
[Parallel(n_jobs=-1)]: Done 254970 tasks      | elapsed: 72.3min
[Parallel(n_jobs=-1)]: Done 264800 tasks      | elapsed: 75.1min
[Parallel(n_jobs=-1)]: Done 281476 tasks      | elapsed: 76.2min
[Parallel(n_jobs=-1)]: Done 291360 tasks      | elapsed: 77.8min
[Parallel(n_jobs=-1)]: Done 298130 tasks      | elapsed: 80.8min
[Parallel(n_jobs=-1)]: Done 308360 tasks      | elapsed: 82.4min
[Parallel(n_jobs=-1)]: Done 323592 tasks      | elapsed: 84.8min
[Parallel(n_jobs=-1)]: Done 343472 tasks      | elapsed: 86.3min
[Parallel(n_jobs=-1)]: Done 352496 tasks      | elapsed: 89.3min
[Parallel(n_jobs=-1)]: Done 361440 tasks      | elapsed: 91.3min
[Parallel(n_jobs=-1)]: Done 389480 tasks      | elapsed: 94.1min
[Parallel(n_jobs=-1)]: Done 400072 tasks      | elapsed: 96.2min
[Parallel(n_jobs=-1)]: Done 411250 tasks      | elapsed: 98.7min
[Parallel(n_jobs=-1)]: Done 427064 tasks      | elapsed: 101.6min
[Parallel(n_jobs=-1)]: Done 448078 tasks      | elapsed: 103.0min
[Parallel(n_jobs=-1)]: Done 457344 tasks      | elapsed: 109.2min
[Parallel(n_jobs=-1)]: Done 465626 tasks      | elapsed: 114.3min
[Parallel(n_jobs=-1)]: Done 489512 tasks      | elapsed: 116.9min
[Parallel(n_jobs=-1)]: Done 503034 tasks      | elapsed: 120.3min
[Parallel(n_jobs=-1)]: Done 514232 tasks      | elapsed: 125.3min
[Parallel(n_jobs=-1)]: Done 528920 tasks      | elapsed: 131.6min
[Parallel(n_jobs=-1)]: Done 548928 tasks      | elapsed: 133.6min
[Parallel(n_jobs=-1)]: Done 557090 tasks      | elapsed: 140.0min
[Parallel(n_jobs=-1)]: Done 568664 tasks      | elapsed: 144.2min
[Parallel(n_jobs=-1)]: Done 589140 tasks      | elapsed: 148.8min
[Parallel(n_jobs=-1)]: Done 604448 tasks      | elapsed: 151.0min
[Parallel(n_jobs=-1)]: Done 616444 tasks      | elapsed: 157.6min
[Parallel(n_jobs=-1)]: Done 630408 tasks      | elapsed: 164.0min
[Parallel(n_jobs=-1)]: Done 656234 tasks      | elapsed: 165.5min
[Parallel(n_jobs=-1)]: Done 669440 tasks      | elapsed: 169.1min
[Parallel(n_jobs=-1)]: Done 690768 tasks      | elapsed: 172.4min
[Parallel(n_jobs=-1)]: Done 710552 tasks      | elapsed: 174.7min
[Parallel(n_jobs=-1)]: Done 724300 tasks      | elapsed: 178.3min
[Parallel(n_jobs=-1)]: Done 746760 tasks      | elapsed: 181.7min
[Parallel(n_jobs=-1)]: Done 762410 tasks      | elapsed: 184.4min
[Parallel(n_jobs=-1)]: Done 776720 tasks      | elapsed: 188.6min
[Parallel(n_jobs=-1)]: Done 797532 tasks      | elapsed: 191.4min
[Parallel(n_jobs=-1)]: Done 815336 tasks      | elapsed: 194.6min
[Parallel(n_jobs=-1)]: Done 829440 out of 829440 | elapsed: 199.2min finished
/.autofs/tools/spack/opt/spack/linux-rhel7-x86_64/gcc-7.4.0/py-scikit-learn-0.22-bblye5gz3gsqwh3c4wkeqv42dnfboodc/lib/python3.6/site-packages/sklearn/model_selection/_validation.py:536: FitFailedWarning: Estimator fit failed. The score on this train-test partition for these parameters will be set to nan. Details: 
ValueError: Unsupported set of arguments: The combination of penalty='l1' and loss='hinge' is not supported, Parameters: penalty='l1', loss='hinge', dual=True

  FitFailedWarning)
/.autofs/tools/spack/opt/spack/linux-rhel7-x86_64/gcc-7.4.0/py-scikit-learn-0.22-bblye5gz3gsqwh3c4wkeqv42dnfboodc/lib/python3.6/site-packages/sklearn/svm/_base.py:947: ConvergenceWarning: Liblinear failed to converge, increase the number of iterations.
  "the number of iterations.", ConvergenceWarning)
/.autofs/tools/spack/opt/spack/linux-rhel7-x86_64/gcc-7.4.0/py-scikit-learn-0.22-bblye5gz3gsqwh3c4wkeqv42dnfboodc/lib/python3.6/site-packages/sklearn/model_selection/_validation.py:536: FitFailedWarning: Estimator fit failed. The score on this train-test partition for these parameters will be set to nan. Details: 
ValueError: Unsupported set of arguments: The combination of penalty='l1' and loss='squared_hinge' are not supported when dual=True, Parameters: penalty='l1', loss='squared_hinge', dual=True

  FitFailedWarning)
/.autofs/tools/spack/opt/spack/linux-rhel7-x86_64/gcc-7.4.0/py-scikit-learn-0.22-bblye5gz3gsqwh3c4wkeqv42dnfboodc/lib/python3.6/site-packages/sklearn/model_selection/_validation.py:536: FitFailedWarning: Estimator fit failed. The score on this train-test partition for these parameters will be set to nan. Details: 
ValueError: Unsupported set of arguments: The combination of penalty='l1' and loss='hinge' is not supported, Parameters: penalty='l1', loss='hinge', dual=False

  FitFailedWarning)
/.autofs/tools/spack/opt/spack/linux-rhel7-x86_64/gcc-7.4.0/py-scikit-learn-0.22-bblye5gz3gsqwh3c4wkeqv42dnfboodc/lib/python3.6/site-packages/sklearn/model_selection/_validation.py:536: FitFailedWarning: Estimator fit failed. The score on this train-test partition for these parameters will be set to nan. Details: 
ValueError: Unsupported set of arguments: The combination of penalty='l2' and loss='hinge' are not supported when dual=False, Parameters: penalty='l2', loss='hinge', dual=False

  FitFailedWarning)
/.autofs/tools/spack/opt/spack/linux-rhel7-x86_64/gcc-7.4.0/py-scikit-learn-0.22-bblye5gz3gsqwh3c4wkeqv42dnfboodc/lib/python3.6/site-packages/sklearn/model_selection/_validation.py:536: FitFailedWarning: Estimator fit failed. The score on this train-test partition for these parameters will be set to nan. Details: 
ValueError: Unsupported set of arguments: The combination of penalty='l1' and loss='hinge' is not supported, Parameters: penalty='l1', loss='hinge', dual=True

  FitFailedWarning)
/.autofs/tools/spack/opt/spack/linux-rhel7-x86_64/gcc-7.4.0/py-scikit-learn-0.22-bblye5gz3gsqwh3c4wkeqv42dnfboodc/lib/python3.6/site-packages/sklearn/svm/_base.py:947: ConvergenceWarning: Liblinear failed to converge, increase the number of iterations.
  "the number of iterations.", ConvergenceWarning)
/.autofs/tools/spack/opt/spack/linux-rhel7-x86_64/gcc-7.4.0/py-scikit-learn-0.22-bblye5gz3gsqwh3c4wkeqv42dnfboodc/lib/python3.6/site-packages/sklearn/model_selection/_validation.py:536: FitFailedWarning: Estimator fit failed. The score on this train-test partition for these parameters will be set to nan. Details: 
ValueError: Unsupported set of arguments: The combination of penalty='l1' and loss='squared_hinge' are not supported when dual=True, Parameters: penalty='l1', loss='squared_hinge', dual=True

  FitFailedWarning)
/.autofs/tools/spack/opt/spack/linux-rhel7-x86_64/gcc-7.4.0/py-scikit-learn-0.22-bblye5gz3gsqwh3c4wkeqv42dnfboodc/lib/python3.6/site-packages/sklearn/model_selection/_validation.py:536: FitFailedWarning: Estimator fit failed. The score on this train-test partition for these parameters will be set to nan. Details: 
ValueError: Unsupported set of arguments: The combination of penalty='l1' and loss='hinge' is not supported, Parameters: penalty='l1', loss='hinge', dual=False

  FitFailedWarning)
/.autofs/tools/spack/opt/spack/linux-rhel7-x86_64/gcc-7.4.0/py-scikit-learn-0.22-bblye5gz3gsqwh3c4wkeqv42dnfboodc/lib/python3.6/site-packages/sklearn/model_selection/_validation.py:536: FitFailedWarning: Estimator fit failed. The score on this train-test partition for these parameters will be set to nan. Details: 
ValueError: Unsupported set of arguments: The combination of penalty='l2' and loss='hinge' are not supported when dual=False, Parameters: penalty='l2', loss='hinge', dual=False

  FitFailedWarning)
/.autofs/tools/spack/opt/spack/linux-rhel7-x86_64/gcc-7.4.0/py-scikit-learn-0.22-bblye5gz3gsqwh3c4wkeqv42dnfboodc/lib/python3.6/site-packages/sklearn/model_selection/_validation.py:536: FitFailedWarning: Estimator fit failed. The score on this train-test partition for these parameters will be set to nan. Details: 
ValueError: Unsupported set of arguments: The combination of penalty='l1' and loss='hinge' is not supported, Parameters: penalty='l1', loss='hinge', dual=True

  FitFailedWarning)
/.autofs/tools/spack/opt/spack/linux-rhel7-x86_64/gcc-7.4.0/py-scikit-learn-0.22-bblye5gz3gsqwh3c4wkeqv42dnfboodc/lib/python3.6/site-packages/sklearn/svm/_base.py:947: ConvergenceWarning: Liblinear failed to converge, increase the number of iterations.
  "the number of iterations.", ConvergenceWarning)
/.autofs/tools/spack/opt/spack/linux-rhel7-x86_64/gcc-7.4.0/py-scikit-learn-0.22-bblye5gz3gsqwh3c4wkeqv42dnfboodc/lib/python3.6/site-packages/sklearn/model_selection/_validation.py:536: FitFailedWarning: Estimator fit failed. The score on this train-test partition for these parameters will be set to nan. Details: 
ValueError: Unsupported set of arguments: The combination of penalty='l1' and loss='squared_hinge' are not supported when dual=True, Parameters: penalty='l1', loss='squared_hinge', dual=True

  FitFailedWarning)
/.autofs/tools/spack/opt/spack/linux-rhel7-x86_64/gcc-7.4.0/py-scikit-learn-0.22-bblye5gz3gsqwh3c4wkeqv42dnfboodc/lib/python3.6/site-packages/sklearn/model_selection/_validation.py:536: FitFailedWarning: Estimator fit failed. The score on this train-test partition for these parameters will be set to nan. Details: 
ValueError: Unsupported set of arguments: The combination of penalty='l1' and loss='hinge' is not supported, Parameters: penalty='l1', loss='hinge', dual=False

  FitFailedWarning)
/.autofs/tools/spack/opt/spack/linux-rhel7-x86_64/gcc-7.4.0/py-scikit-learn-0.22-bblye5gz3gsqwh3c4wkeqv42dnfboodc/lib/python3.6/site-packages/sklearn/model_selection/_validation.py:536: FitFailedWarning: Estimator fit failed. The score on this train-test partition for these parameters will be set to nan. Details: 
ValueError: Unsupported set of arguments: The combination of penalty='l2' and loss='hinge' are not supported when dual=False, Parameters: penalty='l2', loss='hinge', dual=False

  FitFailedWarning)
/.autofs/tools/spack/opt/spack/linux-rhel7-x86_64/gcc-7.4.0/py-scikit-learn-0.22-bblye5gz3gsqwh3c4wkeqv42dnfboodc/lib/python3.6/site-packages/sklearn/model_selection/_validation.py:536: FitFailedWarning: Estimator fit failed. The score on this train-test partition for these parameters will be set to nan. Details: 
ValueError: Unsupported set of arguments: The combination of penalty='l1' and loss='hinge' is not supported, Parameters: penalty='l1', loss='hinge', dual=True

  FitFailedWarning)
/.autofs/tools/spack/opt/spack/linux-rhel7-x86_64/gcc-7.4.0/py-scikit-learn-0.22-bblye5gz3gsqwh3c4wkeqv42dnfboodc/lib/python3.6/site-packages/sklearn/svm/_base.py:947: ConvergenceWarning: Liblinear failed to converge, increase the number of iterations.
  "the number of iterations.", ConvergenceWarning)
/.autofs/tools/spack/opt/spack/linux-rhel7-x86_64/gcc-7.4.0/py-scikit-learn-0.22-bblye5gz3gsqwh3c4wkeqv42dnfboodc/lib/python3.6/site-packages/sklearn/model_selection/_validation.py:536: FitFailedWarning: Estimator fit failed. The score on this train-test partition for these parameters will be set to nan. Details: 
ValueError: Unsupported set of arguments: The combination of penalty='l1' and loss='squared_hinge' are not supported when dual=True, Parameters: penalty='l1', loss='squared_hinge', dual=True

  FitFailedWarning)
/.autofs/tools/spack/opt/spack/linux-rhel7-x86_64/gcc-7.4.0/py-scikit-learn-0.22-bblye5gz3gsqwh3c4wkeqv42dnfboodc/lib/python3.6/site-packages/sklearn/model_selection/_validation.py:536: FitFailedWarning: Estimator fit failed. The score on this train-test partition for these parameters will be set to nan. Details: 
ValueError: Unsupported set of arguments: The combination of penalty='l1' and loss='hinge' is not supported, Parameters: penalty='l1', loss='hinge', dual=False

  FitFailedWarning)
/.autofs/tools/spack/opt/spack/linux-rhel7-x86_64/gcc-7.4.0/py-scikit-learn-0.22-bblye5gz3gsqwh3c4wkeqv42dnfboodc/lib/python3.6/site-packages/sklearn/model_selection/_validation.py:536: FitFailedWarning: Estimator fit failed. The score on this train-test partition for these parameters will be set to nan. Details: 
ValueError: Unsupported set of arguments: The combination of penalty='l2' and loss='hinge' are not supported when dual=False, Parameters: penalty='l2', loss='hinge', dual=False

  FitFailedWarning)
/.autofs/tools/spack/opt/spack/linux-rhel7-x86_64/gcc-7.4.0/py-scikit-learn-0.22-bblye5gz3gsqwh3c4wkeqv42dnfboodc/lib/python3.6/site-packages/sklearn/model_selection/_validation.py:536: FitFailedWarning: Estimator fit failed. The score on this train-test partition for these parameters will be set to nan. Details: 
ValueError: Unsupported set of arguments: The combination of penalty='l1' and loss='hinge' is not supported, Parameters: penalty='l1', loss='hinge', dual=True

  FitFailedWarning)
/.autofs/tools/spack/opt/spack/linux-rhel7-x86_64/gcc-7.4.0/py-scikit-learn-0.22-bblye5gz3gsqwh3c4wkeqv42dnfboodc/lib/python3.6/site-packages/sklearn/svm/_base.py:947: ConvergenceWarning: Liblinear failed to converge, increase the number of iterations.
  "the number of iterations.", ConvergenceWarning)
/.autofs/tools/spack/opt/spack/linux-rhel7-x86_64/gcc-7.4.0/py-scikit-learn-0.22-bblye5gz3gsqwh3c4wkeqv42dnfboodc/lib/python3.6/site-packages/sklearn/model_selection/_validation.py:536: FitFailedWarning: Estimator fit failed. The score on this train-test partition for these parameters will be set to nan. Details: 
ValueError: Unsupported set of arguments: The combination of penalty='l1' and loss='squared_hinge' are not supported when dual=True, Parameters: penalty='l1', loss='squared_hinge', dual=True

  FitFailedWarning)
/.autofs/tools/spack/opt/spack/linux-rhel7-x86_64/gcc-7.4.0/py-scikit-learn-0.22-bblye5gz3gsqwh3c4wkeqv42dnfboodc/lib/python3.6/site-packages/sklearn/model_selection/_validation.py:536: FitFailedWarning: Estimator fit failed. The score on this train-test partition for these parameters will be set to nan. Details: 
ValueError: Unsupported set of arguments: The combination of penalty='l1' and loss='hinge' is not supported, Parameters: penalty='l1', loss='hinge', dual=False

  FitFailedWarning)
/.autofs/tools/spack/opt/spack/linux-rhel7-x86_64/gcc-7.4.0/py-scikit-learn-0.22-bblye5gz3gsqwh3c4wkeqv42dnfboodc/lib/python3.6/site-packages/sklearn/model_selection/_validation.py:536: FitFailedWarning: Estimator fit failed. The score on this train-test partition for these parameters will be set to nan. Details: 
ValueError: Unsupported set of arguments: The combination of penalty='l2' and loss='hinge' are not supported when dual=False, Parameters: penalty='l2', loss='hinge', dual=False

  FitFailedWarning)
/.autofs/tools/spack/opt/spack/linux-rhel7-x86_64/gcc-7.4.0/py-scikit-learn-0.22-bblye5gz3gsqwh3c4wkeqv42dnfboodc/lib/python3.6/site-packages/sklearn/model_selection/_validation.py:536: FitFailedWarning: Estimator fit failed. The score on this train-test partition for these parameters will be set to nan. Details: 
ValueError: Unsupported set of arguments: The combination of penalty='l1' and loss='hinge' is not supported, Parameters: penalty='l1', loss='hinge', dual=True

  FitFailedWarning)
/.autofs/tools/spack/opt/spack/linux-rhel7-x86_64/gcc-7.4.0/py-scikit-learn-0.22-bblye5gz3gsqwh3c4wkeqv42dnfboodc/lib/python3.6/site-packages/sklearn/svm/_base.py:947: ConvergenceWarning: Liblinear failed to converge, increase the number of iterations.
  "the number of iterations.", ConvergenceWarning)
/.autofs/tools/spack/opt/spack/linux-rhel7-x86_64/gcc-7.4.0/py-scikit-learn-0.22-bblye5gz3gsqwh3c4wkeqv42dnfboodc/lib/python3.6/site-packages/sklearn/model_selection/_validation.py:536: FitFailedWarning: Estimator fit failed. The score on this train-test partition for these parameters will be set to nan. Details: 
ValueError: Unsupported set of arguments: The combination of penalty='l1' and loss='squared_hinge' are not supported when dual=True, Parameters: penalty='l1', loss='squared_hinge', dual=True

  FitFailedWarning)
/.autofs/tools/spack/opt/spack/linux-rhel7-x86_64/gcc-7.4.0/py-scikit-learn-0.22-bblye5gz3gsqwh3c4wkeqv42dnfboodc/lib/python3.6/site-packages/sklearn/model_selection/_validation.py:536: FitFailedWarning: Estimator fit failed. The score on this train-test partition for these parameters will be set to nan. Details: 
ValueError: Unsupported set of arguments: The combination of penalty='l1' and loss='hinge' is not supported, Parameters: penalty='l1', loss='hinge', dual=False

  FitFailedWarning)
/.autofs/tools/spack/opt/spack/linux-rhel7-x86_64/gcc-7.4.0/py-scikit-learn-0.22-bblye5gz3gsqwh3c4wkeqv42dnfboodc/lib/python3.6/site-packages/sklearn/model_selection/_validation.py:536: FitFailedWarning: Estimator fit failed. The score on this train-test partition for these parameters will be set to nan. Details: 
ValueError: Unsupported set of arguments: The combination of penalty='l2' and loss='hinge' are not supported when dual=False, Parameters: penalty='l2', loss='hinge', dual=False

  FitFailedWarning)
/.autofs/tools/spack/opt/spack/linux-rhel7-x86_64/gcc-7.4.0/py-scikit-learn-0.22-bblye5gz3gsqwh3c4wkeqv42dnfboodc/lib/python3.6/site-packages/sklearn/model_selection/_validation.py:536: FitFailedWarning: Estimator fit failed. The score on this train-test partition for these parameters will be set to nan. Details: 
ValueError: Unsupported set of arguments: The combination of penalty='l1' and loss='hinge' is not supported, Parameters: penalty='l1', loss='hinge', dual=True

  FitFailedWarning)
/.autofs/tools/spack/opt/spack/linux-rhel7-x86_64/gcc-7.4.0/py-scikit-learn-0.22-bblye5gz3gsqwh3c4wkeqv42dnfboodc/lib/python3.6/site-packages/sklearn/svm/_base.py:947: ConvergenceWarning: Liblinear failed to converge, increase the number of iterations.
  "the number of iterations.", ConvergenceWarning)
/.autofs/tools/spack/opt/spack/linux-rhel7-x86_64/gcc-7.4.0/py-scikit-learn-0.22-bblye5gz3gsqwh3c4wkeqv42dnfboodc/lib/python3.6/site-packages/sklearn/model_selection/_validation.py:536: FitFailedWarning: Estimator fit failed. The score on this train-test partition for these parameters will be set to nan. Details: 
ValueError: Unsupported set of arguments: The combination of penalty='l1' and loss='squared_hinge' are not supported when dual=True, Parameters: penalty='l1', loss='squared_hinge', dual=True

  FitFailedWarning)
/.autofs/tools/spack/opt/spack/linux-rhel7-x86_64/gcc-7.4.0/py-scikit-learn-0.22-bblye5gz3gsqwh3c4wkeqv42dnfboodc/lib/python3.6/site-packages/sklearn/model_selection/_validation.py:536: FitFailedWarning: Estimator fit failed. The score on this train-test partition for these parameters will be set to nan. Details: 
ValueError: Unsupported set of arguments: The combination of penalty='l1' and loss='hinge' is not supported, Parameters: penalty='l1', loss='hinge', dual=False

  FitFailedWarning)
/.autofs/tools/spack/opt/spack/linux-rhel7-x86_64/gcc-7.4.0/py-scikit-learn-0.22-bblye5gz3gsqwh3c4wkeqv42dnfboodc/lib/python3.6/site-packages/sklearn/model_selection/_validation.py:536: FitFailedWarning: Estimator fit failed. The score on this train-test partition for these parameters will be set to nan. Details: 
ValueError: Unsupported set of arguments: The combination of penalty='l2' and loss='hinge' are not supported when dual=False, Parameters: penalty='l2', loss='hinge', dual=False

  FitFailedWarning)
/.autofs/tools/spack/opt/spack/linux-rhel7-x86_64/gcc-7.4.0/py-scikit-learn-0.22-bblye5gz3gsqwh3c4wkeqv42dnfboodc/lib/python3.6/site-packages/sklearn/model_selection/_validation.py:536: FitFailedWarning: Estimator fit failed. The score on this train-test partition for these parameters will be set to nan. Details: 
ValueError: Unsupported set of arguments: The combination of penalty='l1' and loss='hinge' is not supported, Parameters: penalty='l1', loss='hinge', dual=True

  FitFailedWarning)
/.autofs/tools/spack/opt/spack/linux-rhel7-x86_64/gcc-7.4.0/py-scikit-learn-0.22-bblye5gz3gsqwh3c4wkeqv42dnfboodc/lib/python3.6/site-packages/sklearn/svm/_base.py:947: ConvergenceWarning: Liblinear failed to converge, increase the number of iterations.
  "the number of iterations.", ConvergenceWarning)
/.autofs/tools/spack/opt/spack/linux-rhel7-x86_64/gcc-7.4.0/py-scikit-learn-0.22-bblye5gz3gsqwh3c4wkeqv42dnfboodc/lib/python3.6/site-packages/sklearn/model_selection/_validation.py:536: FitFailedWarning: Estimator fit failed. The score on this train-test partition for these parameters will be set to nan. Details: 
ValueError: Unsupported set of arguments: The combination of penalty='l1' and loss='squared_hinge' are not supported when dual=True, Parameters: penalty='l1', loss='squared_hinge', dual=True

  FitFailedWarning)
/.autofs/tools/spack/opt/spack/linux-rhel7-x86_64/gcc-7.4.0/py-scikit-learn-0.22-bblye5gz3gsqwh3c4wkeqv42dnfboodc/lib/python3.6/site-packages/sklearn/model_selection/_validation.py:536: FitFailedWarning: Estimator fit failed. The score on this train-test partition for these parameters will be set to nan. Details: 
ValueError: Unsupported set of arguments: The combination of penalty='l1' and loss='hinge' is not supported, Parameters: penalty='l1', loss='hinge', dual=False

  FitFailedWarning)
/.autofs/tools/spack/opt/spack/linux-rhel7-x86_64/gcc-7.4.0/py-scikit-learn-0.22-bblye5gz3gsqwh3c4wkeqv42dnfboodc/lib/python3.6/site-packages/sklearn/model_selection/_validation.py:536: FitFailedWarning: Estimator fit failed. The score on this train-test partition for these parameters will be set to nan. Details: 
ValueError: Unsupported set of arguments: The combination of penalty='l2' and loss='hinge' are not supported when dual=False, Parameters: penalty='l2', loss='hinge', dual=False

  FitFailedWarning)
/.autofs/tools/spack/opt/spack/linux-rhel7-x86_64/gcc-7.4.0/py-scikit-learn-0.22-bblye5gz3gsqwh3c4wkeqv42dnfboodc/lib/python3.6/site-packages/sklearn/model_selection/_validation.py:536: FitFailedWarning: Estimator fit failed. The score on this train-test partition for these parameters will be set to nan. Details: 
ValueError: Unsupported set of arguments: The combination of penalty='l1' and loss='hinge' is not supported, Parameters: penalty='l1', loss='hinge', dual=True

  FitFailedWarning)
/.autofs/tools/spack/opt/spack/linux-rhel7-x86_64/gcc-7.4.0/py-scikit-learn-0.22-bblye5gz3gsqwh3c4wkeqv42dnfboodc/lib/python3.6/site-packages/sklearn/svm/_base.py:947: ConvergenceWarning: Liblinear failed to converge, increase the number of iterations.
  "the number of iterations.", ConvergenceWarning)
/.autofs/tools/spack/opt/spack/linux-rhel7-x86_64/gcc-7.4.0/py-scikit-learn-0.22-bblye5gz3gsqwh3c4wkeqv42dnfboodc/lib/python3.6/site-packages/sklearn/model_selection/_validation.py:536: FitFailedWarning: Estimator fit failed. The score on this train-test partition for these parameters will be set to nan. Details: 
ValueError: Unsupported set of arguments: The combination of penalty='l1' and loss='squared_hinge' are not supported when dual=True, Parameters: penalty='l1', loss='squared_hinge', dual=True

  FitFailedWarning)
/.autofs/tools/spack/opt/spack/linux-rhel7-x86_64/gcc-7.4.0/py-scikit-learn-0.22-bblye5gz3gsqwh3c4wkeqv42dnfboodc/lib/python3.6/site-packages/sklearn/model_selection/_validation.py:536: FitFailedWarning: Estimator fit failed. The score on this train-test partition for these parameters will be set to nan. Details: 
ValueError: Unsupported set of arguments: The combination of penalty='l1' and loss='hinge' is not supported, Parameters: penalty='l1', loss='hinge', dual=False

  FitFailedWarning)
/.autofs/tools/spack/opt/spack/linux-rhel7-x86_64/gcc-7.4.0/py-scikit-learn-0.22-bblye5gz3gsqwh3c4wkeqv42dnfboodc/lib/python3.6/site-packages/sklearn/model_selection/_validation.py:536: FitFailedWarning: Estimator fit failed. The score on this train-test partition for these parameters will be set to nan. Details: 
ValueError: Unsupported set of arguments: The combination of penalty='l2' and loss='hinge' are not supported when dual=False, Parameters: penalty='l2', loss='hinge', dual=False

  FitFailedWarning)
/.autofs/tools/spack/opt/spack/linux-rhel7-x86_64/gcc-7.4.0/py-scikit-learn-0.22-bblye5gz3gsqwh3c4wkeqv42dnfboodc/lib/python3.6/site-packages/sklearn/model_selection/_validation.py:536: FitFailedWarning: Estimator fit failed. The score on this train-test partition for these parameters will be set to nan. Details: 
ValueError: Unsupported set of arguments: The combination of penalty='l1' and loss='hinge' is not supported, Parameters: penalty='l1', loss='hinge', dual=True

  FitFailedWarning)
/.autofs/tools/spack/opt/spack/linux-rhel7-x86_64/gcc-7.4.0/py-scikit-learn-0.22-bblye5gz3gsqwh3c4wkeqv42dnfboodc/lib/python3.6/site-packages/sklearn/svm/_base.py:947: ConvergenceWarning: Liblinear failed to converge, increase the number of iterations.
  "the number of iterations.", ConvergenceWarning)
/.autofs/tools/spack/opt/spack/linux-rhel7-x86_64/gcc-7.4.0/py-scikit-learn-0.22-bblye5gz3gsqwh3c4wkeqv42dnfboodc/lib/python3.6/site-packages/sklearn/model_selection/_validation.py:536: FitFailedWarning: Estimator fit failed. The score on this train-test partition for these parameters will be set to nan. Details: 
ValueError: Unsupported set of arguments: The combination of penalty='l1' and loss='squared_hinge' are not supported when dual=True, Parameters: penalty='l1', loss='squared_hinge', dual=True

  FitFailedWarning)
/.autofs/tools/spack/opt/spack/linux-rhel7-x86_64/gcc-7.4.0/py-scikit-learn-0.22-bblye5gz3gsqwh3c4wkeqv42dnfboodc/lib/python3.6/site-packages/sklearn/model_selection/_validation.py:536: FitFailedWarning: Estimator fit failed. The score on this train-test partition for these parameters will be set to nan. Details: 
ValueError: Unsupported set of arguments: The combination of penalty='l1' and loss='hinge' is not supported, Parameters: penalty='l1', loss='hinge', dual=False

  FitFailedWarning)
/.autofs/tools/spack/opt/spack/linux-rhel7-x86_64/gcc-7.4.0/py-scikit-learn-0.22-bblye5gz3gsqwh3c4wkeqv42dnfboodc/lib/python3.6/site-packages/sklearn/model_selection/_validation.py:536: FitFailedWarning: Estimator fit failed. The score on this train-test partition for these parameters will be set to nan. Details: 
ValueError: Unsupported set of arguments: The combination of penalty='l2' and loss='hinge' are not supported when dual=False, Parameters: penalty='l2', loss='hinge', dual=False

  FitFailedWarning)
/.autofs/tools/spack/opt/spack/linux-rhel7-x86_64/gcc-7.4.0/py-scikit-learn-0.22-bblye5gz3gsqwh3c4wkeqv42dnfboodc/lib/python3.6/site-packages/sklearn/model_selection/_validation.py:536: FitFailedWarning: Estimator fit failed. The score on this train-test partition for these parameters will be set to nan. Details: 
ValueError: Unsupported set of arguments: The combination of penalty='l1' and loss='hinge' is not supported, Parameters: penalty='l1', loss='hinge', dual=True

  FitFailedWarning)
/.autofs/tools/spack/opt/spack/linux-rhel7-x86_64/gcc-7.4.0/py-scikit-learn-0.22-bblye5gz3gsqwh3c4wkeqv42dnfboodc/lib/python3.6/site-packages/sklearn/svm/_base.py:947: ConvergenceWarning: Liblinear failed to converge, increase the number of iterations.
  "the number of iterations.", ConvergenceWarning)
/.autofs/tools/spack/opt/spack/linux-rhel7-x86_64/gcc-7.4.0/py-scikit-learn-0.22-bblye5gz3gsqwh3c4wkeqv42dnfboodc/lib/python3.6/site-packages/sklearn/model_selection/_validation.py:536: FitFailedWarning: Estimator fit failed. The score on this train-test partition for these parameters will be set to nan. Details: 
ValueError: Unsupported set of arguments: The combination of penalty='l1' and loss='squared_hinge' are not supported when dual=True, Parameters: penalty='l1', loss='squared_hinge', dual=True

  FitFailedWarning)
/.autofs/tools/spack/opt/spack/linux-rhel7-x86_64/gcc-7.4.0/py-scikit-learn-0.22-bblye5gz3gsqwh3c4wkeqv42dnfboodc/lib/python3.6/site-packages/sklearn/model_selection/_validation.py:536: FitFailedWarning: Estimator fit failed. The score on this train-test partition for these parameters will be set to nan. Details: 
ValueError: Unsupported set of arguments: The combination of penalty='l1' and loss='hinge' is not supported, Parameters: penalty='l1', loss='hinge', dual=False

  FitFailedWarning)
/.autofs/tools/spack/opt/spack/linux-rhel7-x86_64/gcc-7.4.0/py-scikit-learn-0.22-bblye5gz3gsqwh3c4wkeqv42dnfboodc/lib/python3.6/site-packages/sklearn/model_selection/_validation.py:536: FitFailedWarning: Estimator fit failed. The score on this train-test partition for these parameters will be set to nan. Details: 
ValueError: Unsupported set of arguments: The combination of penalty='l2' and loss='hinge' are not supported when dual=False, Parameters: penalty='l2', loss='hinge', dual=False

  FitFailedWarning)
/.autofs/tools/spack/opt/spack/linux-rhel7-x86_64/gcc-7.4.0/py-scikit-learn-0.22-bblye5gz3gsqwh3c4wkeqv42dnfboodc/lib/python3.6/site-packages/sklearn/model_selection/_validation.py:536: FitFailedWarning: Estimator fit failed. The score on this train-test partition for these parameters will be set to nan. Details: 
ValueError: Unsupported set of arguments: The combination of penalty='l1' and loss='hinge' is not supported, Parameters: penalty='l1', loss='hinge', dual=True

  FitFailedWarning)
/.autofs/tools/spack/opt/spack/linux-rhel7-x86_64/gcc-7.4.0/py-scikit-learn-0.22-bblye5gz3gsqwh3c4wkeqv42dnfboodc/lib/python3.6/site-packages/sklearn/svm/_base.py:947: ConvergenceWarning: Liblinear failed to converge, increase the number of iterations.
  "the number of iterations.", ConvergenceWarning)
/.autofs/tools/spack/opt/spack/linux-rhel7-x86_64/gcc-7.4.0/py-scikit-learn-0.22-bblye5gz3gsqwh3c4wkeqv42dnfboodc/lib/python3.6/site-packages/sklearn/model_selection/_validation.py:536: FitFailedWarning: Estimator fit failed. The score on this train-test partition for these parameters will be set to nan. Details: 
ValueError: Unsupported set of arguments: The combination of penalty='l1' and loss='squared_hinge' are not supported when dual=True, Parameters: penalty='l1', loss='squared_hinge', dual=True

  FitFailedWarning)
/.autofs/tools/spack/opt/spack/linux-rhel7-x86_64/gcc-7.4.0/py-scikit-learn-0.22-bblye5gz3gsqwh3c4wkeqv42dnfboodc/lib/python3.6/site-packages/sklearn/model_selection/_validation.py:536: FitFailedWarning: Estimator fit failed. The score on this train-test partition for these parameters will be set to nan. Details: 
ValueError: Unsupported set of arguments: The combination of penalty='l1' and loss='hinge' is not supported, Parameters: penalty='l1', loss='hinge', dual=False

  FitFailedWarning)
/.autofs/tools/spack/opt/spack/linux-rhel7-x86_64/gcc-7.4.0/py-scikit-learn-0.22-bblye5gz3gsqwh3c4wkeqv42dnfboodc/lib/python3.6/site-packages/sklearn/model_selection/_validation.py:536: FitFailedWarning: Estimator fit failed. The score on this train-test partition for these parameters will be set to nan. Details: 
ValueError: Unsupported set of arguments: The combination of penalty='l2' and loss='hinge' are not supported when dual=False, Parameters: penalty='l2', loss='hinge', dual=False

  FitFailedWarning)
/.autofs/tools/spack/opt/spack/linux-rhel7-x86_64/gcc-7.4.0/py-scikit-learn-0.22-bblye5gz3gsqwh3c4wkeqv42dnfboodc/lib/python3.6/site-packages/sklearn/model_selection/_validation.py:536: FitFailedWarning: Estimator fit failed. The score on this train-test partition for these parameters will be set to nan. Details: 
ValueError: Unsupported set of arguments: The combination of penalty='l1' and loss='hinge' is not supported, Parameters: penalty='l1', loss='hinge', dual=True

  FitFailedWarning)
/.autofs/tools/spack/opt/spack/linux-rhel7-x86_64/gcc-7.4.0/py-scikit-learn-0.22-bblye5gz3gsqwh3c4wkeqv42dnfboodc/lib/python3.6/site-packages/sklearn/svm/_base.py:947: ConvergenceWarning: Liblinear failed to converge, increase the number of iterations.
  "the number of iterations.", ConvergenceWarning)
/.autofs/tools/spack/opt/spack/linux-rhel7-x86_64/gcc-7.4.0/py-scikit-learn-0.22-bblye5gz3gsqwh3c4wkeqv42dnfboodc/lib/python3.6/site-packages/sklearn/model_selection/_validation.py:536: FitFailedWarning: Estimator fit failed. The score on this train-test partition for these parameters will be set to nan. Details: 
ValueError: Unsupported set of arguments: The combination of penalty='l1' and loss='squared_hinge' are not supported when dual=True, Parameters: penalty='l1', loss='squared_hinge', dual=True

  FitFailedWarning)
/.autofs/tools/spack/opt/spack/linux-rhel7-x86_64/gcc-7.4.0/py-scikit-learn-0.22-bblye5gz3gsqwh3c4wkeqv42dnfboodc/lib/python3.6/site-packages/sklearn/model_selection/_validation.py:536: FitFailedWarning: Estimator fit failed. The score on this train-test partition for these parameters will be set to nan. Details: 
ValueError: Unsupported set of arguments: The combination of penalty='l1' and loss='hinge' is not supported, Parameters: penalty='l1', loss='hinge', dual=False

  FitFailedWarning)
/.autofs/tools/spack/opt/spack/linux-rhel7-x86_64/gcc-7.4.0/py-scikit-learn-0.22-bblye5gz3gsqwh3c4wkeqv42dnfboodc/lib/python3.6/site-packages/sklearn/model_selection/_validation.py:536: FitFailedWarning: Estimator fit failed. The score on this train-test partition for these parameters will be set to nan. Details: 
ValueError: Unsupported set of arguments: The combination of penalty='l2' and loss='hinge' are not supported when dual=False, Parameters: penalty='l2', loss='hinge', dual=False

  FitFailedWarning)
/.autofs/tools/spack/opt/spack/linux-rhel7-x86_64/gcc-7.4.0/py-scikit-learn-0.22-bblye5gz3gsqwh3c4wkeqv42dnfboodc/lib/python3.6/site-packages/sklearn/model_selection/_validation.py:536: FitFailedWarning: Estimator fit failed. The score on this train-test partition for these parameters will be set to nan. Details: 
ValueError: Unsupported set of arguments: The combination of penalty='l1' and loss='hinge' is not supported, Parameters: penalty='l1', loss='hinge', dual=True

  FitFailedWarning)
/.autofs/tools/spack/opt/spack/linux-rhel7-x86_64/gcc-7.4.0/py-scikit-learn-0.22-bblye5gz3gsqwh3c4wkeqv42dnfboodc/lib/python3.6/site-packages/sklearn/svm/_base.py:947: ConvergenceWarning: Liblinear failed to converge, increase the number of iterations.
  "the number of iterations.", ConvergenceWarning)
/.autofs/tools/spack/opt/spack/linux-rhel7-x86_64/gcc-7.4.0/py-scikit-learn-0.22-bblye5gz3gsqwh3c4wkeqv42dnfboodc/lib/python3.6/site-packages/sklearn/model_selection/_validation.py:536: FitFailedWarning: Estimator fit failed. The score on this train-test partition for these parameters will be set to nan. Details: 
ValueError: Unsupported set of arguments: The combination of penalty='l1' and loss='squared_hinge' are not supported when dual=True, Parameters: penalty='l1', loss='squared_hinge', dual=True

  FitFailedWarning)
/.autofs/tools/spack/opt/spack/linux-rhel7-x86_64/gcc-7.4.0/py-scikit-learn-0.22-bblye5gz3gsqwh3c4wkeqv42dnfboodc/lib/python3.6/site-packages/sklearn/model_selection/_validation.py:536: FitFailedWarning: Estimator fit failed. The score on this train-test partition for these parameters will be set to nan. Details: 
ValueError: Unsupported set of arguments: The combination of penalty='l1' and loss='hinge' is not supported, Parameters: penalty='l1', loss='hinge', dual=False

  FitFailedWarning)
/.autofs/tools/spack/opt/spack/linux-rhel7-x86_64/gcc-7.4.0/py-scikit-learn-0.22-bblye5gz3gsqwh3c4wkeqv42dnfboodc/lib/python3.6/site-packages/sklearn/model_selection/_validation.py:536: FitFailedWarning: Estimator fit failed. The score on this train-test partition for these parameters will be set to nan. Details: 
ValueError: Unsupported set of arguments: The combination of penalty='l2' and loss='hinge' are not supported when dual=False, Parameters: penalty='l2', loss='hinge', dual=False

  FitFailedWarning)
/.autofs/tools/spack/opt/spack/linux-rhel7-x86_64/gcc-7.4.0/py-scikit-learn-0.22-bblye5gz3gsqwh3c4wkeqv42dnfboodc/lib/python3.6/site-packages/sklearn/model_selection/_validation.py:536: FitFailedWarning: Estimator fit failed. The score on this train-test partition for these parameters will be set to nan. Details: 
ValueError: Unsupported set of arguments: The combination of penalty='l1' and loss='hinge' is not supported, Parameters: penalty='l1', loss='hinge', dual=True

  FitFailedWarning)
/.autofs/tools/spack/opt/spack/linux-rhel7-x86_64/gcc-7.4.0/py-scikit-learn-0.22-bblye5gz3gsqwh3c4wkeqv42dnfboodc/lib/python3.6/site-packages/sklearn/svm/_base.py:947: ConvergenceWarning: Liblinear failed to converge, increase the number of iterations.
  "the number of iterations.", ConvergenceWarning)
/.autofs/tools/spack/opt/spack/linux-rhel7-x86_64/gcc-7.4.0/py-scikit-learn-0.22-bblye5gz3gsqwh3c4wkeqv42dnfboodc/lib/python3.6/site-packages/sklearn/model_selection/_validation.py:536: FitFailedWarning: Estimator fit failed. The score on this train-test partition for these parameters will be set to nan. Details: 
ValueError: Unsupported set of arguments: The combination of penalty='l1' and loss='squared_hinge' are not supported when dual=True, Parameters: penalty='l1', loss='squared_hinge', dual=True

  FitFailedWarning)
/.autofs/tools/spack/opt/spack/linux-rhel7-x86_64/gcc-7.4.0/py-scikit-learn-0.22-bblye5gz3gsqwh3c4wkeqv42dnfboodc/lib/python3.6/site-packages/sklearn/model_selection/_validation.py:536: FitFailedWarning: Estimator fit failed. The score on this train-test partition for these parameters will be set to nan. Details: 
ValueError: Unsupported set of arguments: The combination of penalty='l1' and loss='hinge' is not supported, Parameters: penalty='l1', loss='hinge', dual=False

  FitFailedWarning)
/.autofs/tools/spack/opt/spack/linux-rhel7-x86_64/gcc-7.4.0/py-scikit-learn-0.22-bblye5gz3gsqwh3c4wkeqv42dnfboodc/lib/python3.6/site-packages/sklearn/model_selection/_validation.py:536: FitFailedWarning: Estimator fit failed. The score on this train-test partition for these parameters will be set to nan. Details: 
ValueError: Unsupported set of arguments: The combination of penalty='l2' and loss='hinge' are not supported when dual=False, Parameters: penalty='l2', loss='hinge', dual=False

  FitFailedWarning)
/.autofs/tools/spack/opt/spack/linux-rhel7-x86_64/gcc-7.4.0/py-scikit-learn-0.22-bblye5gz3gsqwh3c4wkeqv42dnfboodc/lib/python3.6/site-packages/sklearn/model_selection/_validation.py:536: FitFailedWarning: Estimator fit failed. The score on this train-test partition for these parameters will be set to nan. Details: 
ValueError: Unsupported set of arguments: The combination of penalty='l1' and loss='hinge' is not supported, Parameters: penalty='l1', loss='hinge', dual=True

  FitFailedWarning)
/.autofs/tools/spack/opt/spack/linux-rhel7-x86_64/gcc-7.4.0/py-scikit-learn-0.22-bblye5gz3gsqwh3c4wkeqv42dnfboodc/lib/python3.6/site-packages/sklearn/svm/_base.py:947: ConvergenceWarning: Liblinear failed to converge, increase the number of iterations.
  "the number of iterations.", ConvergenceWarning)
/.autofs/tools/spack/opt/spack/linux-rhel7-x86_64/gcc-7.4.0/py-scikit-learn-0.22-bblye5gz3gsqwh3c4wkeqv42dnfboodc/lib/python3.6/site-packages/sklearn/model_selection/_validation.py:536: FitFailedWarning: Estimator fit failed. The score on this train-test partition for these parameters will be set to nan. Details: 
ValueError: Unsupported set of arguments: The combination of penalty='l1' and loss='squared_hinge' are not supported when dual=True, Parameters: penalty='l1', loss='squared_hinge', dual=True

  FitFailedWarning)
/.autofs/tools/spack/opt/spack/linux-rhel7-x86_64/gcc-7.4.0/py-scikit-learn-0.22-bblye5gz3gsqwh3c4wkeqv42dnfboodc/lib/python3.6/site-packages/sklearn/model_selection/_validation.py:536: FitFailedWarning: Estimator fit failed. The score on this train-test partition for these parameters will be set to nan. Details: 
ValueError: Unsupported set of arguments: The combination of penalty='l1' and loss='hinge' is not supported, Parameters: penalty='l1', loss='hinge', dual=False

  FitFailedWarning)
/.autofs/tools/spack/opt/spack/linux-rhel7-x86_64/gcc-7.4.0/py-scikit-learn-0.22-bblye5gz3gsqwh3c4wkeqv42dnfboodc/lib/python3.6/site-packages/sklearn/model_selection/_validation.py:536: FitFailedWarning: Estimator fit failed. The score on this train-test partition for these parameters will be set to nan. Details: 
ValueError: Unsupported set of arguments: The combination of penalty='l2' and loss='hinge' are not supported when dual=False, Parameters: penalty='l2', loss='hinge', dual=False

  FitFailedWarning)
/.autofs/tools/spack/opt/spack/linux-rhel7-x86_64/gcc-7.4.0/py-scikit-learn-0.22-bblye5gz3gsqwh3c4wkeqv42dnfboodc/lib/python3.6/site-packages/sklearn/model_selection/_validation.py:536: FitFailedWarning: Estimator fit failed. The score on this train-test partition for these parameters will be set to nan. Details: 
ValueError: Unsupported set of arguments: The combination of penalty='l1' and loss='hinge' is not supported, Parameters: penalty='l1', loss='hinge', dual=True

  FitFailedWarning)
/.autofs/tools/spack/opt/spack/linux-rhel7-x86_64/gcc-7.4.0/py-scikit-learn-0.22-bblye5gz3gsqwh3c4wkeqv42dnfboodc/lib/python3.6/site-packages/sklearn/svm/_base.py:947: ConvergenceWarning: Liblinear failed to converge, increase the number of iterations.
  "the number of iterations.", ConvergenceWarning)
/.autofs/tools/spack/opt/spack/linux-rhel7-x86_64/gcc-7.4.0/py-scikit-learn-0.22-bblye5gz3gsqwh3c4wkeqv42dnfboodc/lib/python3.6/site-packages/sklearn/model_selection/_validation.py:536: FitFailedWarning: Estimator fit failed. The score on this train-test partition for these parameters will be set to nan. Details: 
ValueError: Unsupported set of arguments: The combination of penalty='l1' and loss='squared_hinge' are not supported when dual=True, Parameters: penalty='l1', loss='squared_hinge', dual=True

  FitFailedWarning)
/.autofs/tools/spack/opt/spack/linux-rhel7-x86_64/gcc-7.4.0/py-scikit-learn-0.22-bblye5gz3gsqwh3c4wkeqv42dnfboodc/lib/python3.6/site-packages/sklearn/model_selection/_validation.py:536: FitFailedWarning: Estimator fit failed. The score on this train-test partition for these parameters will be set to nan. Details: 
ValueError: Unsupported set of arguments: The combination of penalty='l1' and loss='hinge' is not supported, Parameters: penalty='l1', loss='hinge', dual=False

  FitFailedWarning)
/.autofs/tools/spack/opt/spack/linux-rhel7-x86_64/gcc-7.4.0/py-scikit-learn-0.22-bblye5gz3gsqwh3c4wkeqv42dnfboodc/lib/python3.6/site-packages/sklearn/model_selection/_validation.py:536: FitFailedWarning: Estimator fit failed. The score on this train-test partition for these parameters will be set to nan. Details: 
ValueError: Unsupported set of arguments: The combination of penalty='l2' and loss='hinge' are not supported when dual=False, Parameters: penalty='l2', loss='hinge', dual=False

  FitFailedWarning)
/.autofs/tools/spack/opt/spack/linux-rhel7-x86_64/gcc-7.4.0/py-scikit-learn-0.22-bblye5gz3gsqwh3c4wkeqv42dnfboodc/lib/python3.6/site-packages/sklearn/model_selection/_validation.py:536: FitFailedWarning: Estimator fit failed. The score on this train-test partition for these parameters will be set to nan. Details: 
ValueError: Unsupported set of arguments: The combination of penalty='l1' and loss='hinge' is not supported, Parameters: penalty='l1', loss='hinge', dual=True

  FitFailedWarning)
/.autofs/tools/spack/opt/spack/linux-rhel7-x86_64/gcc-7.4.0/py-scikit-learn-0.22-bblye5gz3gsqwh3c4wkeqv42dnfboodc/lib/python3.6/site-packages/sklearn/svm/_base.py:947: ConvergenceWarning: Liblinear failed to converge, increase the number of iterations.
  "the number of iterations.", ConvergenceWarning)
/.autofs/tools/spack/opt/spack/linux-rhel7-x86_64/gcc-7.4.0/py-scikit-learn-0.22-bblye5gz3gsqwh3c4wkeqv42dnfboodc/lib/python3.6/site-packages/sklearn/model_selection/_validation.py:536: FitFailedWarning: Estimator fit failed. The score on this train-test partition for these parameters will be set to nan. Details: 
ValueError: Unsupported set of arguments: The combination of penalty='l1' and loss='squared_hinge' are not supported when dual=True, Parameters: penalty='l1', loss='squared_hinge', dual=True

  FitFailedWarning)
/.autofs/tools/spack/opt/spack/linux-rhel7-x86_64/gcc-7.4.0/py-scikit-learn-0.22-bblye5gz3gsqwh3c4wkeqv42dnfboodc/lib/python3.6/site-packages/sklearn/model_selection/_validation.py:536: FitFailedWarning: Estimator fit failed. The score on this train-test partition for these parameters will be set to nan. Details: 
ValueError: Unsupported set of arguments: The combination of penalty='l1' and loss='hinge' is not supported, Parameters: penalty='l1', loss='hinge', dual=False

  FitFailedWarning)
/.autofs/tools/spack/opt/spack/linux-rhel7-x86_64/gcc-7.4.0/py-scikit-learn-0.22-bblye5gz3gsqwh3c4wkeqv42dnfboodc/lib/python3.6/site-packages/sklearn/model_selection/_validation.py:536: FitFailedWarning: Estimator fit failed. The score on this train-test partition for these parameters will be set to nan. Details: 
ValueError: Unsupported set of arguments: The combination of penalty='l2' and loss='hinge' are not supported when dual=False, Parameters: penalty='l2', loss='hinge', dual=False

  FitFailedWarning)
/.autofs/tools/spack/opt/spack/linux-rhel7-x86_64/gcc-7.4.0/py-scikit-learn-0.22-bblye5gz3gsqwh3c4wkeqv42dnfboodc/lib/python3.6/site-packages/sklearn/model_selection/_validation.py:536: FitFailedWarning: Estimator fit failed. The score on this train-test partition for these parameters will be set to nan. Details: 
ValueError: Unsupported set of arguments: The combination of penalty='l1' and loss='hinge' is not supported, Parameters: penalty='l1', loss='hinge', dual=True

  FitFailedWarning)
/.autofs/tools/spack/opt/spack/linux-rhel7-x86_64/gcc-7.4.0/py-scikit-learn-0.22-bblye5gz3gsqwh3c4wkeqv42dnfboodc/lib/python3.6/site-packages/sklearn/svm/_base.py:947: ConvergenceWarning: Liblinear failed to converge, increase the number of iterations.
  "the number of iterations.", ConvergenceWarning)
/.autofs/tools/spack/opt/spack/linux-rhel7-x86_64/gcc-7.4.0/py-scikit-learn-0.22-bblye5gz3gsqwh3c4wkeqv42dnfboodc/lib/python3.6/site-packages/sklearn/model_selection/_validation.py:536: FitFailedWarning: Estimator fit failed. The score on this train-test partition for these parameters will be set to nan. Details: 
ValueError: Unsupported set of arguments: The combination of penalty='l1' and loss='squared_hinge' are not supported when dual=True, Parameters: penalty='l1', loss='squared_hinge', dual=True

  FitFailedWarning)
/.autofs/tools/spack/opt/spack/linux-rhel7-x86_64/gcc-7.4.0/py-scikit-learn-0.22-bblye5gz3gsqwh3c4wkeqv42dnfboodc/lib/python3.6/site-packages/sklearn/model_selection/_validation.py:536: FitFailedWarning: Estimator fit failed. The score on this train-test partition for these parameters will be set to nan. Details: 
ValueError: Unsupported set of arguments: The combination of penalty='l1' and loss='hinge' is not supported, Parameters: penalty='l1', loss='hinge', dual=False

  FitFailedWarning)
/.autofs/tools/spack/opt/spack/linux-rhel7-x86_64/gcc-7.4.0/py-scikit-learn-0.22-bblye5gz3gsqwh3c4wkeqv42dnfboodc/lib/python3.6/site-packages/sklearn/model_selection/_validation.py:536: FitFailedWarning: Estimator fit failed. The score on this train-test partition for these parameters will be set to nan. Details: 
ValueError: Unsupported set of arguments: The combination of penalty='l2' and loss='hinge' are not supported when dual=False, Parameters: penalty='l2', loss='hinge', dual=False

  FitFailedWarning)
/.autofs/tools/spack/opt/spack/linux-rhel7-x86_64/gcc-7.4.0/py-scikit-learn-0.22-bblye5gz3gsqwh3c4wkeqv42dnfboodc/lib/python3.6/site-packages/sklearn/model_selection/_validation.py:536: FitFailedWarning: Estimator fit failed. The score on this train-test partition for these parameters will be set to nan. Details: 
ValueError: Unsupported set of arguments: The combination of penalty='l1' and loss='hinge' is not supported, Parameters: penalty='l1', loss='hinge', dual=True

  FitFailedWarning)
/.autofs/tools/spack/opt/spack/linux-rhel7-x86_64/gcc-7.4.0/py-scikit-learn-0.22-bblye5gz3gsqwh3c4wkeqv42dnfboodc/lib/python3.6/site-packages/sklearn/svm/_base.py:947: ConvergenceWarning: Liblinear failed to converge, increase the number of iterations.
  "the number of iterations.", ConvergenceWarning)
/.autofs/tools/spack/opt/spack/linux-rhel7-x86_64/gcc-7.4.0/py-scikit-learn-0.22-bblye5gz3gsqwh3c4wkeqv42dnfboodc/lib/python3.6/site-packages/sklearn/model_selection/_validation.py:536: FitFailedWarning: Estimator fit failed. The score on this train-test partition for these parameters will be set to nan. Details: 
ValueError: Unsupported set of arguments: The combination of penalty='l1' and loss='squared_hinge' are not supported when dual=True, Parameters: penalty='l1', loss='squared_hinge', dual=True

  FitFailedWarning)
/.autofs/tools/spack/opt/spack/linux-rhel7-x86_64/gcc-7.4.0/py-scikit-learn-0.22-bblye5gz3gsqwh3c4wkeqv42dnfboodc/lib/python3.6/site-packages/sklearn/model_selection/_validation.py:536: FitFailedWarning: Estimator fit failed. The score on this train-test partition for these parameters will be set to nan. Details: 
ValueError: Unsupported set of arguments: The combination of penalty='l1' and loss='hinge' is not supported, Parameters: penalty='l1', loss='hinge', dual=False

  FitFailedWarning)
/.autofs/tools/spack/opt/spack/linux-rhel7-x86_64/gcc-7.4.0/py-scikit-learn-0.22-bblye5gz3gsqwh3c4wkeqv42dnfboodc/lib/python3.6/site-packages/sklearn/model_selection/_validation.py:536: FitFailedWarning: Estimator fit failed. The score on this train-test partition for these parameters will be set to nan. Details: 
ValueError: Unsupported set of arguments: The combination of penalty='l2' and loss='hinge' are not supported when dual=False, Parameters: penalty='l2', loss='hinge', dual=False

  FitFailedWarning)
/.autofs/tools/spack/opt/spack/linux-rhel7-x86_64/gcc-7.4.0/py-scikit-learn-0.22-bblye5gz3gsqwh3c4wkeqv42dnfboodc/lib/python3.6/site-packages/sklearn/model_selection/_validation.py:536: FitFailedWarning: Estimator fit failed. The score on this train-test partition for these parameters will be set to nan. Details: 
ValueError: Unsupported set of arguments: The combination of penalty='l1' and loss='hinge' is not supported, Parameters: penalty='l1', loss='hinge', dual=True

  FitFailedWarning)
/.autofs/tools/spack/opt/spack/linux-rhel7-x86_64/gcc-7.4.0/py-scikit-learn-0.22-bblye5gz3gsqwh3c4wkeqv42dnfboodc/lib/python3.6/site-packages/sklearn/svm/_base.py:947: ConvergenceWarning: Liblinear failed to converge, increase the number of iterations.
  "the number of iterations.", ConvergenceWarning)
/.autofs/tools/spack/opt/spack/linux-rhel7-x86_64/gcc-7.4.0/py-scikit-learn-0.22-bblye5gz3gsqwh3c4wkeqv42dnfboodc/lib/python3.6/site-packages/sklearn/model_selection/_validation.py:536: FitFailedWarning: Estimator fit failed. The score on this train-test partition for these parameters will be set to nan. Details: 
ValueError: Unsupported set of arguments: The combination of penalty='l1' and loss='squared_hinge' are not supported when dual=True, Parameters: penalty='l1', loss='squared_hinge', dual=True

  FitFailedWarning)
/.autofs/tools/spack/opt/spack/linux-rhel7-x86_64/gcc-7.4.0/py-scikit-learn-0.22-bblye5gz3gsqwh3c4wkeqv42dnfboodc/lib/python3.6/site-packages/sklearn/model_selection/_validation.py:536: FitFailedWarning: Estimator fit failed. The score on this train-test partition for these parameters will be set to nan. Details: 
ValueError: Unsupported set of arguments: The combination of penalty='l1' and loss='hinge' is not supported, Parameters: penalty='l1', loss='hinge', dual=False

  FitFailedWarning)
/.autofs/tools/spack/opt/spack/linux-rhel7-x86_64/gcc-7.4.0/py-scikit-learn-0.22-bblye5gz3gsqwh3c4wkeqv42dnfboodc/lib/python3.6/site-packages/sklearn/model_selection/_validation.py:536: FitFailedWarning: Estimator fit failed. The score on this train-test partition for these parameters will be set to nan. Details: 
ValueError: Unsupported set of arguments: The combination of penalty='l2' and loss='hinge' are not supported when dual=False, Parameters: penalty='l2', loss='hinge', dual=False

  FitFailedWarning)
/.autofs/tools/spack/opt/spack/linux-rhel7-x86_64/gcc-7.4.0/py-scikit-learn-0.22-bblye5gz3gsqwh3c4wkeqv42dnfboodc/lib/python3.6/site-packages/sklearn/model_selection/_validation.py:536: FitFailedWarning: Estimator fit failed. The score on this train-test partition for these parameters will be set to nan. Details: 
ValueError: Unsupported set of arguments: The combination of penalty='l1' and loss='hinge' is not supported, Parameters: penalty='l1', loss='hinge', dual=True

  FitFailedWarning)
/.autofs/tools/spack/opt/spack/linux-rhel7-x86_64/gcc-7.4.0/py-scikit-learn-0.22-bblye5gz3gsqwh3c4wkeqv42dnfboodc/lib/python3.6/site-packages/sklearn/svm/_base.py:947: ConvergenceWarning: Liblinear failed to converge, increase the number of iterations.
  "the number of iterations.", ConvergenceWarning)
/.autofs/tools/spack/opt/spack/linux-rhel7-x86_64/gcc-7.4.0/py-scikit-learn-0.22-bblye5gz3gsqwh3c4wkeqv42dnfboodc/lib/python3.6/site-packages/sklearn/model_selection/_validation.py:536: FitFailedWarning: Estimator fit failed. The score on this train-test partition for these parameters will be set to nan. Details: 
ValueError: Unsupported set of arguments: The combination of penalty='l1' and loss='squared_hinge' are not supported when dual=True, Parameters: penalty='l1', loss='squared_hinge', dual=True

  FitFailedWarning)
/.autofs/tools/spack/opt/spack/linux-rhel7-x86_64/gcc-7.4.0/py-scikit-learn-0.22-bblye5gz3gsqwh3c4wkeqv42dnfboodc/lib/python3.6/site-packages/sklearn/model_selection/_validation.py:536: FitFailedWarning: Estimator fit failed. The score on this train-test partition for these parameters will be set to nan. Details: 
ValueError: Unsupported set of arguments: The combination of penalty='l1' and loss='hinge' is not supported, Parameters: penalty='l1', loss='hinge', dual=False

  FitFailedWarning)
/.autofs/tools/spack/opt/spack/linux-rhel7-x86_64/gcc-7.4.0/py-scikit-learn-0.22-bblye5gz3gsqwh3c4wkeqv42dnfboodc/lib/python3.6/site-packages/sklearn/model_selection/_validation.py:536: FitFailedWarning: Estimator fit failed. The score on this train-test partition for these parameters will be set to nan. Details: 
ValueError: Unsupported set of arguments: The combination of penalty='l2' and loss='hinge' are not supported when dual=False, Parameters: penalty='l2', loss='hinge', dual=False

  FitFailedWarning)
/.autofs/tools/spack/opt/spack/linux-rhel7-x86_64/gcc-7.4.0/py-scikit-learn-0.22-bblye5gz3gsqwh3c4wkeqv42dnfboodc/lib/python3.6/site-packages/sklearn/model_selection/_validation.py:536: FitFailedWarning: Estimator fit failed. The score on this train-test partition for these parameters will be set to nan. Details: 
ValueError: Unsupported set of arguments: The combination of penalty='l1' and loss='hinge' is not supported, Parameters: penalty='l1', loss='hinge', dual=True

  FitFailedWarning)
/.autofs/tools/spack/opt/spack/linux-rhel7-x86_64/gcc-7.4.0/py-scikit-learn-0.22-bblye5gz3gsqwh3c4wkeqv42dnfboodc/lib/python3.6/site-packages/sklearn/svm/_base.py:947: ConvergenceWarning: Liblinear failed to converge, increase the number of iterations.
  "the number of iterations.", ConvergenceWarning)
/.autofs/tools/spack/opt/spack/linux-rhel7-x86_64/gcc-7.4.0/py-scikit-learn-0.22-bblye5gz3gsqwh3c4wkeqv42dnfboodc/lib/python3.6/site-packages/sklearn/model_selection/_validation.py:536: FitFailedWarning: Estimator fit failed. The score on this train-test partition for these parameters will be set to nan. Details: 
ValueError: Unsupported set of arguments: The combination of penalty='l1' and loss='squared_hinge' are not supported when dual=True, Parameters: penalty='l1', loss='squared_hinge', dual=True

  FitFailedWarning)
/.autofs/tools/spack/opt/spack/linux-rhel7-x86_64/gcc-7.4.0/py-scikit-learn-0.22-bblye5gz3gsqwh3c4wkeqv42dnfboodc/lib/python3.6/site-packages/sklearn/model_selection/_validation.py:536: FitFailedWarning: Estimator fit failed. The score on this train-test partition for these parameters will be set to nan. Details: 
ValueError: Unsupported set of arguments: The combination of penalty='l1' and loss='hinge' is not supported, Parameters: penalty='l1', loss='hinge', dual=False

  FitFailedWarning)
/.autofs/tools/spack/opt/spack/linux-rhel7-x86_64/gcc-7.4.0/py-scikit-learn-0.22-bblye5gz3gsqwh3c4wkeqv42dnfboodc/lib/python3.6/site-packages/sklearn/model_selection/_validation.py:536: FitFailedWarning: Estimator fit failed. The score on this train-test partition for these parameters will be set to nan. Details: 
ValueError: Unsupported set of arguments: The combination of penalty='l2' and loss='hinge' are not supported when dual=False, Parameters: penalty='l2', loss='hinge', dual=False

  FitFailedWarning)
/.autofs/tools/spack/opt/spack/linux-rhel7-x86_64/gcc-7.4.0/py-scikit-learn-0.22-bblye5gz3gsqwh3c4wkeqv42dnfboodc/lib/python3.6/site-packages/sklearn/model_selection/_validation.py:536: FitFailedWarning: Estimator fit failed. The score on this train-test partition for these parameters will be set to nan. Details: 
ValueError: Unsupported set of arguments: The combination of penalty='l1' and loss='hinge' is not supported, Parameters: penalty='l1', loss='hinge', dual=True

  FitFailedWarning)
/.autofs/tools/spack/opt/spack/linux-rhel7-x86_64/gcc-7.4.0/py-scikit-learn-0.22-bblye5gz3gsqwh3c4wkeqv42dnfboodc/lib/python3.6/site-packages/sklearn/svm/_base.py:947: ConvergenceWarning: Liblinear failed to converge, increase the number of iterations.
  "the number of iterations.", ConvergenceWarning)
/.autofs/tools/spack/opt/spack/linux-rhel7-x86_64/gcc-7.4.0/py-scikit-learn-0.22-bblye5gz3gsqwh3c4wkeqv42dnfboodc/lib/python3.6/site-packages/sklearn/model_selection/_validation.py:536: FitFailedWarning: Estimator fit failed. The score on this train-test partition for these parameters will be set to nan. Details: 
ValueError: Unsupported set of arguments: The combination of penalty='l1' and loss='squared_hinge' are not supported when dual=True, Parameters: penalty='l1', loss='squared_hinge', dual=True

  FitFailedWarning)
/.autofs/tools/spack/opt/spack/linux-rhel7-x86_64/gcc-7.4.0/py-scikit-learn-0.22-bblye5gz3gsqwh3c4wkeqv42dnfboodc/lib/python3.6/site-packages/sklearn/model_selection/_validation.py:536: FitFailedWarning: Estimator fit failed. The score on this train-test partition for these parameters will be set to nan. Details: 
ValueError: Unsupported set of arguments: The combination of penalty='l1' and loss='hinge' is not supported, Parameters: penalty='l1', loss='hinge', dual=False

  FitFailedWarning)
/.autofs/tools/spack/opt/spack/linux-rhel7-x86_64/gcc-7.4.0/py-scikit-learn-0.22-bblye5gz3gsqwh3c4wkeqv42dnfboodc/lib/python3.6/site-packages/sklearn/model_selection/_validation.py:536: FitFailedWarning: Estimator fit failed. The score on this train-test partition for these parameters will be set to nan. Details: 
ValueError: Unsupported set of arguments: The combination of penalty='l2' and loss='hinge' are not supported when dual=False, Parameters: penalty='l2', loss='hinge', dual=False

  FitFailedWarning)

real	199m17.220s
user	4634m42.676s
sys	11m23.641s
