==> Error: the constraint '['python']' matches multiple packages:
	rfzhypa python@2.7.16%gcc@7.4.0+bz2+ctypes+dbm+lzma~nis~optimizations+pic+pyexpat+pythoncmd+readline+shared+sqlite3+ssl~tix+tkinter~ucs4~uuid+zlib arch=linux-rhel7-skylake_avx512
		^sqlite@3.30.1%gcc@7.4.0+column_metadata+fts+fts3+fts5+functions+rtree arch=linux-rhel7-skylake_avx512/3en4s7q
		^libx11@1.6.7%gcc@7.4.0 arch=linux-rhel7-skylake_avx512/orhy5g6
		^tar@1.32%gcc@7.4.0 arch=linux-rhel7-skylake_avx512/uieukca
		^libxml2@2.9.9%gcc@7.4.0~python arch=linux-rhel7-skylake_avx512/fajjc45
		^expat@2.2.9%gcc@7.4.0+libbsd arch=linux-rhel7-skylake_avx512/tsn3xuc
		^font-util@1.3.2%gcc@7.4.0 fonts=encodings,font-adobe-100dpi,font-adobe-75dpi,font-adobe-utopia-100dpi,font-adobe-utopia-75dpi,font-adobe-utopia-type1,font-alias,font-arabic-misc,font-bh-100dpi,font-bh-75dpi,font-bh-lucidatypewriter-100dpi,font-bh-lucidatypewriter-75dpi,font-bh-ttf,font-bh-type1,font-bitstream-100dpi,font-bitstream-75dpi,font-bitstream-speedo,font-bitstream-type1,font-cronyx-cyrillic,font-cursor-misc,font-daewoo-misc,font-dec-misc,font-ibm-type1,font-isas-misc,font-jis-misc,font-micro-misc,font-misc-cyrillic,font-misc-ethiopic,font-misc-meltho,font-misc-misc,font-mutt-misc,font-schumacher-misc,font-screen-cyrillic,font-sun-misc,font-winitzki-cyrillic,font-xfree86-type1 arch=linux-rhel7-skylake_avx512/wu6rsq3
		^xz@5.2.4%gcc@7.4.0 arch=linux-rhel7-skylake_avx512/cguxahu
		^tcl@8.6.8%gcc@7.4.0 arch=linux-rhel7-skylake_avx512/vwnt5q4
		^libxcb@1.13%gcc@7.4.0 arch=linux-rhel7-skylake_avx512/6jwjgwn
		^gdbm@1.18.1%gcc@7.4.0 arch=linux-rhel7-skylake_avx512/6qpgo63
		^libpthread-stubs@0.4%gcc@7.4.0 arch=linux-rhel7-skylake_avx512/252xv3s
		^libbsd@0.10.0%gcc@7.4.0 arch=linux-rhel7-skylake_avx512/pbwdxze
		^libxau@1.0.8%gcc@7.4.0 arch=linux-rhel7-skylake_avx512/fteimsh
		^bzip2@1.0.8%gcc@7.4.0+shared arch=linux-rhel7-skylake_avx512/xdklhbb
		^libxdmcp@1.1.2%gcc@7.4.0 arch=linux-rhel7-skylake_avx512/bmr7o7e
		^renderproto@0.11.1%gcc@7.4.0 arch=linux-rhel7-skylake_avx512/erwwglc
		^gettext@0.20.1%gcc@7.4.0+bzip2+curses+git~libunistring+libxml2+tar+xz arch=linux-rhel7-skylake_avx512/siytymz
		^fontconfig@2.12.3%gcc@7.4.0 arch=linux-rhel7-skylake_avx512/of5esqj
		^tk@8.6.8%gcc@7.4.0+xft+xss arch=linux-rhel7-skylake_avx512/lwalxlu
		^libpng@1.6.37%gcc@7.4.0 arch=linux-rhel7-skylake_avx512/rc2zmcc
		^libxext@1.3.3%gcc@7.4.0 arch=linux-rhel7-skylake_avx512/vd7e7al
		^kbproto@1.0.7%gcc@7.4.0 arch=linux-rhel7-skylake_avx512/5zshq2m
		^freetype@2.10.1%gcc@7.4.0 arch=linux-rhel7-skylake_avx512/nvtnpzp
		^xextproto@7.3.0%gcc@7.4.0 arch=linux-rhel7-skylake_avx512/oxeobg2
		^ncurses@6.1%gcc@7.4.0~symlinks~termlib arch=linux-rhel7-skylake_avx512/ejkppmn
		^xproto@7.0.31%gcc@7.4.0 arch=linux-rhel7-skylake_avx512/hq23tfm
		^libffi@3.2.1%gcc@7.4.0 arch=linux-rhel7-skylake_avx512/oxfzkhp
		^readline@8.0%gcc@7.4.0 arch=linux-rhel7-skylake_avx512/vnkrm5a
		^libxft@2.3.2%gcc@7.4.0 arch=linux-rhel7-skylake_avx512/jvhc6cx
		^libxscrnsaver@1.2.2%gcc@7.4.0 arch=linux-rhel7-skylake_avx512/kcdyvdg
		^zlib@1.2.11%gcc@7.4.0+optimize+pic+shared arch=linux-rhel7-skylake_avx512/i7x2gr5
		^openssl@1.1.1d%gcc@7.4.0+systemcerts arch=linux-rhel7-skylake_avx512/bv2g3xk
		^libiconv@1.16%gcc@7.4.0 arch=linux-rhel7-skylake_avx512/air3cau
		^libxrender@0.9.10%gcc@7.4.0 arch=linux-rhel7-skylake_avx512/fuvohwd
	6yshnia python@2.7.16%gcc@7.4.0+bz2+ctypes+dbm+lzma~nis~optimizations+pic+pyexpat+pythoncmd+readline+shared+sqlite3+ssl~tkinter~ucs4~uuid+zlib arch=linux-rhel7-x86_64
		^sqlite@3.26.0%gcc@7.4.0~functions arch=linux-rhel7-x86_64/kjqfjhm
	e2lrwwy python@3.6.8%gcc@7.4.0+bz2+ctypes+dbm+lzma~nis~optimizations+pic+pyexpat+pythoncmd+readline+shared+sqlite3+ssl~tix+tkinter~ucs4~uuid+zlib arch=linux-rhel7-broadwell
		^sqlite@3.30.1%gcc@7.4.0+column_metadata+fts+fts3+fts5+functions+rtree arch=linux-rhel7-broadwell/salzodk
		^libx11@1.6.7%gcc@7.4.0 arch=linux-rhel7-broadwell/g5lwfcy
		^tar@1.32%gcc@7.4.0 arch=linux-rhel7-broadwell/ad6mj5e
		^libxml2@2.9.9%gcc@7.4.0~python arch=linux-rhel7-broadwell/ojmi2cs
		^expat@2.2.9%gcc@7.4.0+libbsd arch=linux-rhel7-broadwell/hqijq6e
		^font-util@1.3.2%gcc@7.4.0 fonts=encodings,font-adobe-100dpi,font-adobe-75dpi,font-adobe-utopia-100dpi,font-adobe-utopia-75dpi,font-adobe-utopia-type1,font-alias,font-arabic-misc,font-bh-100dpi,font-bh-75dpi,font-bh-lucidatypewriter-100dpi,font-bh-lucidatypewriter-75dpi,font-bh-ttf,font-bh-type1,font-bitstream-100dpi,font-bitstream-75dpi,font-bitstream-speedo,font-bitstream-type1,font-cronyx-cyrillic,font-cursor-misc,font-daewoo-misc,font-dec-misc,font-ibm-type1,font-isas-misc,font-jis-misc,font-micro-misc,font-misc-cyrillic,font-misc-ethiopic,font-misc-meltho,font-misc-misc,font-mutt-misc,font-schumacher-misc,font-screen-cyrillic,font-sun-misc,font-winitzki-cyrillic,font-xfree86-type1 arch=linux-rhel7-broadwell/ggandsb
		^xz@5.2.4%gcc@7.4.0 arch=linux-rhel7-broadwell/iotuo2t
		^tcl@8.6.8%gcc@7.4.0 arch=linux-rhel7-broadwell/hhhtjr7
		^libxcb@1.13%gcc@7.4.0 arch=linux-rhel7-broadwell/eblak4a
		^gdbm@1.18.1%gcc@7.4.0 arch=linux-rhel7-broadwell/4khip3n
		^libpthread-stubs@0.4%gcc@7.4.0 arch=linux-rhel7-broadwell/qwssfmi
		^libbsd@0.10.0%gcc@7.4.0 arch=linux-rhel7-broadwell/rxwrtfe
		^libxau@1.0.8%gcc@7.4.0 arch=linux-rhel7-broadwell/ptu6lb2
		^bzip2@1.0.8%gcc@7.4.0+shared arch=linux-rhel7-broadwell/ycjdzzp
		^libxdmcp@1.1.2%gcc@7.4.0 arch=linux-rhel7-broadwell/7c4n27m
		^renderproto@0.11.1%gcc@7.4.0 arch=linux-rhel7-broadwell/ee46zj5
		^gettext@0.20.1%gcc@7.4.0+bzip2+curses+git~libunistring+libxml2+tar+xz arch=linux-rhel7-broadwell/asvc2se
		^fontconfig@2.12.3%gcc@7.4.0 arch=linux-rhel7-broadwell/ojnbyq6
		^tk@8.6.8%gcc@7.4.0+xft+xss arch=linux-rhel7-broadwell/zyezxsx
		^libpng@1.6.37%gcc@7.4.0 arch=linux-rhel7-broadwell/3lefhfx
		^libxext@1.3.3%gcc@7.4.0 arch=linux-rhel7-broadwell/zgry3lz
		^kbproto@1.0.7%gcc@7.4.0 arch=linux-rhel7-broadwell/4ieaqek
		^freetype@2.10.1%gcc@7.4.0 arch=linux-rhel7-broadwell/v3egikw
		^xextproto@7.3.0%gcc@7.4.0 arch=linux-rhel7-broadwell/35zqrnn
		^ncurses@6.1%gcc@7.4.0~symlinks~termlib arch=linux-rhel7-broadwell/52xyfqw
		^xproto@7.0.31%gcc@7.4.0 arch=linux-rhel7-broadwell/t4diuxi
		^libffi@3.2.1%gcc@7.4.0 arch=linux-rhel7-broadwell/ukucyvw
		^readline@8.0%gcc@7.4.0 arch=linux-rhel7-broadwell/oujrxdj
		^libxft@2.3.2%gcc@7.4.0 arch=linux-rhel7-broadwell/4nqmvhm
		^libxscrnsaver@1.2.2%gcc@7.4.0 arch=linux-rhel7-broadwell/2pi3rhi
		^zlib@1.2.11%gcc@7.4.0+optimize+pic+shared arch=linux-rhel7-broadwell/hkukvg5
		^openssl@1.1.1d%gcc@7.4.0+systemcerts arch=linux-rhel7-broadwell/gikrdom
		^libiconv@1.16%gcc@7.4.0 arch=linux-rhel7-broadwell/xwadyfg
		^libxrender@0.9.10%gcc@7.4.0 arch=linux-rhel7-broadwell/uypq2eo
	2dsszo5 python@3.6.8%gcc@7.4.0+bz2+ctypes+dbm+lzma~nis~optimizations+pic+pyexpat+pythoncmd+readline+shared+sqlite3+ssl~tix+tkinter~ucs4~uuid+zlib arch=linux-rhel7-skylake_avx512
		^sqlite@3.30.1%gcc@7.4.0+column_metadata+fts+fts3+fts5+functions+rtree arch=linux-rhel7-skylake_avx512/3en4s7q
		^libx11@1.6.7%gcc@7.4.0 arch=linux-rhel7-skylake_avx512/orhy5g6
		^tar@1.32%gcc@7.4.0 arch=linux-rhel7-skylake_avx512/uieukca
		^libxml2@2.9.9%gcc@7.4.0~python arch=linux-rhel7-skylake_avx512/fajjc45
		^expat@2.2.9%gcc@7.4.0+libbsd arch=linux-rhel7-skylake_avx512/tsn3xuc
		^font-util@1.3.2%gcc@7.4.0 fonts=encodings,font-adobe-100dpi,font-adobe-75dpi,font-adobe-utopia-100dpi,font-adobe-utopia-75dpi,font-adobe-utopia-type1,font-alias,font-arabic-misc,font-bh-100dpi,font-bh-75dpi,font-bh-lucidatypewriter-100dpi,font-bh-lucidatypewriter-75dpi,font-bh-ttf,font-bh-type1,font-bitstream-100dpi,font-bitstream-75dpi,font-bitstream-speedo,font-bitstream-type1,font-cronyx-cyrillic,font-cursor-misc,font-daewoo-misc,font-dec-misc,font-ibm-type1,font-isas-misc,font-jis-misc,font-micro-misc,font-misc-cyrillic,font-misc-ethiopic,font-misc-meltho,font-misc-misc,font-mutt-misc,font-schumacher-misc,font-screen-cyrillic,font-sun-misc,font-winitzki-cyrillic,font-xfree86-type1 arch=linux-rhel7-skylake_avx512/wu6rsq3
		^xz@5.2.4%gcc@7.4.0 arch=linux-rhel7-skylake_avx512/cguxahu
		^tcl@8.6.8%gcc@7.4.0 arch=linux-rhel7-skylake_avx512/vwnt5q4
		^libxcb@1.13%gcc@7.4.0 arch=linux-rhel7-skylake_avx512/6jwjgwn
		^gdbm@1.18.1%gcc@7.4.0 arch=linux-rhel7-skylake_avx512/6qpgo63
		^libpthread-stubs@0.4%gcc@7.4.0 arch=linux-rhel7-skylake_avx512/252xv3s
		^libbsd@0.10.0%gcc@7.4.0 arch=linux-rhel7-skylake_avx512/pbwdxze
		^libxau@1.0.8%gcc@7.4.0 arch=linux-rhel7-skylake_avx512/fteimsh
		^bzip2@1.0.8%gcc@7.4.0+shared arch=linux-rhel7-skylake_avx512/xdklhbb
		^libxdmcp@1.1.2%gcc@7.4.0 arch=linux-rhel7-skylake_avx512/bmr7o7e
		^renderproto@0.11.1%gcc@7.4.0 arch=linux-rhel7-skylake_avx512/erwwglc
		^gettext@0.20.1%gcc@7.4.0+bzip2+curses+git~libunistring+libxml2+tar+xz arch=linux-rhel7-skylake_avx512/siytymz
		^fontconfig@2.12.3%gcc@7.4.0 arch=linux-rhel7-skylake_avx512/of5esqj
		^tk@8.6.8%gcc@7.4.0+xft+xss arch=linux-rhel7-skylake_avx512/lwalxlu
		^libpng@1.6.37%gcc@7.4.0 arch=linux-rhel7-skylake_avx512/rc2zmcc
		^libxext@1.3.3%gcc@7.4.0 arch=linux-rhel7-skylake_avx512/vd7e7al
		^kbproto@1.0.7%gcc@7.4.0 arch=linux-rhel7-skylake_avx512/5zshq2m
		^freetype@2.10.1%gcc@7.4.0 arch=linux-rhel7-skylake_avx512/nvtnpzp
		^xextproto@7.3.0%gcc@7.4.0 arch=linux-rhel7-skylake_avx512/oxeobg2
		^ncurses@6.1%gcc@7.4.0~symlinks~termlib arch=linux-rhel7-skylake_avx512/ejkppmn
		^xproto@7.0.31%gcc@7.4.0 arch=linux-rhel7-skylake_avx512/hq23tfm
		^libffi@3.2.1%gcc@7.4.0 arch=linux-rhel7-skylake_avx512/oxfzkhp
		^readline@8.0%gcc@7.4.0 arch=linux-rhel7-skylake_avx512/vnkrm5a
		^libxft@2.3.2%gcc@7.4.0 arch=linux-rhel7-skylake_avx512/jvhc6cx
		^libxscrnsaver@1.2.2%gcc@7.4.0 arch=linux-rhel7-skylake_avx512/kcdyvdg
		^zlib@1.2.11%gcc@7.4.0+optimize+pic+shared arch=linux-rhel7-skylake_avx512/i7x2gr5
		^openssl@1.1.1d%gcc@7.4.0+systemcerts arch=linux-rhel7-skylake_avx512/bv2g3xk
		^libiconv@1.16%gcc@7.4.0 arch=linux-rhel7-skylake_avx512/air3cau
		^libxrender@0.9.10%gcc@7.4.0 arch=linux-rhel7-skylake_avx512/fuvohwd
	r3ohs7z python@3.6.8%gcc@7.4.0+bz2+ctypes+dbm+lzma~nis~optimizations+pic+pyexpat+pythoncmd+readline+shared+sqlite3+ssl~tkinter~ucs4~uuid+zlib arch=linux-rhel7-x86_64
		^xz@5.2.4%gcc@7.4.0 arch=linux-rhel7-x86_64/qh2fwjg
		^sqlite@3.26.0%gcc@7.4.0~column_metadata~fts3~fts5~functions~rtree arch=linux-rhel7-x86_64/x7fy3nc
	vxoqdck python@3.6.8%gcc@7.4.0+bz2+ctypes+dbm+lzma~nis~optimizations+pic+pyexpat+pythoncmd+readline+shared+sqlite3+ssl~tkinter~ucs4~uuid+zlib arch=linux-rhel7-x86_64
		^xz@5.2.4%gcc@7.4.0 arch=linux-rhel7-x86_64/qh2fwjg
		^sqlite@3.26.0%gcc@7.4.0~functions arch=linux-rhel7-x86_64/kjqfjhm
	6on2qnp python@3.7.2%gcc@7.4.0+bz2+ctypes+dbm+lzma~nis~optimizations+pic+pyexpat+pythoncmd+readline+shared+sqlite3+ssl~tkinter~ucs4~uuid+zlib arch=linux-rhel7-x86_64
		^xz@5.2.4%gcc@7.4.0 arch=linux-rhel7-x86_64/qh2fwjg
		^sqlite@3.26.0%gcc@7.4.0~functions arch=linux-rhel7-x86_64/kjqfjhm
	u2div2t python@3.7.4%gcc@7.4.0+bz2+ctypes+dbm+lzma~nis~optimizations+pic+pyexpat+pythoncmd+readline+shared+sqlite3+ssl~tix+tkinter~ucs4~uuid+zlib arch=linux-rhel7-skylake_avx512
		^sqlite@3.30.1%gcc@7.4.0+column_metadata+fts+fts3+fts5+functions+rtree arch=linux-rhel7-skylake_avx512/3en4s7q
		^libx11@1.6.7%gcc@7.4.0 arch=linux-rhel7-skylake_avx512/orhy5g6
		^tar@1.32%gcc@7.4.0 arch=linux-rhel7-skylake_avx512/uieukca
		^libxml2@2.9.9%gcc@7.4.0~python arch=linux-rhel7-skylake_avx512/fajjc45
		^expat@2.2.9%gcc@7.4.0+libbsd arch=linux-rhel7-skylake_avx512/tsn3xuc
		^font-util@1.3.2%gcc@7.4.0 fonts=encodings,font-adobe-100dpi,font-adobe-75dpi,font-adobe-utopia-100dpi,font-adobe-utopia-75dpi,font-adobe-utopia-type1,font-alias,font-arabic-misc,font-bh-100dpi,font-bh-75dpi,font-bh-lucidatypewriter-100dpi,font-bh-lucidatypewriter-75dpi,font-bh-ttf,font-bh-type1,font-bitstream-100dpi,font-bitstream-75dpi,font-bitstream-speedo,font-bitstream-type1,font-cronyx-cyrillic,font-cursor-misc,font-daewoo-misc,font-dec-misc,font-ibm-type1,font-isas-misc,font-jis-misc,font-micro-misc,font-misc-cyrillic,font-misc-ethiopic,font-misc-meltho,font-misc-misc,font-mutt-misc,font-schumacher-misc,font-screen-cyrillic,font-sun-misc,font-winitzki-cyrillic,font-xfree86-type1 arch=linux-rhel7-skylake_avx512/wu6rsq3
		^xz@5.2.4%gcc@7.4.0 arch=linux-rhel7-skylake_avx512/cguxahu
		^tcl@8.6.8%gcc@7.4.0 arch=linux-rhel7-skylake_avx512/vwnt5q4
		^libxcb@1.13%gcc@7.4.0 arch=linux-rhel7-skylake_avx512/6jwjgwn
		^gdbm@1.18.1%gcc@7.4.0 arch=linux-rhel7-skylake_avx512/6qpgo63
		^libpthread-stubs@0.4%gcc@7.4.0 arch=linux-rhel7-skylake_avx512/252xv3s
		^libbsd@0.10.0%gcc@7.4.0 arch=linux-rhel7-skylake_avx512/pbwdxze
		^libxau@1.0.8%gcc@7.4.0 arch=linux-rhel7-skylake_avx512/fteimsh
		^bzip2@1.0.8%gcc@7.4.0+shared arch=linux-rhel7-skylake_avx512/xdklhbb
		^libxdmcp@1.1.2%gcc@7.4.0 arch=linux-rhel7-skylake_avx512/bmr7o7e
		^renderproto@0.11.1%gcc@7.4.0 arch=linux-rhel7-skylake_avx512/erwwglc
		^gettext@0.20.1%gcc@7.4.0+bzip2+curses+git~libunistring+libxml2+tar+xz arch=linux-rhel7-skylake_avx512/siytymz
		^fontconfig@2.12.3%gcc@7.4.0 arch=linux-rhel7-skylake_avx512/of5esqj
		^tk@8.6.8%gcc@7.4.0+xft+xss arch=linux-rhel7-skylake_avx512/lwalxlu
		^libpng@1.6.37%gcc@7.4.0 arch=linux-rhel7-skylake_avx512/rc2zmcc
		^libxext@1.3.3%gcc@7.4.0 arch=linux-rhel7-skylake_avx512/vd7e7al
		^kbproto@1.0.7%gcc@7.4.0 arch=linux-rhel7-skylake_avx512/5zshq2m
		^freetype@2.10.1%gcc@7.4.0 arch=linux-rhel7-skylake_avx512/nvtnpzp
		^xextproto@7.3.0%gcc@7.4.0 arch=linux-rhel7-skylake_avx512/oxeobg2
		^ncurses@6.1%gcc@7.4.0~symlinks~termlib arch=linux-rhel7-skylake_avx512/ejkppmn
		^xproto@7.0.31%gcc@7.4.0 arch=linux-rhel7-skylake_avx512/hq23tfm
		^libffi@3.2.1%gcc@7.4.0 arch=linux-rhel7-skylake_avx512/oxfzkhp
		^readline@8.0%gcc@7.4.0 arch=linux-rhel7-skylake_avx512/vnkrm5a
		^libxft@2.3.2%gcc@7.4.0 arch=linux-rhel7-skylake_avx512/jvhc6cx
		^libxscrnsaver@1.2.2%gcc@7.4.0 arch=linux-rhel7-skylake_avx512/kcdyvdg
		^zlib@1.2.11%gcc@7.4.0+optimize+pic+shared arch=linux-rhel7-skylake_avx512/i7x2gr5
		^openssl@1.1.1d%gcc@7.4.0+systemcerts arch=linux-rhel7-skylake_avx512/bv2g3xk
		^libiconv@1.16%gcc@7.4.0 arch=linux-rhel7-skylake_avx512/air3cau
		^libxrender@0.9.10%gcc@7.4.0 arch=linux-rhel7-skylake_avx512/fuvohwd

==> Error: In this context exactly **one** match is needed: please specify your constraints better.
Autoloading py-scipy/1.3.3-gcc-7.4.0-fvki7dty
Autoloading python/3.6.8-gcc-7.4.0-vxoqdckc
Autoloading sqlite/3.26.0-gcc-7.4.0-7w4fjrtk
Autoloading readline/7.0-gcc-7.4.0-nrvgi5pu
Autoloading ncurses/6.1-gcc-7.4.0-6f56ubcf
Autoloading zlib/1.2.11-gcc-7.4.0-ml43muis
Autoloading bzip2/1.0.6-gcc-7.4.0-rqzfarod
Autoloading expat/2.2.5-gcc-7.4.0-muxljdnt
Autoloading libbsd/0.9.1-gcc-7.4.0-2ncnoj23
Autoloading openssl/1.1.1b-gcc-7.4.0-egqbashl
Autoloading xz/5.2.4-gcc-7.4.0-qh2fwjgx
Autoloading libffi/3.2.1-gcc-7.4.0-7qp3drbe
Autoloading gdbm/1.18.1-gcc-7.4.0-wqtfnks7
Autoloading openblas/0.3.7-gcc-7.4.0-clpp4hzr
Autoloading py-numpy/1.17.4-gcc-7.4.0-xcfkgksf
Autoloading py-joblib/0.14.0-gcc-7.4.0-wulqogpo
/.autofs/tools/spack/opt/spack/linux-rhel7-x86_64/gcc-7.4.0/py-scikit-learn-0.22-bblye5gz3gsqwh3c4wkeqv42dnfboodc/lib/python3.6/site-packages/sklearn/externals/joblib/__init__.py:15: FutureWarning: sklearn.externals.joblib is deprecated in 0.21 and will be removed in 0.23. Please import this functionality directly from joblib, which can be installed with: pip install joblib. If this warning is raised when loading pickled models, you may need to re-serialize those models with scikit-learn 0.21+.
  warnings.warn(msg, category=FutureWarning)

real	0m0.641s
user	0m0.714s
sys	0m0.667s
/.autofs/tools/spack/opt/spack/linux-rhel7-x86_64/gcc-7.4.0/py-scikit-learn-0.22-bblye5gz3gsqwh3c4wkeqv42dnfboodc/lib/python3.6/site-packages/sklearn/externals/joblib/__init__.py:15: FutureWarning: sklearn.externals.joblib is deprecated in 0.21 and will be removed in 0.23. Please import this functionality directly from joblib, which can be installed with: pip install joblib. If this warning is raised when loading pickled models, you may need to re-serialize those models with scikit-learn 0.21+.
  warnings.warn(msg, category=FutureWarning)
[Parallel(n_jobs=-1)]: Using backend LokyBackend with 16 concurrent workers.
[Parallel(n_jobs=-1)]: Done  18 tasks      | elapsed:    2.2s
[Parallel(n_jobs=-1)]: Done 320 tasks      | elapsed:    3.1s
[Parallel(n_jobs=-1)]: Done 1320 tasks      | elapsed:    6.9s
[Parallel(n_jobs=-1)]: Done 2720 tasks      | elapsed:   12.7s
[Parallel(n_jobs=-1)]: Done 4520 tasks      | elapsed:   20.7s
[Parallel(n_jobs=-1)]: Done 6720 tasks      | elapsed:   29.6s
[Parallel(n_jobs=-1)]: Done 9320 tasks      | elapsed:   39.5s
[Parallel(n_jobs=-1)]: Done 12320 tasks      | elapsed:   52.4s
[Parallel(n_jobs=-1)]: Done 17904 tasks      | elapsed:  1.3min
[Parallel(n_jobs=-1)]: Done 25504 tasks      | elapsed:  1.8min
[Parallel(n_jobs=-1)]: Done 33904 tasks      | elapsed:  2.4min
[Parallel(n_jobs=-1)]: Done 43104 tasks      | elapsed:  3.0min
[Parallel(n_jobs=-1)]: Done 53104 tasks      | elapsed:  3.7min
[Parallel(n_jobs=-1)]: Done 60480 out of 60480 | elapsed:  4.2min finished

real	4m16.140s
user	57m26.028s
sys	1m50.528s
/.autofs/tools/spack/opt/spack/linux-rhel7-x86_64/gcc-7.4.0/py-scikit-learn-0.22-bblye5gz3gsqwh3c4wkeqv42dnfboodc/lib/python3.6/site-packages/sklearn/externals/joblib/__init__.py:15: FutureWarning: sklearn.externals.joblib is deprecated in 0.21 and will be removed in 0.23. Please import this functionality directly from joblib, which can be installed with: pip install joblib. If this warning is raised when loading pickled models, you may need to re-serialize those models with scikit-learn 0.21+.
  warnings.warn(msg, category=FutureWarning)
[Parallel(n_jobs=-1)]: Using backend LokyBackend with 16 concurrent workers.
[Parallel(n_jobs=-1)]: Done  18 tasks      | elapsed:    1.9s
[Parallel(n_jobs=-1)]: Done 320 tasks      | elapsed:    2.9s
[Parallel(n_jobs=-1)]: Done 1320 tasks      | elapsed:    6.7s
[Parallel(n_jobs=-1)]: Done 2720 tasks      | elapsed:   12.3s
[Parallel(n_jobs=-1)]: Done 4520 tasks      | elapsed:   20.0s
[Parallel(n_jobs=-1)]: Done 6720 tasks      | elapsed:   28.9s
[Parallel(n_jobs=-1)]: Done 9320 tasks      | elapsed:   38.6s
[Parallel(n_jobs=-1)]: Done 12320 tasks      | elapsed:   51.7s
[Parallel(n_jobs=-1)]: Done 15720 tasks      | elapsed:  1.1min
[Parallel(n_jobs=-1)]: Done 19520 tasks      | elapsed:  1.4min
[Parallel(n_jobs=-1)]: Done 27056 tasks      | elapsed:  1.9min
[Parallel(n_jobs=-1)]: Done 35216 tasks      | elapsed:  2.4min
[Parallel(n_jobs=-1)]: Done 40216 tasks      | elapsed:  2.8min
[Parallel(n_jobs=-1)]: Done 45616 tasks      | elapsed:  3.3min
[Parallel(n_jobs=-1)]: Done 51416 tasks      | elapsed:  3.7min
[Parallel(n_jobs=-1)]: Done 57616 tasks      | elapsed:  4.2min
[Parallel(n_jobs=-1)]: Done 60480 out of 60480 | elapsed:  4.4min finished

real	4m24.516s
user	56m32.573s
sys	2m16.548s
/.autofs/tools/spack/opt/spack/linux-rhel7-x86_64/gcc-7.4.0/py-scikit-learn-0.22-bblye5gz3gsqwh3c4wkeqv42dnfboodc/lib/python3.6/site-packages/sklearn/externals/joblib/__init__.py:15: FutureWarning: sklearn.externals.joblib is deprecated in 0.21 and will be removed in 0.23. Please import this functionality directly from joblib, which can be installed with: pip install joblib. If this warning is raised when loading pickled models, you may need to re-serialize those models with scikit-learn 0.21+.
  warnings.warn(msg, category=FutureWarning)
[Parallel(n_jobs=-1)]: Using backend LokyBackend with 16 concurrent workers.
[Parallel(n_jobs=-1)]: Done  18 tasks      | elapsed:    2.1s
[Parallel(n_jobs=-1)]: Done 368 tasks      | elapsed:    3.1s
[Parallel(n_jobs=-1)]: Done 1368 tasks      | elapsed:    6.6s
[Parallel(n_jobs=-1)]: Done 2768 tasks      | elapsed:   11.8s
[Parallel(n_jobs=-1)]: Done 4568 tasks      | elapsed:   19.3s
[Parallel(n_jobs=-1)]: Done 8272 tasks      | elapsed:   32.8s
[Parallel(n_jobs=-1)]: Done 13472 tasks      | elapsed:   51.9s
[Parallel(n_jobs=-1)]: Done 16688 tasks      | elapsed:  1.2min
[Parallel(n_jobs=-1)]: Done 18804 tasks      | elapsed:  1.6min
[Parallel(n_jobs=-1)]: Done 20288 tasks      | elapsed:  2.1min
[Parallel(n_jobs=-1)]: Done 21602 tasks      | elapsed:  2.6min
[Parallel(n_jobs=-1)]: Done 22816 tasks      | elapsed:  3.1min
[Parallel(n_jobs=-1)]: Done 24066 tasks      | elapsed:  4.1min
[Parallel(n_jobs=-1)]: Done 25480 tasks      | elapsed:  4.8min
[Parallel(n_jobs=-1)]: Done 29704 tasks      | elapsed:  5.5min
[Parallel(n_jobs=-1)]: Done 32352 tasks      | elapsed:  6.6min
[Parallel(n_jobs=-1)]: Done 34322 tasks      | elapsed:  7.7min
[Parallel(n_jobs=-1)]: Done 36072 tasks      | elapsed: 14.3min
[Parallel(n_jobs=-1)]: Done 37922 tasks      | elapsed: 47.7min
[Parallel(n_jobs=-1)]: Done 40453 tasks      | elapsed: 62.8min
[Parallel(n_jobs=-1)]: Done 45106 tasks      | elapsed: 64.0min
[Parallel(n_jobs=-1)]: Done 47656 tasks      | elapsed: 65.9min
[Parallel(n_jobs=-1)]: Done 49970 tasks      | elapsed: 97.6min
[Parallel(n_jobs=-1)]: Done 52555 tasks      | elapsed: 114.7min
[Parallel(n_jobs=-1)]: Done 66829 tasks      | elapsed: 115.9min
[Parallel(n_jobs=-1)]: Done 72325 tasks      | elapsed: 117.1min
[Parallel(n_jobs=-1)]: Done 74978 tasks      | elapsed: 118.9min
[Parallel(n_jobs=-1)]: Done 78544 tasks      | elapsed: 122.0min
[Parallel(n_jobs=-1)]: Done 85153 tasks      | elapsed: 123.5min
[Parallel(n_jobs=-1)]: Done 88152 tasks      | elapsed: 140.3min
[Parallel(n_jobs=-1)]: Done 91202 tasks      | elapsed: 173.3min
[Parallel(n_jobs=-1)]: Done 97040 tasks      | elapsed: 174.9min
[Parallel(n_jobs=-1)]: Done 100738 tasks      | elapsed: 181.3min
[Parallel(n_jobs=-1)]: Done 104155 tasks      | elapsed: 224.4min
[Parallel(n_jobs=-1)]: Done 121592 tasks      | elapsed: 225.8min
[Parallel(n_jobs=-1)]: Done 131568 tasks      | elapsed: 227.3min
[Parallel(n_jobs=-1)]: Done 138274 tasks      | elapsed: 229.8min
[Parallel(n_jobs=-1)]: Done 142088 tasks      | elapsed: 268.6min
[Parallel(n_jobs=-1)]: Done 150012 tasks      | elapsed: 280.0min
[Parallel(n_jobs=-1)]: Done 154048 tasks      | elapsed: 312.4min
[Parallel(n_jobs=-1)]: Done 165088 tasks      | elapsed: 329.9min
[Parallel(n_jobs=-1)]: Done 179408 tasks      | elapsed: 331.6min
[Parallel(n_jobs=-1)]: Done 189010 tasks      | elapsed: 333.8min
[Parallel(n_jobs=-1)]: Done 193360 tasks      | elapsed: 370.0min
[Parallel(n_jobs=-1)]: Done 200914 tasks      | elapsed: 387.6min
[Parallel(n_jobs=-1)]: Done 205880 tasks      | elapsed: 421.3min
[Parallel(n_jobs=-1)]: Done 218200 tasks      | elapsed: 439.9min
[Parallel(n_jobs=-1)]: Done 231088 tasks      | elapsed: 442.1min
[Parallel(n_jobs=-1)]: Done 241058 tasks      | elapsed: 444.0min
[Parallel(n_jobs=-1)]: Done 246120 tasks      | elapsed: 460.9min
[Parallel(n_jobs=-1)]: Done 255842 tasks      | elapsed: 463.9min
[Parallel(n_jobs=-1)]: Done 268160 tasks      | elapsed: 480.7min
[Parallel(n_jobs=-1)]: Done 283444 tasks      | elapsed: 483.7min
[Parallel(n_jobs=-1)]: Done 293640 tasks      | elapsed: 486.1min
[Parallel(n_jobs=-1)]: Done 301992 tasks      | elapsed: 502.7min
[Parallel(n_jobs=-1)]: Done 309344 tasks      | elapsed: 517.1min
[Parallel(n_jobs=-1)]: Done 333144 tasks      | elapsed: 521.9min
[Parallel(n_jobs=-1)]: Done 346472 tasks      | elapsed: 524.7min
[Parallel(n_jobs=-1)]: Done 356468 tasks      | elapsed: 540.2min
[Parallel(n_jobs=-1)]: Done 364035 tasks      | elapsed: 556.1min
[Parallel(n_jobs=-1)]: Done 395010 tasks      | elapsed: 558.8min
[Parallel(n_jobs=-1)]: Done 403011 tasks      | elapsed: 574.7min
[Parallel(n_jobs=-1)]: Done 413170 tasks      | elapsed: 588.6min
[Parallel(n_jobs=-1)]: Done 446560 tasks      | elapsed: 593.8min
[Parallel(n_jobs=-1)]: Done 453602 tasks      | elapsed: 642.9min
[Parallel(n_jobs=-1)]: Done 464184 tasks      | elapsed: 665.4min
[Parallel(n_jobs=-1)]: Done 493568 tasks      | elapsed: 693.5min
[Parallel(n_jobs=-1)]: Done 504400 tasks      | elapsed: 728.2min
[Parallel(n_jobs=-1)]: Done 515378 tasks      | elapsed: 750.7min
[Parallel(n_jobs=-1)]: Done 530288 tasks      | elapsed: 795.3min
[Parallel(n_jobs=-1)]: Done 550146 tasks      | elapsed: 798.3min
[Parallel(n_jobs=-1)]: Done 558690 tasks      | elapsed: 845.6min
[Parallel(n_jobs=-1)]: Done 569522 tasks      | elapsed: 881.7min
[Parallel(n_jobs=-1)]: Done 592784 tasks      | elapsed: 896.4min
[Parallel(n_jobs=-1)]: Done 606466 tasks      | elapsed: 909.8min
[Parallel(n_jobs=-1)]: Done 617936 tasks      | elapsed: 948.3min
[Parallel(n_jobs=-1)]: Done 645120 tasks      | elapsed: 996.8min
[Parallel(n_jobs=-1)]: Done 661000 tasks      | elapsed: 1014.6min
[Parallel(n_jobs=-1)]: Done 674599 tasks      | elapsed: 1031.6min
[Parallel(n_jobs=-1)]: Done 709936 tasks      | elapsed: 1036.3min
[Parallel(n_jobs=-1)]: Done 723154 tasks      | elapsed: 1055.1min
[Parallel(n_jobs=-1)]: Done 747032 tasks      | elapsed: 1070.1min
[Parallel(n_jobs=-1)]: Done 762931 tasks      | elapsed: 1084.7min
[Parallel(n_jobs=-1)]: Done 776992 tasks      | elapsed: 1103.5min
[Parallel(n_jobs=-1)]: Done 800304 tasks      | elapsed: 1107.9min
[Parallel(n_jobs=-1)]: Done 815432 tasks      | elapsed: 1122.8min
[Parallel(n_jobs=-1)]: Done 828898 tasks      | elapsed: 1140.8min
[Parallel(n_jobs=-1)]: Done 829440 out of 829440 | elapsed: 1141.8min finished
/.autofs/tools/spack/opt/spack/linux-rhel7-x86_64/gcc-7.4.0/py-scikit-learn-0.22-bblye5gz3gsqwh3c4wkeqv42dnfboodc/lib/python3.6/site-packages/sklearn/model_selection/_validation.py:536: FitFailedWarning: Estimator fit failed. The score on this train-test partition for these parameters will be set to nan. Details: 
ValueError: Unsupported set of arguments: The combination of penalty='l1' and loss='hinge' is not supported, Parameters: penalty='l1', loss='hinge', dual=True

  FitFailedWarning)
/.autofs/tools/spack/opt/spack/linux-rhel7-x86_64/gcc-7.4.0/py-scikit-learn-0.22-bblye5gz3gsqwh3c4wkeqv42dnfboodc/lib/python3.6/site-packages/sklearn/svm/_base.py:947: ConvergenceWarning: Liblinear failed to converge, increase the number of iterations.
  "the number of iterations.", ConvergenceWarning)
/.autofs/tools/spack/opt/spack/linux-rhel7-x86_64/gcc-7.4.0/py-scikit-learn-0.22-bblye5gz3gsqwh3c4wkeqv42dnfboodc/lib/python3.6/site-packages/sklearn/model_selection/_validation.py:536: FitFailedWarning: Estimator fit failed. The score on this train-test partition for these parameters will be set to nan. Details: 
ValueError: Unsupported set of arguments: The combination of penalty='l1' and loss='squared_hinge' are not supported when dual=True, Parameters: penalty='l1', loss='squared_hinge', dual=True

  FitFailedWarning)
/.autofs/tools/spack/opt/spack/linux-rhel7-x86_64/gcc-7.4.0/py-scikit-learn-0.22-bblye5gz3gsqwh3c4wkeqv42dnfboodc/lib/python3.6/site-packages/sklearn/model_selection/_validation.py:536: FitFailedWarning: Estimator fit failed. The score on this train-test partition for these parameters will be set to nan. Details: 
ValueError: Unsupported set of arguments: The combination of penalty='l1' and loss='hinge' is not supported, Parameters: penalty='l1', loss='hinge', dual=False

  FitFailedWarning)
/.autofs/tools/spack/opt/spack/linux-rhel7-x86_64/gcc-7.4.0/py-scikit-learn-0.22-bblye5gz3gsqwh3c4wkeqv42dnfboodc/lib/python3.6/site-packages/sklearn/model_selection/_validation.py:536: FitFailedWarning: Estimator fit failed. The score on this train-test partition for these parameters will be set to nan. Details: 
ValueError: Unsupported set of arguments: The combination of penalty='l2' and loss='hinge' are not supported when dual=False, Parameters: penalty='l2', loss='hinge', dual=False

  FitFailedWarning)
/.autofs/tools/spack/opt/spack/linux-rhel7-x86_64/gcc-7.4.0/py-scikit-learn-0.22-bblye5gz3gsqwh3c4wkeqv42dnfboodc/lib/python3.6/site-packages/sklearn/model_selection/_validation.py:536: FitFailedWarning: Estimator fit failed. The score on this train-test partition for these parameters will be set to nan. Details: 
ValueError: Unsupported set of arguments: The combination of penalty='l1' and loss='hinge' is not supported, Parameters: penalty='l1', loss='hinge', dual=True

  FitFailedWarning)
/.autofs/tools/spack/opt/spack/linux-rhel7-x86_64/gcc-7.4.0/py-scikit-learn-0.22-bblye5gz3gsqwh3c4wkeqv42dnfboodc/lib/python3.6/site-packages/sklearn/svm/_base.py:947: ConvergenceWarning: Liblinear failed to converge, increase the number of iterations.
  "the number of iterations.", ConvergenceWarning)
/.autofs/tools/spack/opt/spack/linux-rhel7-x86_64/gcc-7.4.0/py-scikit-learn-0.22-bblye5gz3gsqwh3c4wkeqv42dnfboodc/lib/python3.6/site-packages/sklearn/model_selection/_validation.py:536: FitFailedWarning: Estimator fit failed. The score on this train-test partition for these parameters will be set to nan. Details: 
ValueError: Unsupported set of arguments: The combination of penalty='l1' and loss='squared_hinge' are not supported when dual=True, Parameters: penalty='l1', loss='squared_hinge', dual=True

  FitFailedWarning)
/.autofs/tools/spack/opt/spack/linux-rhel7-x86_64/gcc-7.4.0/py-scikit-learn-0.22-bblye5gz3gsqwh3c4wkeqv42dnfboodc/lib/python3.6/site-packages/sklearn/model_selection/_validation.py:536: FitFailedWarning: Estimator fit failed. The score on this train-test partition for these parameters will be set to nan. Details: 
ValueError: Unsupported set of arguments: The combination of penalty='l1' and loss='hinge' is not supported, Parameters: penalty='l1', loss='hinge', dual=False

  FitFailedWarning)
/.autofs/tools/spack/opt/spack/linux-rhel7-x86_64/gcc-7.4.0/py-scikit-learn-0.22-bblye5gz3gsqwh3c4wkeqv42dnfboodc/lib/python3.6/site-packages/sklearn/model_selection/_validation.py:536: FitFailedWarning: Estimator fit failed. The score on this train-test partition for these parameters will be set to nan. Details: 
ValueError: Unsupported set of arguments: The combination of penalty='l2' and loss='hinge' are not supported when dual=False, Parameters: penalty='l2', loss='hinge', dual=False

  FitFailedWarning)
/.autofs/tools/spack/opt/spack/linux-rhel7-x86_64/gcc-7.4.0/py-scikit-learn-0.22-bblye5gz3gsqwh3c4wkeqv42dnfboodc/lib/python3.6/site-packages/sklearn/model_selection/_validation.py:536: FitFailedWarning: Estimator fit failed. The score on this train-test partition for these parameters will be set to nan. Details: 
ValueError: Unsupported set of arguments: The combination of penalty='l1' and loss='hinge' is not supported, Parameters: penalty='l1', loss='hinge', dual=True

  FitFailedWarning)
/.autofs/tools/spack/opt/spack/linux-rhel7-x86_64/gcc-7.4.0/py-scikit-learn-0.22-bblye5gz3gsqwh3c4wkeqv42dnfboodc/lib/python3.6/site-packages/sklearn/svm/_base.py:947: ConvergenceWarning: Liblinear failed to converge, increase the number of iterations.
  "the number of iterations.", ConvergenceWarning)
/.autofs/tools/spack/opt/spack/linux-rhel7-x86_64/gcc-7.4.0/py-scikit-learn-0.22-bblye5gz3gsqwh3c4wkeqv42dnfboodc/lib/python3.6/site-packages/sklearn/model_selection/_validation.py:536: FitFailedWarning: Estimator fit failed. The score on this train-test partition for these parameters will be set to nan. Details: 
ValueError: Unsupported set of arguments: The combination of penalty='l1' and loss='squared_hinge' are not supported when dual=True, Parameters: penalty='l1', loss='squared_hinge', dual=True

  FitFailedWarning)
/.autofs/tools/spack/opt/spack/linux-rhel7-x86_64/gcc-7.4.0/py-scikit-learn-0.22-bblye5gz3gsqwh3c4wkeqv42dnfboodc/lib/python3.6/site-packages/sklearn/model_selection/_validation.py:536: FitFailedWarning: Estimator fit failed. The score on this train-test partition for these parameters will be set to nan. Details: 
ValueError: Unsupported set of arguments: The combination of penalty='l1' and loss='hinge' is not supported, Parameters: penalty='l1', loss='hinge', dual=False

  FitFailedWarning)
/.autofs/tools/spack/opt/spack/linux-rhel7-x86_64/gcc-7.4.0/py-scikit-learn-0.22-bblye5gz3gsqwh3c4wkeqv42dnfboodc/lib/python3.6/site-packages/sklearn/model_selection/_validation.py:536: FitFailedWarning: Estimator fit failed. The score on this train-test partition for these parameters will be set to nan. Details: 
ValueError: Unsupported set of arguments: The combination of penalty='l2' and loss='hinge' are not supported when dual=False, Parameters: penalty='l2', loss='hinge', dual=False

  FitFailedWarning)
/.autofs/tools/spack/opt/spack/linux-rhel7-x86_64/gcc-7.4.0/py-scikit-learn-0.22-bblye5gz3gsqwh3c4wkeqv42dnfboodc/lib/python3.6/site-packages/sklearn/model_selection/_validation.py:536: FitFailedWarning: Estimator fit failed. The score on this train-test partition for these parameters will be set to nan. Details: 
ValueError: Unsupported set of arguments: The combination of penalty='l1' and loss='hinge' is not supported, Parameters: penalty='l1', loss='hinge', dual=True

  FitFailedWarning)
/.autofs/tools/spack/opt/spack/linux-rhel7-x86_64/gcc-7.4.0/py-scikit-learn-0.22-bblye5gz3gsqwh3c4wkeqv42dnfboodc/lib/python3.6/site-packages/sklearn/svm/_base.py:947: ConvergenceWarning: Liblinear failed to converge, increase the number of iterations.
  "the number of iterations.", ConvergenceWarning)
/.autofs/tools/spack/opt/spack/linux-rhel7-x86_64/gcc-7.4.0/py-scikit-learn-0.22-bblye5gz3gsqwh3c4wkeqv42dnfboodc/lib/python3.6/site-packages/sklearn/model_selection/_validation.py:536: FitFailedWarning: Estimator fit failed. The score on this train-test partition for these parameters will be set to nan. Details: 
ValueError: Unsupported set of arguments: The combination of penalty='l1' and loss='squared_hinge' are not supported when dual=True, Parameters: penalty='l1', loss='squared_hinge', dual=True

  FitFailedWarning)
/.autofs/tools/spack/opt/spack/linux-rhel7-x86_64/gcc-7.4.0/py-scikit-learn-0.22-bblye5gz3gsqwh3c4wkeqv42dnfboodc/lib/python3.6/site-packages/sklearn/model_selection/_validation.py:536: FitFailedWarning: Estimator fit failed. The score on this train-test partition for these parameters will be set to nan. Details: 
ValueError: Unsupported set of arguments: The combination of penalty='l1' and loss='hinge' is not supported, Parameters: penalty='l1', loss='hinge', dual=False

  FitFailedWarning)
/.autofs/tools/spack/opt/spack/linux-rhel7-x86_64/gcc-7.4.0/py-scikit-learn-0.22-bblye5gz3gsqwh3c4wkeqv42dnfboodc/lib/python3.6/site-packages/sklearn/model_selection/_validation.py:536: FitFailedWarning: Estimator fit failed. The score on this train-test partition for these parameters will be set to nan. Details: 
ValueError: Unsupported set of arguments: The combination of penalty='l2' and loss='hinge' are not supported when dual=False, Parameters: penalty='l2', loss='hinge', dual=False

  FitFailedWarning)
/.autofs/tools/spack/opt/spack/linux-rhel7-x86_64/gcc-7.4.0/py-scikit-learn-0.22-bblye5gz3gsqwh3c4wkeqv42dnfboodc/lib/python3.6/site-packages/sklearn/model_selection/_validation.py:536: FitFailedWarning: Estimator fit failed. The score on this train-test partition for these parameters will be set to nan. Details: 
ValueError: Unsupported set of arguments: The combination of penalty='l1' and loss='hinge' is not supported, Parameters: penalty='l1', loss='hinge', dual=True

  FitFailedWarning)
/.autofs/tools/spack/opt/spack/linux-rhel7-x86_64/gcc-7.4.0/py-scikit-learn-0.22-bblye5gz3gsqwh3c4wkeqv42dnfboodc/lib/python3.6/site-packages/sklearn/svm/_base.py:947: ConvergenceWarning: Liblinear failed to converge, increase the number of iterations.
  "the number of iterations.", ConvergenceWarning)
/.autofs/tools/spack/opt/spack/linux-rhel7-x86_64/gcc-7.4.0/py-scikit-learn-0.22-bblye5gz3gsqwh3c4wkeqv42dnfboodc/lib/python3.6/site-packages/sklearn/model_selection/_validation.py:536: FitFailedWarning: Estimator fit failed. The score on this train-test partition for these parameters will be set to nan. Details: 
ValueError: Unsupported set of arguments: The combination of penalty='l1' and loss='squared_hinge' are not supported when dual=True, Parameters: penalty='l1', loss='squared_hinge', dual=True

  FitFailedWarning)
/.autofs/tools/spack/opt/spack/linux-rhel7-x86_64/gcc-7.4.0/py-scikit-learn-0.22-bblye5gz3gsqwh3c4wkeqv42dnfboodc/lib/python3.6/site-packages/sklearn/model_selection/_validation.py:536: FitFailedWarning: Estimator fit failed. The score on this train-test partition for these parameters will be set to nan. Details: 
ValueError: Unsupported set of arguments: The combination of penalty='l1' and loss='hinge' is not supported, Parameters: penalty='l1', loss='hinge', dual=False

  FitFailedWarning)
/.autofs/tools/spack/opt/spack/linux-rhel7-x86_64/gcc-7.4.0/py-scikit-learn-0.22-bblye5gz3gsqwh3c4wkeqv42dnfboodc/lib/python3.6/site-packages/sklearn/model_selection/_validation.py:536: FitFailedWarning: Estimator fit failed. The score on this train-test partition for these parameters will be set to nan. Details: 
ValueError: Unsupported set of arguments: The combination of penalty='l2' and loss='hinge' are not supported when dual=False, Parameters: penalty='l2', loss='hinge', dual=False

  FitFailedWarning)
/.autofs/tools/spack/opt/spack/linux-rhel7-x86_64/gcc-7.4.0/py-scikit-learn-0.22-bblye5gz3gsqwh3c4wkeqv42dnfboodc/lib/python3.6/site-packages/sklearn/model_selection/_validation.py:536: FitFailedWarning: Estimator fit failed. The score on this train-test partition for these parameters will be set to nan. Details: 
ValueError: Unsupported set of arguments: The combination of penalty='l1' and loss='hinge' is not supported, Parameters: penalty='l1', loss='hinge', dual=True

  FitFailedWarning)
/.autofs/tools/spack/opt/spack/linux-rhel7-x86_64/gcc-7.4.0/py-scikit-learn-0.22-bblye5gz3gsqwh3c4wkeqv42dnfboodc/lib/python3.6/site-packages/sklearn/svm/_base.py:947: ConvergenceWarning: Liblinear failed to converge, increase the number of iterations.
  "the number of iterations.", ConvergenceWarning)
/.autofs/tools/spack/opt/spack/linux-rhel7-x86_64/gcc-7.4.0/py-scikit-learn-0.22-bblye5gz3gsqwh3c4wkeqv42dnfboodc/lib/python3.6/site-packages/sklearn/model_selection/_validation.py:536: FitFailedWarning: Estimator fit failed. The score on this train-test partition for these parameters will be set to nan. Details: 
ValueError: Unsupported set of arguments: The combination of penalty='l1' and loss='squared_hinge' are not supported when dual=True, Parameters: penalty='l1', loss='squared_hinge', dual=True

  FitFailedWarning)
/.autofs/tools/spack/opt/spack/linux-rhel7-x86_64/gcc-7.4.0/py-scikit-learn-0.22-bblye5gz3gsqwh3c4wkeqv42dnfboodc/lib/python3.6/site-packages/sklearn/model_selection/_validation.py:536: FitFailedWarning: Estimator fit failed. The score on this train-test partition for these parameters will be set to nan. Details: 
ValueError: Unsupported set of arguments: The combination of penalty='l1' and loss='hinge' is not supported, Parameters: penalty='l1', loss='hinge', dual=False

  FitFailedWarning)
/.autofs/tools/spack/opt/spack/linux-rhel7-x86_64/gcc-7.4.0/py-scikit-learn-0.22-bblye5gz3gsqwh3c4wkeqv42dnfboodc/lib/python3.6/site-packages/sklearn/model_selection/_validation.py:536: FitFailedWarning: Estimator fit failed. The score on this train-test partition for these parameters will be set to nan. Details: 
ValueError: Unsupported set of arguments: The combination of penalty='l2' and loss='hinge' are not supported when dual=False, Parameters: penalty='l2', loss='hinge', dual=False

  FitFailedWarning)
/.autofs/tools/spack/opt/spack/linux-rhel7-x86_64/gcc-7.4.0/py-scikit-learn-0.22-bblye5gz3gsqwh3c4wkeqv42dnfboodc/lib/python3.6/site-packages/sklearn/model_selection/_validation.py:536: FitFailedWarning: Estimator fit failed. The score on this train-test partition for these parameters will be set to nan. Details: 
ValueError: Unsupported set of arguments: The combination of penalty='l1' and loss='hinge' is not supported, Parameters: penalty='l1', loss='hinge', dual=True

  FitFailedWarning)
/.autofs/tools/spack/opt/spack/linux-rhel7-x86_64/gcc-7.4.0/py-scikit-learn-0.22-bblye5gz3gsqwh3c4wkeqv42dnfboodc/lib/python3.6/site-packages/sklearn/svm/_base.py:947: ConvergenceWarning: Liblinear failed to converge, increase the number of iterations.
  "the number of iterations.", ConvergenceWarning)
/.autofs/tools/spack/opt/spack/linux-rhel7-x86_64/gcc-7.4.0/py-scikit-learn-0.22-bblye5gz3gsqwh3c4wkeqv42dnfboodc/lib/python3.6/site-packages/sklearn/model_selection/_validation.py:536: FitFailedWarning: Estimator fit failed. The score on this train-test partition for these parameters will be set to nan. Details: 
ValueError: Unsupported set of arguments: The combination of penalty='l1' and loss='squared_hinge' are not supported when dual=True, Parameters: penalty='l1', loss='squared_hinge', dual=True

  FitFailedWarning)
/.autofs/tools/spack/opt/spack/linux-rhel7-x86_64/gcc-7.4.0/py-scikit-learn-0.22-bblye5gz3gsqwh3c4wkeqv42dnfboodc/lib/python3.6/site-packages/sklearn/model_selection/_validation.py:536: FitFailedWarning: Estimator fit failed. The score on this train-test partition for these parameters will be set to nan. Details: 
ValueError: Unsupported set of arguments: The combination of penalty='l1' and loss='hinge' is not supported, Parameters: penalty='l1', loss='hinge', dual=False

  FitFailedWarning)
/.autofs/tools/spack/opt/spack/linux-rhel7-x86_64/gcc-7.4.0/py-scikit-learn-0.22-bblye5gz3gsqwh3c4wkeqv42dnfboodc/lib/python3.6/site-packages/sklearn/model_selection/_validation.py:536: FitFailedWarning: Estimator fit failed. The score on this train-test partition for these parameters will be set to nan. Details: 
ValueError: Unsupported set of arguments: The combination of penalty='l2' and loss='hinge' are not supported when dual=False, Parameters: penalty='l2', loss='hinge', dual=False

  FitFailedWarning)
/.autofs/tools/spack/opt/spack/linux-rhel7-x86_64/gcc-7.4.0/py-scikit-learn-0.22-bblye5gz3gsqwh3c4wkeqv42dnfboodc/lib/python3.6/site-packages/sklearn/model_selection/_validation.py:536: FitFailedWarning: Estimator fit failed. The score on this train-test partition for these parameters will be set to nan. Details: 
ValueError: Unsupported set of arguments: The combination of penalty='l1' and loss='hinge' is not supported, Parameters: penalty='l1', loss='hinge', dual=True

  FitFailedWarning)
/.autofs/tools/spack/opt/spack/linux-rhel7-x86_64/gcc-7.4.0/py-scikit-learn-0.22-bblye5gz3gsqwh3c4wkeqv42dnfboodc/lib/python3.6/site-packages/sklearn/svm/_base.py:947: ConvergenceWarning: Liblinear failed to converge, increase the number of iterations.
  "the number of iterations.", ConvergenceWarning)
/.autofs/tools/spack/opt/spack/linux-rhel7-x86_64/gcc-7.4.0/py-scikit-learn-0.22-bblye5gz3gsqwh3c4wkeqv42dnfboodc/lib/python3.6/site-packages/sklearn/model_selection/_validation.py:536: FitFailedWarning: Estimator fit failed. The score on this train-test partition for these parameters will be set to nan. Details: 
ValueError: Unsupported set of arguments: The combination of penalty='l1' and loss='squared_hinge' are not supported when dual=True, Parameters: penalty='l1', loss='squared_hinge', dual=True

  FitFailedWarning)
/.autofs/tools/spack/opt/spack/linux-rhel7-x86_64/gcc-7.4.0/py-scikit-learn-0.22-bblye5gz3gsqwh3c4wkeqv42dnfboodc/lib/python3.6/site-packages/sklearn/model_selection/_validation.py:536: FitFailedWarning: Estimator fit failed. The score on this train-test partition for these parameters will be set to nan. Details: 
ValueError: Unsupported set of arguments: The combination of penalty='l1' and loss='hinge' is not supported, Parameters: penalty='l1', loss='hinge', dual=False

  FitFailedWarning)
/.autofs/tools/spack/opt/spack/linux-rhel7-x86_64/gcc-7.4.0/py-scikit-learn-0.22-bblye5gz3gsqwh3c4wkeqv42dnfboodc/lib/python3.6/site-packages/sklearn/model_selection/_validation.py:536: FitFailedWarning: Estimator fit failed. The score on this train-test partition for these parameters will be set to nan. Details: 
ValueError: Unsupported set of arguments: The combination of penalty='l2' and loss='hinge' are not supported when dual=False, Parameters: penalty='l2', loss='hinge', dual=False

  FitFailedWarning)
/.autofs/tools/spack/opt/spack/linux-rhel7-x86_64/gcc-7.4.0/py-scikit-learn-0.22-bblye5gz3gsqwh3c4wkeqv42dnfboodc/lib/python3.6/site-packages/sklearn/model_selection/_validation.py:536: FitFailedWarning: Estimator fit failed. The score on this train-test partition for these parameters will be set to nan. Details: 
ValueError: Unsupported set of arguments: The combination of penalty='l1' and loss='hinge' is not supported, Parameters: penalty='l1', loss='hinge', dual=True

  FitFailedWarning)
/.autofs/tools/spack/opt/spack/linux-rhel7-x86_64/gcc-7.4.0/py-scikit-learn-0.22-bblye5gz3gsqwh3c4wkeqv42dnfboodc/lib/python3.6/site-packages/sklearn/svm/_base.py:947: ConvergenceWarning: Liblinear failed to converge, increase the number of iterations.
  "the number of iterations.", ConvergenceWarning)
/.autofs/tools/spack/opt/spack/linux-rhel7-x86_64/gcc-7.4.0/py-scikit-learn-0.22-bblye5gz3gsqwh3c4wkeqv42dnfboodc/lib/python3.6/site-packages/sklearn/model_selection/_validation.py:536: FitFailedWarning: Estimator fit failed. The score on this train-test partition for these parameters will be set to nan. Details: 
ValueError: Unsupported set of arguments: The combination of penalty='l1' and loss='squared_hinge' are not supported when dual=True, Parameters: penalty='l1', loss='squared_hinge', dual=True

  FitFailedWarning)
/.autofs/tools/spack/opt/spack/linux-rhel7-x86_64/gcc-7.4.0/py-scikit-learn-0.22-bblye5gz3gsqwh3c4wkeqv42dnfboodc/lib/python3.6/site-packages/sklearn/model_selection/_validation.py:536: FitFailedWarning: Estimator fit failed. The score on this train-test partition for these parameters will be set to nan. Details: 
ValueError: Unsupported set of arguments: The combination of penalty='l1' and loss='hinge' is not supported, Parameters: penalty='l1', loss='hinge', dual=False

  FitFailedWarning)
/.autofs/tools/spack/opt/spack/linux-rhel7-x86_64/gcc-7.4.0/py-scikit-learn-0.22-bblye5gz3gsqwh3c4wkeqv42dnfboodc/lib/python3.6/site-packages/sklearn/model_selection/_validation.py:536: FitFailedWarning: Estimator fit failed. The score on this train-test partition for these parameters will be set to nan. Details: 
ValueError: Unsupported set of arguments: The combination of penalty='l2' and loss='hinge' are not supported when dual=False, Parameters: penalty='l2', loss='hinge', dual=False

  FitFailedWarning)
/.autofs/tools/spack/opt/spack/linux-rhel7-x86_64/gcc-7.4.0/py-scikit-learn-0.22-bblye5gz3gsqwh3c4wkeqv42dnfboodc/lib/python3.6/site-packages/sklearn/model_selection/_validation.py:536: FitFailedWarning: Estimator fit failed. The score on this train-test partition for these parameters will be set to nan. Details: 
ValueError: Unsupported set of arguments: The combination of penalty='l1' and loss='hinge' is not supported, Parameters: penalty='l1', loss='hinge', dual=True

  FitFailedWarning)
/.autofs/tools/spack/opt/spack/linux-rhel7-x86_64/gcc-7.4.0/py-scikit-learn-0.22-bblye5gz3gsqwh3c4wkeqv42dnfboodc/lib/python3.6/site-packages/sklearn/svm/_base.py:947: ConvergenceWarning: Liblinear failed to converge, increase the number of iterations.
  "the number of iterations.", ConvergenceWarning)
/.autofs/tools/spack/opt/spack/linux-rhel7-x86_64/gcc-7.4.0/py-scikit-learn-0.22-bblye5gz3gsqwh3c4wkeqv42dnfboodc/lib/python3.6/site-packages/sklearn/model_selection/_validation.py:536: FitFailedWarning: Estimator fit failed. The score on this train-test partition for these parameters will be set to nan. Details: 
ValueError: Unsupported set of arguments: The combination of penalty='l1' and loss='squared_hinge' are not supported when dual=True, Parameters: penalty='l1', loss='squared_hinge', dual=True

  FitFailedWarning)
/.autofs/tools/spack/opt/spack/linux-rhel7-x86_64/gcc-7.4.0/py-scikit-learn-0.22-bblye5gz3gsqwh3c4wkeqv42dnfboodc/lib/python3.6/site-packages/sklearn/model_selection/_validation.py:536: FitFailedWarning: Estimator fit failed. The score on this train-test partition for these parameters will be set to nan. Details: 
ValueError: Unsupported set of arguments: The combination of penalty='l1' and loss='hinge' is not supported, Parameters: penalty='l1', loss='hinge', dual=False

  FitFailedWarning)
/.autofs/tools/spack/opt/spack/linux-rhel7-x86_64/gcc-7.4.0/py-scikit-learn-0.22-bblye5gz3gsqwh3c4wkeqv42dnfboodc/lib/python3.6/site-packages/sklearn/model_selection/_validation.py:536: FitFailedWarning: Estimator fit failed. The score on this train-test partition for these parameters will be set to nan. Details: 
ValueError: Unsupported set of arguments: The combination of penalty='l2' and loss='hinge' are not supported when dual=False, Parameters: penalty='l2', loss='hinge', dual=False

  FitFailedWarning)
/.autofs/tools/spack/opt/spack/linux-rhel7-x86_64/gcc-7.4.0/py-scikit-learn-0.22-bblye5gz3gsqwh3c4wkeqv42dnfboodc/lib/python3.6/site-packages/sklearn/model_selection/_validation.py:536: FitFailedWarning: Estimator fit failed. The score on this train-test partition for these parameters will be set to nan. Details: 
ValueError: Unsupported set of arguments: The combination of penalty='l1' and loss='hinge' is not supported, Parameters: penalty='l1', loss='hinge', dual=True

  FitFailedWarning)
/.autofs/tools/spack/opt/spack/linux-rhel7-x86_64/gcc-7.4.0/py-scikit-learn-0.22-bblye5gz3gsqwh3c4wkeqv42dnfboodc/lib/python3.6/site-packages/sklearn/svm/_base.py:947: ConvergenceWarning: Liblinear failed to converge, increase the number of iterations.
  "the number of iterations.", ConvergenceWarning)
/.autofs/tools/spack/opt/spack/linux-rhel7-x86_64/gcc-7.4.0/py-scikit-learn-0.22-bblye5gz3gsqwh3c4wkeqv42dnfboodc/lib/python3.6/site-packages/sklearn/model_selection/_validation.py:536: FitFailedWarning: Estimator fit failed. The score on this train-test partition for these parameters will be set to nan. Details: 
ValueError: Unsupported set of arguments: The combination of penalty='l1' and loss='squared_hinge' are not supported when dual=True, Parameters: penalty='l1', loss='squared_hinge', dual=True

  FitFailedWarning)
/.autofs/tools/spack/opt/spack/linux-rhel7-x86_64/gcc-7.4.0/py-scikit-learn-0.22-bblye5gz3gsqwh3c4wkeqv42dnfboodc/lib/python3.6/site-packages/sklearn/model_selection/_validation.py:536: FitFailedWarning: Estimator fit failed. The score on this train-test partition for these parameters will be set to nan. Details: 
ValueError: Unsupported set of arguments: The combination of penalty='l1' and loss='hinge' is not supported, Parameters: penalty='l1', loss='hinge', dual=False

  FitFailedWarning)
/.autofs/tools/spack/opt/spack/linux-rhel7-x86_64/gcc-7.4.0/py-scikit-learn-0.22-bblye5gz3gsqwh3c4wkeqv42dnfboodc/lib/python3.6/site-packages/sklearn/model_selection/_validation.py:536: FitFailedWarning: Estimator fit failed. The score on this train-test partition for these parameters will be set to nan. Details: 
ValueError: Unsupported set of arguments: The combination of penalty='l2' and loss='hinge' are not supported when dual=False, Parameters: penalty='l2', loss='hinge', dual=False

  FitFailedWarning)
/.autofs/tools/spack/opt/spack/linux-rhel7-x86_64/gcc-7.4.0/py-scikit-learn-0.22-bblye5gz3gsqwh3c4wkeqv42dnfboodc/lib/python3.6/site-packages/sklearn/model_selection/_validation.py:536: FitFailedWarning: Estimator fit failed. The score on this train-test partition for these parameters will be set to nan. Details: 
ValueError: Unsupported set of arguments: The combination of penalty='l1' and loss='hinge' is not supported, Parameters: penalty='l1', loss='hinge', dual=True

  FitFailedWarning)
/.autofs/tools/spack/opt/spack/linux-rhel7-x86_64/gcc-7.4.0/py-scikit-learn-0.22-bblye5gz3gsqwh3c4wkeqv42dnfboodc/lib/python3.6/site-packages/sklearn/svm/_base.py:947: ConvergenceWarning: Liblinear failed to converge, increase the number of iterations.
  "the number of iterations.", ConvergenceWarning)
/.autofs/tools/spack/opt/spack/linux-rhel7-x86_64/gcc-7.4.0/py-scikit-learn-0.22-bblye5gz3gsqwh3c4wkeqv42dnfboodc/lib/python3.6/site-packages/sklearn/model_selection/_validation.py:536: FitFailedWarning: Estimator fit failed. The score on this train-test partition for these parameters will be set to nan. Details: 
ValueError: Unsupported set of arguments: The combination of penalty='l1' and loss='squared_hinge' are not supported when dual=True, Parameters: penalty='l1', loss='squared_hinge', dual=True

  FitFailedWarning)
/.autofs/tools/spack/opt/spack/linux-rhel7-x86_64/gcc-7.4.0/py-scikit-learn-0.22-bblye5gz3gsqwh3c4wkeqv42dnfboodc/lib/python3.6/site-packages/sklearn/model_selection/_validation.py:536: FitFailedWarning: Estimator fit failed. The score on this train-test partition for these parameters will be set to nan. Details: 
ValueError: Unsupported set of arguments: The combination of penalty='l1' and loss='hinge' is not supported, Parameters: penalty='l1', loss='hinge', dual=False

  FitFailedWarning)
/.autofs/tools/spack/opt/spack/linux-rhel7-x86_64/gcc-7.4.0/py-scikit-learn-0.22-bblye5gz3gsqwh3c4wkeqv42dnfboodc/lib/python3.6/site-packages/sklearn/model_selection/_validation.py:536: FitFailedWarning: Estimator fit failed. The score on this train-test partition for these parameters will be set to nan. Details: 
ValueError: Unsupported set of arguments: The combination of penalty='l2' and loss='hinge' are not supported when dual=False, Parameters: penalty='l2', loss='hinge', dual=False

  FitFailedWarning)
/.autofs/tools/spack/opt/spack/linux-rhel7-x86_64/gcc-7.4.0/py-scikit-learn-0.22-bblye5gz3gsqwh3c4wkeqv42dnfboodc/lib/python3.6/site-packages/sklearn/model_selection/_validation.py:536: FitFailedWarning: Estimator fit failed. The score on this train-test partition for these parameters will be set to nan. Details: 
ValueError: Unsupported set of arguments: The combination of penalty='l1' and loss='hinge' is not supported, Parameters: penalty='l1', loss='hinge', dual=True

  FitFailedWarning)
/.autofs/tools/spack/opt/spack/linux-rhel7-x86_64/gcc-7.4.0/py-scikit-learn-0.22-bblye5gz3gsqwh3c4wkeqv42dnfboodc/lib/python3.6/site-packages/sklearn/svm/_base.py:947: ConvergenceWarning: Liblinear failed to converge, increase the number of iterations.
  "the number of iterations.", ConvergenceWarning)
/.autofs/tools/spack/opt/spack/linux-rhel7-x86_64/gcc-7.4.0/py-scikit-learn-0.22-bblye5gz3gsqwh3c4wkeqv42dnfboodc/lib/python3.6/site-packages/sklearn/model_selection/_validation.py:536: FitFailedWarning: Estimator fit failed. The score on this train-test partition for these parameters will be set to nan. Details: 
ValueError: Unsupported set of arguments: The combination of penalty='l1' and loss='squared_hinge' are not supported when dual=True, Parameters: penalty='l1', loss='squared_hinge', dual=True

  FitFailedWarning)
/.autofs/tools/spack/opt/spack/linux-rhel7-x86_64/gcc-7.4.0/py-scikit-learn-0.22-bblye5gz3gsqwh3c4wkeqv42dnfboodc/lib/python3.6/site-packages/sklearn/model_selection/_validation.py:536: FitFailedWarning: Estimator fit failed. The score on this train-test partition for these parameters will be set to nan. Details: 
ValueError: Unsupported set of arguments: The combination of penalty='l1' and loss='hinge' is not supported, Parameters: penalty='l1', loss='hinge', dual=False

  FitFailedWarning)
/.autofs/tools/spack/opt/spack/linux-rhel7-x86_64/gcc-7.4.0/py-scikit-learn-0.22-bblye5gz3gsqwh3c4wkeqv42dnfboodc/lib/python3.6/site-packages/sklearn/model_selection/_validation.py:536: FitFailedWarning: Estimator fit failed. The score on this train-test partition for these parameters will be set to nan. Details: 
ValueError: Unsupported set of arguments: The combination of penalty='l2' and loss='hinge' are not supported when dual=False, Parameters: penalty='l2', loss='hinge', dual=False

  FitFailedWarning)
/.autofs/tools/spack/opt/spack/linux-rhel7-x86_64/gcc-7.4.0/py-scikit-learn-0.22-bblye5gz3gsqwh3c4wkeqv42dnfboodc/lib/python3.6/site-packages/sklearn/model_selection/_validation.py:536: FitFailedWarning: Estimator fit failed. The score on this train-test partition for these parameters will be set to nan. Details: 
ValueError: Unsupported set of arguments: The combination of penalty='l1' and loss='hinge' is not supported, Parameters: penalty='l1', loss='hinge', dual=True

  FitFailedWarning)
/.autofs/tools/spack/opt/spack/linux-rhel7-x86_64/gcc-7.4.0/py-scikit-learn-0.22-bblye5gz3gsqwh3c4wkeqv42dnfboodc/lib/python3.6/site-packages/sklearn/svm/_base.py:947: ConvergenceWarning: Liblinear failed to converge, increase the number of iterations.
  "the number of iterations.", ConvergenceWarning)
/.autofs/tools/spack/opt/spack/linux-rhel7-x86_64/gcc-7.4.0/py-scikit-learn-0.22-bblye5gz3gsqwh3c4wkeqv42dnfboodc/lib/python3.6/site-packages/sklearn/model_selection/_validation.py:536: FitFailedWarning: Estimator fit failed. The score on this train-test partition for these parameters will be set to nan. Details: 
ValueError: Unsupported set of arguments: The combination of penalty='l1' and loss='squared_hinge' are not supported when dual=True, Parameters: penalty='l1', loss='squared_hinge', dual=True

  FitFailedWarning)
/.autofs/tools/spack/opt/spack/linux-rhel7-x86_64/gcc-7.4.0/py-scikit-learn-0.22-bblye5gz3gsqwh3c4wkeqv42dnfboodc/lib/python3.6/site-packages/sklearn/model_selection/_validation.py:536: FitFailedWarning: Estimator fit failed. The score on this train-test partition for these parameters will be set to nan. Details: 
ValueError: Unsupported set of arguments: The combination of penalty='l1' and loss='hinge' is not supported, Parameters: penalty='l1', loss='hinge', dual=False

  FitFailedWarning)
/.autofs/tools/spack/opt/spack/linux-rhel7-x86_64/gcc-7.4.0/py-scikit-learn-0.22-bblye5gz3gsqwh3c4wkeqv42dnfboodc/lib/python3.6/site-packages/sklearn/model_selection/_validation.py:536: FitFailedWarning: Estimator fit failed. The score on this train-test partition for these parameters will be set to nan. Details: 
ValueError: Unsupported set of arguments: The combination of penalty='l2' and loss='hinge' are not supported when dual=False, Parameters: penalty='l2', loss='hinge', dual=False

  FitFailedWarning)
/.autofs/tools/spack/opt/spack/linux-rhel7-x86_64/gcc-7.4.0/py-scikit-learn-0.22-bblye5gz3gsqwh3c4wkeqv42dnfboodc/lib/python3.6/site-packages/sklearn/model_selection/_validation.py:536: FitFailedWarning: Estimator fit failed. The score on this train-test partition for these parameters will be set to nan. Details: 
ValueError: Unsupported set of arguments: The combination of penalty='l1' and loss='hinge' is not supported, Parameters: penalty='l1', loss='hinge', dual=True

  FitFailedWarning)
/.autofs/tools/spack/opt/spack/linux-rhel7-x86_64/gcc-7.4.0/py-scikit-learn-0.22-bblye5gz3gsqwh3c4wkeqv42dnfboodc/lib/python3.6/site-packages/sklearn/svm/_base.py:947: ConvergenceWarning: Liblinear failed to converge, increase the number of iterations.
  "the number of iterations.", ConvergenceWarning)
/.autofs/tools/spack/opt/spack/linux-rhel7-x86_64/gcc-7.4.0/py-scikit-learn-0.22-bblye5gz3gsqwh3c4wkeqv42dnfboodc/lib/python3.6/site-packages/sklearn/model_selection/_validation.py:536: FitFailedWarning: Estimator fit failed. The score on this train-test partition for these parameters will be set to nan. Details: 
ValueError: Unsupported set of arguments: The combination of penalty='l1' and loss='squared_hinge' are not supported when dual=True, Parameters: penalty='l1', loss='squared_hinge', dual=True

  FitFailedWarning)
/.autofs/tools/spack/opt/spack/linux-rhel7-x86_64/gcc-7.4.0/py-scikit-learn-0.22-bblye5gz3gsqwh3c4wkeqv42dnfboodc/lib/python3.6/site-packages/sklearn/model_selection/_validation.py:536: FitFailedWarning: Estimator fit failed. The score on this train-test partition for these parameters will be set to nan. Details: 
ValueError: Unsupported set of arguments: The combination of penalty='l1' and loss='hinge' is not supported, Parameters: penalty='l1', loss='hinge', dual=False

  FitFailedWarning)
/.autofs/tools/spack/opt/spack/linux-rhel7-x86_64/gcc-7.4.0/py-scikit-learn-0.22-bblye5gz3gsqwh3c4wkeqv42dnfboodc/lib/python3.6/site-packages/sklearn/model_selection/_validation.py:536: FitFailedWarning: Estimator fit failed. The score on this train-test partition for these parameters will be set to nan. Details: 
ValueError: Unsupported set of arguments: The combination of penalty='l2' and loss='hinge' are not supported when dual=False, Parameters: penalty='l2', loss='hinge', dual=False

  FitFailedWarning)
/.autofs/tools/spack/opt/spack/linux-rhel7-x86_64/gcc-7.4.0/py-scikit-learn-0.22-bblye5gz3gsqwh3c4wkeqv42dnfboodc/lib/python3.6/site-packages/sklearn/model_selection/_validation.py:536: FitFailedWarning: Estimator fit failed. The score on this train-test partition for these parameters will be set to nan. Details: 
ValueError: Unsupported set of arguments: The combination of penalty='l1' and loss='hinge' is not supported, Parameters: penalty='l1', loss='hinge', dual=True

  FitFailedWarning)
/.autofs/tools/spack/opt/spack/linux-rhel7-x86_64/gcc-7.4.0/py-scikit-learn-0.22-bblye5gz3gsqwh3c4wkeqv42dnfboodc/lib/python3.6/site-packages/sklearn/svm/_base.py:947: ConvergenceWarning: Liblinear failed to converge, increase the number of iterations.
  "the number of iterations.", ConvergenceWarning)
/.autofs/tools/spack/opt/spack/linux-rhel7-x86_64/gcc-7.4.0/py-scikit-learn-0.22-bblye5gz3gsqwh3c4wkeqv42dnfboodc/lib/python3.6/site-packages/sklearn/model_selection/_validation.py:536: FitFailedWarning: Estimator fit failed. The score on this train-test partition for these parameters will be set to nan. Details: 
ValueError: Unsupported set of arguments: The combination of penalty='l1' and loss='squared_hinge' are not supported when dual=True, Parameters: penalty='l1', loss='squared_hinge', dual=True

  FitFailedWarning)
/.autofs/tools/spack/opt/spack/linux-rhel7-x86_64/gcc-7.4.0/py-scikit-learn-0.22-bblye5gz3gsqwh3c4wkeqv42dnfboodc/lib/python3.6/site-packages/sklearn/model_selection/_validation.py:536: FitFailedWarning: Estimator fit failed. The score on this train-test partition for these parameters will be set to nan. Details: 
ValueError: Unsupported set of arguments: The combination of penalty='l1' and loss='hinge' is not supported, Parameters: penalty='l1', loss='hinge', dual=False

  FitFailedWarning)
/.autofs/tools/spack/opt/spack/linux-rhel7-x86_64/gcc-7.4.0/py-scikit-learn-0.22-bblye5gz3gsqwh3c4wkeqv42dnfboodc/lib/python3.6/site-packages/sklearn/model_selection/_validation.py:536: FitFailedWarning: Estimator fit failed. The score on this train-test partition for these parameters will be set to nan. Details: 
ValueError: Unsupported set of arguments: The combination of penalty='l2' and loss='hinge' are not supported when dual=False, Parameters: penalty='l2', loss='hinge', dual=False

  FitFailedWarning)

real	1141m51.615s
user	15678m12.487s
sys	23m15.436s
/.autofs/tools/spack/opt/spack/linux-rhel7-x86_64/gcc-7.4.0/py-scikit-learn-0.22-bblye5gz3gsqwh3c4wkeqv42dnfboodc/lib/python3.6/site-packages/sklearn/externals/joblib/__init__.py:15: FutureWarning: sklearn.externals.joblib is deprecated in 0.21 and will be removed in 0.23. Please import this functionality directly from joblib, which can be installed with: pip install joblib. If this warning is raised when loading pickled models, you may need to re-serialize those models with scikit-learn 0.21+.
  warnings.warn(msg, category=FutureWarning)
[Parallel(n_jobs=-1)]: Using backend LokyBackend with 16 concurrent workers.
slurmstepd: error: *** JOB 11752698 ON theocho CANCELLED AT 2020-03-31T12:20:34 DUE TO TIME LIMIT ***
