Namespace(append_hosts=True, append_states=True, command='test', dataset='./data/CPTC2018.csv', ignore_singles=True, model_type='lsvc', target='tactics', trial_prefix='trial08')
Read 261 data points from './data/CPTC2018.csv'.
Fitting 10 folds for each of 82944 candidates, totalling 829440 fits
Best Score for LinearSVC:
    0.8071895424836601
Best Parameters for LinearSVC:
    clf__dual: False
    clf__fit_intercept: True
    clf__loss: squared_hinge
    clf__max_iter: 1000
    clf__multi_class: ovr
    clf__penalty: l1
    clf__tol: 0.0001
    tfidf__use_idf: False
    vect__analyzer: word
    vect__lowercase: True
    vect__ngram_range: (1, 2)
    vect__stop_words: None
    vect__strip_accents: None
                                                        precision    recall  f1-score   support

                                            Collection       0.00      0.00      0.00         1
                         Collection, Credential Access       0.50      1.00      0.67         1
                                     Credential Access       0.00      0.00      0.00         1
                     Credential Access, Initial Access       0.00      0.00      0.00         1
                   Credential Access, Lateral Movement       1.00      1.00      1.00        10
 Credential Access, Lateral Movement, Lateral Movement       0.80      1.00      0.89         8
Credential Access, Lateral Movement, Lateral Movement,       0.00      0.00      0.00         1
                                             Discovery       1.00      0.98      0.99        43
                           Execution, Lateral Movement       1.00      1.00      1.00         2
                                        Initial Access       0.00      0.00      0.00         2
                                      Lateral Movement       0.71      1.00      0.83         5
                    Lateral Movement, Lateral Movement       0.00      0.00      0.00         1
                                           Persistence       0.00      0.00      0.00         2
                                            Pre-Attack       0.70      1.00      0.82         7
                     Privilege Escalation, Persistence       0.00      0.00      0.00         0

                                              accuracy                           0.88        85
                                             macro avg       0.38      0.47      0.41        85
                                          weighted avg       0.83      0.88      0.85        85

