Namespace(append_hosts=True, append_states=True, command='test', dataset='./data/CPTC2018.csv', ignore_singles=True, model_type='nb', target='techniques', trial_prefix='trial08')
Read 261 data points from './data/CPTC2018.csv'.
Fitting 10 folds for each of 6048 candidates, totalling 60480 fits
Best Score for MultinomialNB:
    0.7724264705882353
Best Parameters for MultinomialNB:
    clf__alpha: 0.1
    clf__fit_prior: True
    tfidf__use_idf: True
    vect__analyzer: word
    vect__lowercase: True
    vect__ngram_range: (2, 2)
    vect__stop_words: english
    vect__strip_accents: None
                                                                    precision    recall  f1-score   support

                                      Brute Force, Remote Services       0.50      0.67      0.57         6
                                       Brute Force, Valid Accounts       0.00      0.00      0.00         2
                      Brute Force, Valid Accounts, Remote Services       0.82      0.90      0.86        10
                                                    Create Account       0.00      0.00      0.00         1
                                               Drive-by Compromise       0.00      0.00      0.00         1
Execution for Client Exploitation, Exploitation of Remote Services       0.00      0.00      0.00         1
Execution for client exploitation, Exploitation of Remote Services       0.00      0.00      0.00         1
       Exploitation for Privilege Escalation, Account Manipulation       0.00      0.00      0.00         0
                                   Exploitation of Remote Services       0.00      0.00      0.00         1
                                          Network Service Scanning       0.73      0.94      0.82        32
             Network Service Scanning, Security Software Discovery       0.00      0.00      0.00         3
                                                        Pre-Attack       0.64      1.00      0.78         7
                                                 Process Discovery       0.00      0.00      0.00         2
                                           Remote Desktop Protocol       1.00      0.33      0.50         3
                                                  Remote File Copy       0.00      0.00      0.00         1
                                                   Remote Services       1.00      0.50      0.67         2
                                   Remote Services, Create Account       0.00      0.00      0.00         1
                                                    Valid Accounts       0.00      0.00      0.00         2
                                   Valid Accounts, Remote Services       0.75      1.00      0.86         6

                                                          accuracy                           0.71        82
                                                         macro avg       0.29      0.28      0.27        82
                                                      weighted avg       0.59      0.71      0.63        82

