Read 261 data points from '/home/bsm9339/mitre-attack-mapper/data/CPTC2018.csv'.
Fitting 10 folds for each of 41472 candidates, totalling 414720 fits
Best Score for LinearSVC:
    0.7
Best Parameters for LinearSVC:
    clf__dual: True
    clf__fit_intercept: True
    clf__loss: hinge
    clf__max_iter: 1000
    clf__multi_class: crammer_singer
    clf__penalty: l1
    clf__tol: 0.1
    tfidf__use_idf: True
    vect__analyzer: word
    vect__lowercase: True
    vect__ngram_range: (1, 1)
    vect__stop_words: None
    vect__strip_accents: None
                                                        precision    recall  f1-score   support

                                            Collection       0.00      0.00      0.00         1
                         Collection, Credential Access       1.00      0.50      0.67         2
                     Credential Access, Initial Access       0.00      0.00      0.00         1
                   Credential Access, Lateral Movement       0.43      0.43      0.43         7
 Credential Access, Lateral Movement, Lateral Movement       0.78      0.78      0.78         9
Credential Access, Lateral Movement, Lateral Movement,       0.00      0.00      0.00         2
                                             Discovery       0.64      0.88      0.74        33
                                  Discovery, Discovery       0.00      0.00      0.00         3
                                             Execution       0.00      0.00      0.00         0
                           Execution, Lateral Movement       1.00      0.25      0.40         4
                                      Lateral Movement       0.67      0.50      0.57         8
                    Lateral Movement, Lateral Movement       0.00      0.00      0.00         1
                         Lateral Movement, Persistence       0.00      0.00      0.00         2
                                           Persistence       0.00      0.00      0.00         2
                                            Pre-Attack       0.67      0.67      0.67         9
                                  Privilege Escalation       0.00      0.00      0.00         1
                     Privilege Escalation, Persistence       1.00      1.00      1.00         2

                                              accuracy                           0.61        87
                                             macro avg       0.36      0.29      0.31        87
                                          weighted avg       0.58      0.61      0.58        87

