Read 261 data points from '/home/bsm9339/mitre-attack-mapper/data/CPTC2018.csv'.
Fitting 10 folds for each of 3024 candidates, totalling 30240 fits
Best Score for MultinomialNB:
    0.6728758169934641
Best Parameters for MultinomialNB:
    clf__alpha: 0.05
    clf__fit_prior: True
    tfidf__use_idf: True
    vect__analyzer: word
    vect__lowercase: False
    vect__ngram_range: (1, 1)
    vect__stop_words: None
    vect__strip_accents: None
                                                        precision    recall  f1-score   support

                         Collection, Credential Access       0.50      0.50      0.50         2
                                     Credential Access       0.00      0.00      0.00         1
                     Credential Access, Initial Access       0.00      0.00      0.00         2
                   Credential Access, Lateral Movement       0.50      0.57      0.53         7
 Credential Access, Lateral Movement, Lateral Movement       0.86      0.60      0.71        10
Credential Access, Lateral Movement, Lateral Movement,       0.00      0.00      0.00         1
                                             Discovery       0.74      0.86      0.80        37
                                  Discovery, Discovery       0.00      0.00      0.00         1
                                             Execution       0.00      0.00      0.00         1
                           Execution, Lateral Movement       1.00      0.50      0.67         4
                                        Initial Access       0.00      0.00      0.00         0
                                      Lateral Movement       0.50      0.50      0.50         6
                    Lateral Movement, Lateral Movement       0.00      0.00      0.00         2
                                           Persistence       0.00      0.00      0.00         1
                                            Pre-Attack       0.35      0.75      0.48         8
                                  Privilege Escalation       0.00      0.00      0.00         2
                     Privilege Escalation, Persistence       0.00      0.00      0.00         2

                                              accuracy                           0.62        87
                                             macro avg       0.26      0.25      0.25        87
                                          weighted avg       0.58      0.62      0.59        87

