Read 261 data points from '/home/bsm9339/mitre-attack-mapper/data/CPTC2018.csv'.
Fitting 10 folds for each of 3024 candidates, totalling 30240 fits
Best Score for MultinomialNB:
    0.6954248366013072
Best Parameters for MultinomialNB:
    clf__alpha: 0.01
    clf__fit_prior: True
    tfidf__use_idf: True
    vect__analyzer: word
    vect__lowercase: True
    vect__ngram_range: (1, 1)
    vect__stop_words: english
    vect__strip_accents: None
                                                                       precision    recall  f1-score   support

                             Automated Collection, Credential Dumping       0.50      1.00      0.67         1
                                         Brute Force, Remote Services       0.50      0.62      0.56         8
                                          Brute Force, Valid Accounts       0.00      0.00      0.00         0
                         Brute Force, Valid Accounts, Remote Services       0.89      0.62      0.73        13
                                        Collection, Credential Access       0.00      0.00      0.00         1
                                   Data from Information Repositories       0.00      0.00      0.00         1
                                                  Drive-by Compromise       1.00      1.00      1.00         1
   Execution for client exploitation, Exploitation of Remote Services       0.00      0.00      0.00         1
                                Exploitation for Privilege Escalation       0.00      0.00      0.00         0
                                      Exploitation of Remote Services       0.00      0.00      0.00         2
Exploitation of Remote Services, Exploitation for Privlege Escalation       0.00      0.00      0.00         1
                                     File System Permissions Weakness       0.00      0.00      0.00         1
                                             Network Service Scanning       0.82      0.94      0.87        33
                Network Service Scanning, Security Software Discovery       1.00      0.40      0.57         5
                                              Network Share Discovery       0.00      0.00      0.00         2
                                                           Pre-Attack       0.46      0.75      0.57         8
                                                    Process Discovery       1.00      1.00      1.00         1
                                              Remote Desktop Protocol       1.00      1.00      1.00         1
                                                     Remote File Copy       0.00      0.00      0.00         2
                                                      Remote Services       0.00      0.00      0.00         0
                                      Remote Services, Create Account       0.00      0.00      0.00         0
                                                       Valid Accounts       0.00      0.00      0.00         1
                                      Valid Accounts, Remote Services       0.67      0.50      0.57         4

                                                             accuracy                           0.67        87
                                                            macro avg       0.34      0.34      0.33        87
                                                         weighted avg       0.66      0.67      0.64        87

