Read 261 data points from './data/CPTC2018.csv'.
Fitting 10 folds for each of 82944 candidates, totalling 829440 fits
Best Score for LinearSVC:
    0.7928104575163399
Best Parameters for LinearSVC:
    clf__dual: False
    clf__fit_intercept: True
    clf__loss: squared_hinge
    clf__max_iter: 1000
    clf__multi_class: ovr
    clf__penalty: l1
    clf__tol: 0.1
    tfidf__use_idf: False
    vect__analyzer: word
    vect__lowercase: True
    vect__ngram_range: (1, 3)
    vect__stop_words: None
    vect__strip_accents: None
                                                        precision    recall  f1-score   support

                                            Collection       0.00      0.00      0.00         1
                     Credential Access, Initial Access       0.00      0.00      0.00         1
                   Credential Access, Lateral Movement       1.00      1.00      1.00         7
 Credential Access, Lateral Movement, Lateral Movement       0.82      0.90      0.86        10
Credential Access, Lateral Movement, Lateral Movement,       0.00      0.00      0.00         1
                                             Discovery       0.87      0.98      0.92        42
                                             Execution       0.00      0.00      0.00         1
                           Execution, Lateral Movement       1.00      1.00      1.00         2
                                        Initial Access       0.00      0.00      0.00         2
                                      Lateral Movement       0.56      0.83      0.67         6
                    Lateral Movement, Lateral Movement       0.00      0.00      0.00         1
                         Lateral Movement, Persistence       0.00      0.00      0.00         1
                                            Pre-Attack       0.91      1.00      0.95        10
                                  Privilege Escalation       0.00      0.00      0.00         2

                                              accuracy                           0.85        87
                                             macro avg       0.37      0.41      0.39        87
                                          weighted avg       0.76      0.85      0.80        87

